#
# There is insufficient memory for the Java Runtime Environment to continue.
# Native memory allocation (malloc) failed to allocate 1477536 bytes. Error detail: Chunk::new
# Possible reasons:
#   The system is out of physical RAM or swap space
#   This process is running with CompressedOops enabled, and the Java Heap may be blocking the growth of the native heap
# Possible solutions:
#   Reduce memory load on the system
#   Increase physical memory or swap space
#   Check if swap backing store is full
#   Decrease Java heap size (-Xmx/-Xms)
#   Decrease number of Java threads
#   Decrease Java thread stack sizes (-Xss)
#   Set larger code cache with -XX:ReservedCodeCacheSize=
#   JVM is running with Zero Based Compressed Oops mode in which the Java heap is
#     placed in the first 32GB address space. The Java Heap base address is the
#     maximum limit for the native heap growth. Please use -XX:HeapBaseMinAddress
#     to set the Java Heap base and to place the Java Heap above 32GB virtual address.
# This output file may be truncated or incomplete.
#
#  Out of Memory Error (arena.cpp:168), pid=46372, tid=45908
#
# JRE version: OpenJDK Runtime Environment Temurin-21.0.8+9 (21.0.8+9) (build 21.0.8+9-LTS)
# Java VM: OpenJDK 64-Bit Server VM Temurin-21.0.8+9 (21.0.8+9-LTS, mixed mode, sharing, tiered, compressed oops, compressed class ptrs, g1 gc, windows-amd64)
# No core dump will be written. Minidumps are not enabled by default on client versions of Windows
#

---------------  S U M M A R Y ------------

Command Line: --add-modules=ALL-SYSTEM --add-opens=java.base/java.util=ALL-UNNAMED --add-opens=java.base/java.lang=ALL-UNNAMED --add-opens=java.base/sun.nio.fs=ALL-UNNAMED -Declipse.application=org.eclipse.jdt.ls.core.id1 -Dosgi.bundles.defaultStartLevel=4 -Declipse.product=org.eclipse.jdt.ls.core.product -Djava.import.generatesMetadataFilesAtProjectRoot=false -DDetectVMInstallationsJob.disabled=true -Dfile.encoding=utf8 -Xlog:disable -Xmx6G -javaagent:c:\Users\khoi van\.vscode\extensions\redhat.java-1.44.0-win32-x64\lombok\lombok-1.18.39-4050.jar c:\Users\khoi van\.vscode\extensions\redhat.java-1.44.0-win32-x64\server\plugins\org.eclipse.equinox.launcher_1.7.0.v20250519-0528.jar -configuration c:\Users\khoi van\AppData\Roaming\Code\User\globalStorage\redhat.java\1.44.0\config_ss_win -data c:\Users\khoi van\AppData\Roaming\Code\User\workspaceStorage\8d4484f3ca12837ad4209da0b6ca0ea4\redhat.java\ss_ws --pipe=\\.\pipe\lsp-502329724969ffb7d67ff1dc2484ab8a-sock

Host: 12th Gen Intel(R) Core(TM) i5-12450HX, 12 cores, 15G,  Windows 11 , 64 bit Build 26100 (10.0.26100.4768)
Time: Tue Sep  2 12:57:03 2025 SE Asia Standard Time elapsed time: 10.066838 seconds (0d 0h 0m 10s)

---------------  T H R E A D  ---------------

Current thread (0x000001ff8bacaa70):  JavaThread "C2 CompilerThread1" daemon [_thread_in_native, id=45908, stack(0x000000388da00000,0x000000388db00000) (1024K)]


Current CompileTask:
C2:10067 5905       4       org.eclipse.jdt.internal.compiler.lookup.BinaryTypeBinding::createMethod (1666 bytes)

Stack: [0x000000388da00000,0x000000388db00000]
Native frames: (J=compiled Java code, j=interpreted, Vv=VM code, C=native code)
V  [jvm.dll+0x6d2449]
V  [jvm.dll+0x8ae341]
V  [jvm.dll+0x8b08be]
V  [jvm.dll+0x8b0fa3]
V  [jvm.dll+0x280c96]
V  [jvm.dll+0xc581d]
V  [jvm.dll+0xc5d53]
V  [jvm.dll+0x2f539d]
V  [jvm.dll+0x5fa00a]
V  [jvm.dll+0x252092]
V  [jvm.dll+0x25244f]
V  [jvm.dll+0x24ad14]
V  [jvm.dll+0x2483a4]
V  [jvm.dll+0x1c89ee]
V  [jvm.dll+0x257d4d]
V  [jvm.dll+0x2562ea]
V  [jvm.dll+0x3f2d16]
V  [jvm.dll+0x857e6b]
V  [jvm.dll+0x6d0b0d]
C  [ucrtbase.dll+0x37b0]
C  [KERNEL32.DLL+0x2e8d7]
C  [ntdll.dll+0x3c34c]


---------------  P R O C E S S  ---------------

Threads class SMR info:
_java_thread_list=0x000001ff8d88d090, length=38, elements={
0x000001ff28dcea40, 0x000001ff4540a150, 0x000001ff4540b710, 0x000001ff4540e610,
0x000001ff4540f410, 0x000001ff45415d00, 0x000001ff45418030, 0x000001ff45448d70,
0x000001ff45449c10, 0x000001ff45a7b310, 0x000001ff45cedb40, 0x000001ff8bd01480,
0x000001ff8b81c0d0, 0x000001ff8b7c7d10, 0x000001ff8b831a30, 0x000001ff8bc998e0,
0x000001ff8bc000a0, 0x000001ff8bc00ba0, 0x000001ff8bd46200, 0x000001ff8bd45b70,
0x000001ff8bd447c0, 0x000001ff8bd43410, 0x000001ff8bd42d80, 0x000001ff8bd44e50,
0x000001ff8bd454e0, 0x000001ff8bd43aa0, 0x000001ff8bd44130, 0x000001ff8daeac90,
0x000001ff8dae9250, 0x000001ff8dae9f70, 0x000001ff8dae7ea0, 0x000001ff8dae8530,
0x000001ff8dae8bc0, 0x000001ff8daea600, 0x000001ff8daeb320, 0x000001ff8dae98e0,
0x000001ff8bacaa70, 0x000001ff8bacb140
}

Java Threads: ( => current thread )
  0x000001ff28dcea40 JavaThread "main"                              [_thread_blocked, id=46600, stack(0x000000388c900000,0x000000388ca00000) (1024K)]
  0x000001ff4540a150 JavaThread "Reference Handler"          daemon [_thread_blocked, id=7884, stack(0x000000388d100000,0x000000388d200000) (1024K)]
  0x000001ff4540b710 JavaThread "Finalizer"                  daemon [_thread_blocked, id=46536, stack(0x000000388d200000,0x000000388d300000) (1024K)]
  0x000001ff4540e610 JavaThread "Signal Dispatcher"          daemon [_thread_blocked, id=15668, stack(0x000000388d300000,0x000000388d400000) (1024K)]
  0x000001ff4540f410 JavaThread "Attach Listener"            daemon [_thread_blocked, id=33984, stack(0x000000388d400000,0x000000388d500000) (1024K)]
  0x000001ff45415d00 JavaThread "Service Thread"             daemon [_thread_blocked, id=25536, stack(0x000000388d500000,0x000000388d600000) (1024K)]
  0x000001ff45418030 JavaThread "Monitor Deflation Thread"   daemon [_thread_blocked, id=47068, stack(0x000000388d600000,0x000000388d700000) (1024K)]
  0x000001ff45448d70 JavaThread "C2 CompilerThread0"         daemon [_thread_in_native, id=20140, stack(0x000000388d700000,0x000000388d800000) (1024K)]
  0x000001ff45449c10 JavaThread "C1 CompilerThread0"         daemon [_thread_in_native, id=17912, stack(0x000000388d800000,0x000000388d900000) (1024K)]
  0x000001ff45a7b310 JavaThread "Common-Cleaner"             daemon [_thread_blocked, id=27244, stack(0x000000388d900000,0x000000388da00000) (1024K)]
  0x000001ff45cedb40 JavaThread "Notification Thread"        daemon [_thread_blocked, id=21140, stack(0x000000388dc00000,0x000000388dd00000) (1024K)]
  0x000001ff8bd01480 JavaThread "Active Thread: Equinox Container: 731e4e4b-f553-40e0-aace-9677e290ef9a"        [_thread_blocked, id=46068, stack(0x000000388e200000,0x000000388e300000) (1024K)]
  0x000001ff8b81c0d0 JavaThread "Framework Event Dispatcher: Equinox Container: 731e4e4b-f553-40e0-aace-9677e290ef9a" daemon [_thread_blocked, id=44856, stack(0x000000388e300000,0x000000388e400000) (1024K)]
  0x000001ff8b7c7d10 JavaThread "Start Level: Equinox Container: 731e4e4b-f553-40e0-aace-9677e290ef9a" daemon [_thread_blocked, id=40844, stack(0x000000388e600000,0x000000388e700000) (1024K)]
  0x000001ff8b831a30 JavaThread "SCR Component Actor"        daemon [_thread_blocked, id=42468, stack(0x000000388e700000,0x000000388e800000) (1024K)]
  0x000001ff8bc998e0 JavaThread "Worker-JM"                         [_thread_blocked, id=43480, stack(0x000000388e900000,0x000000388ea00000) (1024K)]
  0x000001ff8bc000a0 JavaThread "JNA Cleaner"                daemon [_thread_blocked, id=36716, stack(0x000000388ea00000,0x000000388eb00000) (1024K)]
  0x000001ff8bc00ba0 JavaThread "Worker-0"                          [_thread_blocked, id=42328, stack(0x000000388eb00000,0x000000388ec00000) (1024K)]
  0x000001ff8bd46200 JavaThread "Worker-1"                          [_thread_blocked, id=32284, stack(0x000000388ec00000,0x000000388ed00000) (1024K)]
  0x000001ff8bd45b70 JavaThread "Thread-2"                   daemon [_thread_in_native, id=41348, stack(0x000000388f300000,0x000000388f400000) (1024K)]
  0x000001ff8bd447c0 JavaThread "Thread-3"                   daemon [_thread_in_native, id=27924, stack(0x000000388f400000,0x000000388f500000) (1024K)]
  0x000001ff8bd43410 JavaThread "Thread-4"                   daemon [_thread_in_native, id=16684, stack(0x000000388f500000,0x000000388f600000) (1024K)]
  0x000001ff8bd42d80 JavaThread "Thread-5"                   daemon [_thread_in_native, id=45664, stack(0x000000388f600000,0x000000388f700000) (1024K)]
  0x000001ff8bd44e50 JavaThread "Thread-6"                   daemon [_thread_in_native, id=44968, stack(0x000000388f700000,0x000000388f800000) (1024K)]
  0x000001ff8bd454e0 JavaThread "Thread-7"                   daemon [_thread_in_native, id=19888, stack(0x000000388f800000,0x000000388f900000) (1024K)]
  0x000001ff8bd43aa0 JavaThread "Thread-8"                   daemon [_thread_in_native, id=40388, stack(0x000000388f900000,0x000000388fa00000) (1024K)]
  0x000001ff8bd44130 JavaThread "Thread-9"                   daemon [_thread_in_native, id=30620, stack(0x000000388fa00000,0x000000388fb00000) (1024K)]
  0x000001ff8daeac90 JavaThread "Thread-10"                  daemon [_thread_in_native, id=33828, stack(0x000000388fb00000,0x000000388fc00000) (1024K)]
  0x000001ff8dae9250 JavaThread "Thread-11"                  daemon [_thread_in_native, id=20484, stack(0x000000388fc00000,0x000000388fd00000) (1024K)]
  0x000001ff8dae9f70 JavaThread "Thread-12"                  daemon [_thread_in_native, id=6824, stack(0x000000388fd00000,0x000000388fe00000) (1024K)]
  0x000001ff8dae7ea0 JavaThread "Thread-13"                  daemon [_thread_in_native, id=15536, stack(0x000000388fe00000,0x000000388ff00000) (1024K)]
  0x000001ff8dae8530 JavaThread "Thread-14"                  daemon [_thread_in_native, id=45160, stack(0x000000388ff00000,0x0000003890000000) (1024K)]
  0x000001ff8dae8bc0 JavaThread "pool-2-thread-1"                   [_thread_blocked, id=45104, stack(0x0000003890000000,0x0000003890100000) (1024K)]
  0x000001ff8daea600 JavaThread "Worker-2: Publish Diagnostics"        [_thread_in_Java, id=47008, stack(0x0000003890100000,0x0000003890200000) (1024K)]
  0x000001ff8daeb320 JavaThread "WorkspaceEventsHandler"            [_thread_blocked, id=960, stack(0x0000003890200000,0x0000003890300000) (1024K)]
  0x000001ff8dae98e0 JavaThread "pool-1-thread-1"                   [_thread_blocked, id=46680, stack(0x0000003890300000,0x0000003890400000) (1024K)]
=>0x000001ff8bacaa70 JavaThread "C2 CompilerThread1"         daemon [_thread_in_native, id=45908, stack(0x000000388da00000,0x000000388db00000) (1024K)]
  0x000001ff8bacb140 JavaThread "C2 CompilerThread2"         daemon [_thread_in_native, id=39624, stack(0x000000388e800000,0x000000388e900000) (1024K)]
Total: 38

Other Threads:
  0x000001ff26a4bae0 VMThread "VM Thread"                           [id=45436, stack(0x000000388d000000,0x000000388d100000) (1024K)]
  0x000001ff453dc1f0 WatcherThread "VM Periodic Task Thread"        [id=46420, stack(0x000000388cf00000,0x000000388d000000) (1024K)]
  0x000001ff26a4b740 WorkerThread "GC Thread#0"                     [id=46864, stack(0x000000388ca00000,0x000000388cb00000) (1024K)]
  0x000001ff26a4b000 WorkerThread "GC Thread#1"                     [id=41768, stack(0x000000388dd00000,0x000000388de00000) (1024K)]
  0x000001ff26a4be80 WorkerThread "GC Thread#2"                     [id=45960, stack(0x000000388de00000,0x000000388df00000) (1024K)]
  0x000001ff8b39d690 WorkerThread "GC Thread#3"                     [id=44380, stack(0x000000388df00000,0x000000388e000000) (1024K)]
  0x000001ff8b39c470 WorkerThread "GC Thread#4"                     [id=46968, stack(0x000000388e000000,0x000000388e100000) (1024K)]
  0x000001ff8b39eff0 WorkerThread "GC Thread#5"                     [id=47060, stack(0x000000388e100000,0x000000388e200000) (1024K)]
  0x000001ff8b39da30 WorkerThread "GC Thread#6"                     [id=36168, stack(0x000000388e400000,0x000000388e500000) (1024K)]
  0x000001ff8b39d2f0 WorkerThread "GC Thread#7"                     [id=11700, stack(0x000000388e500000,0x000000388e600000) (1024K)]
  0x000001ff8b39ec50 WorkerThread "GC Thread#8"                     [id=45180, stack(0x000000388db00000,0x000000388dc00000) (1024K)]
  0x000001ff8b39cbb0 WorkerThread "GC Thread#9"                     [id=21928, stack(0x000000388ed00000,0x000000388ee00000) (1024K)]
  0x000001ff28e61cf0 ConcurrentGCThread "G1 Main Marker"            [id=46500, stack(0x000000388cb00000,0x000000388cc00000) (1024K)]
  0x000001ff26a4ac60 WorkerThread "G1 Conc#0"                       [id=46548, stack(0x000000388cc00000,0x000000388cd00000) (1024K)]
  0x000001ff8b39cf50 WorkerThread "G1 Conc#1"                       [id=30520, stack(0x000000388ee00000,0x000000388ef00000) (1024K)]
  0x000001ff8b39ddd0 WorkerThread "G1 Conc#2"                       [id=46876, stack(0x000000388ef00000,0x000000388f000000) (1024K)]
  0x000001ff452ace70 ConcurrentGCThread "G1 Refine#0"               [id=46552, stack(0x000000388cd00000,0x000000388ce00000) (1024K)]
  0x000001ff452ad690 ConcurrentGCThread "G1 Service"                [id=46508, stack(0x000000388ce00000,0x000000388cf00000) (1024K)]
Total: 18

Threads with active compile tasks:
C2 CompilerThread0  10116 6161       4       org.eclipse.jdt.internal.compiler.parser.Parser::consumeRule (7748 bytes)
C1 CompilerThread0  10116 6401       3       org.eclipse.jdt.internal.core.NameLookup::findPackageFragments (551 bytes)
C2 CompilerThread1  10116 5905       4       org.eclipse.jdt.internal.compiler.lookup.BinaryTypeBinding::createMethod (1666 bytes)
C2 CompilerThread2  10116 6353       4       org.eclipse.jdt.internal.compiler.lookup.LookupEnvironment::getTypeFromSignature (376 bytes)
Total: 4

VM state: not at safepoint (normal execution)

VM Mutex/Monitor currently owned by a thread:  ([mutex/lock_event])
[0x00007ffd97093fd8] MethodCompileQueue_lock - owner thread: 0x000001ff45449c10

Heap address: 0x0000000680000000, size: 6144 MB, Compressed Oops mode: Zero based, Oop shift amount: 3

CDS archive(s) mapped at: [0x000001ff46000000-0x000001ff46ba0000-0x000001ff46ba0000), size 12189696, SharedBaseAddress: 0x000001ff46000000, ArchiveRelocationMode: 1.
Compressed class space mapped at: 0x000001ff47000000-0x000001ff87000000, reserved size: 1073741824
Narrow klass base: 0x000001ff46000000, Narrow klass shift: 0, Narrow klass range: 0x100000000

GC Precious Log:
 CardTable entry size: 512
 Card Set container configuration: InlinePtr #cards 4 size 8 Array Of Cards #cards 32 size 80 Howl #buckets 8 coarsen threshold 7372 Howl Bitmap #cards 1024 size 144 coarsen threshold 921 Card regions per heap region 1 cards per card region 8192
 CPUs: 12 total, 12 available
 Memory: 16091M
 Large Page Support: Disabled
 NUMA Support: Disabled
 Compressed Oops: Enabled (Zero based)
 Heap Region Size: 4M
 Heap Min Capacity: 8M
 Heap Initial Capacity: 252M
 Heap Max Capacity: 6G
 Pre-touch: Disabled
 Parallel Workers: 10
 Concurrent Workers: 3
 Concurrent Refinement Workers: 10
 Periodic GC: Disabled

Heap:
 garbage-first heap   total 114688K, used 55524K [0x0000000680000000, 0x0000000800000000)
  region size 4096K, 8 young (32768K), 1 survivors (4096K)
 Metaspace       used 41652K, committed 42688K, reserved 1114112K
  class space    used 4141K, committed 4608K, reserved 1048576K

Heap Regions: E=young(eden), S=young(survivor), O=old, HS=humongous(starts), HC=humongous(continues), CS=collection set, F=free, TAMS=top-at-mark-start, PB=parsable bottom
|   0|0x0000000680000000, 0x0000000680400000, 0x0000000680400000|100%| O|  |TAMS 0x0000000680000000| PB 0x0000000680000000| Untracked 
|   1|0x0000000680400000, 0x0000000680800000, 0x0000000680800000|100%| O|  |TAMS 0x0000000680400000| PB 0x0000000680400000| Untracked 
|   2|0x0000000680800000, 0x0000000680c00000, 0x0000000680c00000|100%| O|  |TAMS 0x0000000680800000| PB 0x0000000680800000| Untracked 
|   3|0x0000000680c00000, 0x0000000681000000, 0x0000000681000000|100%| O|  |TAMS 0x0000000680c00000| PB 0x0000000680c00000| Untracked 
|   4|0x0000000681000000, 0x0000000681400000, 0x0000000681400000|100%| O|  |TAMS 0x0000000681000000| PB 0x0000000681000000| Untracked 
|   5|0x0000000681400000, 0x0000000681800000, 0x0000000681800000|100%| O|  |TAMS 0x0000000681400000| PB 0x0000000681400000| Untracked 
|   6|0x0000000681800000, 0x0000000681c00000, 0x0000000681c00000|100%| O|  |TAMS 0x0000000681800000| PB 0x0000000681800000| Untracked 
|   7|0x0000000681c00000, 0x0000000681c00000, 0x0000000682000000|  0%| F|  |TAMS 0x0000000681c00000| PB 0x0000000681c00000| Untracked 
|   8|0x0000000682000000, 0x0000000682000000, 0x0000000682400000|  0%| F|  |TAMS 0x0000000682000000| PB 0x0000000682000000| Untracked 
|   9|0x0000000682400000, 0x0000000682400000, 0x0000000682800000|  0%| F|  |TAMS 0x0000000682400000| PB 0x0000000682400000| Untracked 
|  10|0x0000000682800000, 0x0000000682800000, 0x0000000682c00000|  0%| F|  |TAMS 0x0000000682800000| PB 0x0000000682800000| Untracked 
|  11|0x0000000682c00000, 0x0000000682c00000, 0x0000000683000000|  0%| F|  |TAMS 0x0000000682c00000| PB 0x0000000682c00000| Untracked 
|  12|0x0000000683000000, 0x0000000683000000, 0x0000000683400000|  0%| F|  |TAMS 0x0000000683000000| PB 0x0000000683000000| Untracked 
|  13|0x0000000683400000, 0x0000000683400000, 0x0000000683800000|  0%| F|  |TAMS 0x0000000683400000| PB 0x0000000683400000| Untracked 
|  14|0x0000000683800000, 0x0000000683800000, 0x0000000683c00000|  0%| F|  |TAMS 0x0000000683800000| PB 0x0000000683800000| Untracked 
|  15|0x0000000683c00000, 0x0000000683c00000, 0x0000000684000000|  0%| F|  |TAMS 0x0000000683c00000| PB 0x0000000683c00000| Untracked 
|  16|0x0000000684000000, 0x0000000684000000, 0x0000000684400000|  0%| F|  |TAMS 0x0000000684000000| PB 0x0000000684000000| Untracked 
|  17|0x0000000684400000, 0x0000000684400000, 0x0000000684800000|  0%| F|  |TAMS 0x0000000684400000| PB 0x0000000684400000| Untracked 
|  18|0x0000000684800000, 0x0000000684800000, 0x0000000684c00000|  0%| F|  |TAMS 0x0000000684800000| PB 0x0000000684800000| Untracked 
|  19|0x0000000684c00000, 0x0000000684c00000, 0x0000000685000000|  0%| F|  |TAMS 0x0000000684c00000| PB 0x0000000684c00000| Untracked 
|  20|0x0000000685000000, 0x00000006852b1128, 0x0000000685400000| 67%| E|  |TAMS 0x0000000685000000| PB 0x0000000685000000| Complete 
|  21|0x0000000685400000, 0x0000000685800000, 0x0000000685800000|100%| E|CS|TAMS 0x0000000685400000| PB 0x0000000685400000| Complete 
|  22|0x0000000685800000, 0x0000000685c00000, 0x0000000685c00000|100%| E|CS|TAMS 0x0000000685800000| PB 0x0000000685800000| Complete 
|  23|0x0000000685c00000, 0x0000000686000000, 0x0000000686000000|100%| E|CS|TAMS 0x0000000685c00000| PB 0x0000000685c00000| Complete 
|  24|0x0000000686000000, 0x0000000686400000, 0x0000000686400000|100%| E|CS|TAMS 0x0000000686000000| PB 0x0000000686000000| Complete 
|  25|0x0000000686400000, 0x0000000686639170, 0x0000000686800000| 55%| S|CS|TAMS 0x0000000686400000| PB 0x0000000686400000| Complete 
|  30|0x0000000687800000, 0x0000000687c00000, 0x0000000687c00000|100%| E|CS|TAMS 0x0000000687800000| PB 0x0000000687800000| Complete 
|  62|0x000000068f800000, 0x000000068fc00000, 0x000000068fc00000|100%| E|CS|TAMS 0x000000068f800000| PB 0x000000068f800000| Complete 

Card table byte_map: [0x000001ff3c100000,0x000001ff3cd00000] _byte_map_base: 0x000001ff38d00000

Marking Bits: (CMBitMap*) 0x000001ff28e54c00
 Bits: [0x000001ff3cd00000, 0x000001ff42d00000)

Polling page: 0x000001ff26bf0000

Metaspace:

Usage:
  Non-class:     36.63 MB used.
      Class:      4.04 MB used.
       Both:     40.68 MB used.

Virtual space:
  Non-class space:       64.00 MB reserved,      37.19 MB ( 58%) committed,  1 nodes.
      Class space:        1.00 GB reserved,       4.50 MB ( <1%) committed,  1 nodes.
             Both:        1.06 GB reserved,      41.69 MB (  4%) committed. 

Chunk freelists:
   Non-Class:  10.73 MB
       Class:  11.53 MB
        Both:  22.26 MB

MaxMetaspaceSize: unlimited
CompressedClassSpaceSize: 1.00 GB
Initial GC threshold: 21.00 MB
Current GC threshold: 59.50 MB
CDS: on
 - commit_granule_bytes: 65536.
 - commit_granule_words: 8192.
 - virtual_space_node_default_size: 8388608.
 - enlarge_chunks_in_place: 1.
 - use_allocation_guard: 0.


Internal statistics:

num_allocs_failed_limit: 6.
num_arena_births: 810.
num_arena_deaths: 14.
num_vsnodes_births: 2.
num_vsnodes_deaths: 0.
num_space_committed: 667.
num_space_uncommitted: 0.
num_chunks_returned_to_freelist: 20.
num_chunks_taken_from_freelist: 2557.
num_chunk_merges: 12.
num_chunk_splits: 1638.
num_chunks_enlarged: 1014.
num_inconsistent_stats: 0.

CodeHeap 'non-profiled nmethods': size=120000Kb used=4106Kb max_used=4106Kb free=115894Kb
 bounds [0x000001ff33a80000, 0x000001ff33e90000, 0x000001ff3afb0000]
CodeHeap 'profiled nmethods': size=120000Kb used=13817Kb max_used=13817Kb free=106182Kb
 bounds [0x000001ff2bfb0000, 0x000001ff2cd30000, 0x000001ff334e0000]
CodeHeap 'non-nmethods': size=5760Kb used=1660Kb max_used=1734Kb free=4099Kb
 bounds [0x000001ff334e0000, 0x000001ff33750000, 0x000001ff33a80000]
CodeCache: size=245760Kb, used=19583Kb, max_used=19657Kb, free=226175Kb
 total_blobs=6690, nmethods=5989, adapters=605, full_count=0
Compilation: enabled, stopped_count=0, restarted_count=0

Compilation events (20 events):
Event: 9.040 Thread 0x000001ff45449c10 nmethod 6358 0x000001ff2cd01790 code [0x000001ff2cd01980, 0x000001ff2cd01ff8]
Event: 9.040 Thread 0x000001ff45449c10 6356       3       org.eclipse.jdt.internal.compiler.lookup.Scope::substitute (9 bytes)
Event: 9.040 Thread 0x000001ff45449c10 nmethod 6356 0x000001ff2cd02290 code [0x000001ff2cd02440, 0x000001ff2cd02608]
Event: 9.040 Thread 0x000001ff45449c10 6361       3       org.eclipse.jdt.internal.compiler.lookup.TypeBinding::isPrimitiveType (35 bytes)
Event: 9.040 Thread 0x000001ff45449c10 nmethod 6361 0x000001ff2cd02710 code [0x000001ff2cd028c0, 0x000001ff2cd02aa0]
Event: 9.040 Thread 0x000001ff45449c10 6362       3       org.eclipse.jdt.internal.compiler.lookup.MethodBinding::<init> (16 bytes)
Event: 9.041 Thread 0x000001ff45449c10 nmethod 6362 0x000001ff2cd02b10 code [0x000001ff2cd02cc0, 0x000001ff2cd02e28]
Event: 9.041 Thread 0x000001ff45449c10 6360       3       org.eclipse.jdt.internal.compiler.env.ITypeAnnotationWalker$1::toWildcardBound (2 bytes)
Event: 9.041 Thread 0x000001ff45449c10 nmethod 6360 0x000001ff2cd02f10 code [0x000001ff2cd030a0, 0x000001ff2cd031b0]
Event: 9.041 Thread 0x000001ff45449c10 6347       3       java.lang.ThreadLocal::setInitialValue (64 bytes)
Event: 9.041 Thread 0x000001ff45449c10 nmethod 6347 0x000001ff2cd03290 code [0x000001ff2cd034c0, 0x000001ff2cd03f48]
Event: 9.041 Thread 0x000001ff45449c10 6364       3       lombok.eclipse.EclipseAST::propagateProblems (81 bytes)
Event: 9.041 Thread 0x000001ff45449c10 nmethod 6364 0x000001ff2cd04210 code [0x000001ff2cd04460, 0x000001ff2cd04f68]
Event: 9.042 Thread 0x000001ff45449c10 6363       3       org.eclipse.jdt.internal.compiler.CompilationResult::getLineSeparatorPositions (18 bytes)
Event: 9.042 Thread 0x000001ff45449c10 nmethod 6363 0x000001ff2cd05210 code [0x000001ff2cd053c0, 0x000001ff2cd05520]
Event: 9.042 Thread 0x000001ff45449c10 6365       3       org.eclipse.jdt.internal.compiler.lookup.Scope::include (43 bytes)
Event: 9.042 Thread 0x000001ff45449c10 nmethod 6365 0x000001ff2cd05590 code [0x000001ff2cd05740, 0x000001ff2cd05958]
Event: 9.042 Thread 0x000001ff45449c10 6368       3       org.eclipse.jdt.internal.compiler.lookup.LookupEnvironment$$Lambda/0x000001ff474495a8::<init> (20 bytes)
Event: 9.042 Thread 0x000001ff45449c10 nmethod 6368 0x000001ff2cd05a90 code [0x000001ff2cd05c40, 0x000001ff2cd05ed8]
Event: 9.042 Thread 0x000001ff45449c10 6367       3       org.eclipse.jdt.internal.compiler.ast.TypeReference::resolveAnnotations (386 bytes)

GC Heap History (20 events):
Event: 2.362 GC heap before
{Heap before GC invocations=2 (full 0):
 garbage-first heap   total 258048K, used 83054K [0x0000000680000000, 0x0000000800000000)
  region size 4096K, 22 young (90112K), 1 survivors (4096K)
 Metaspace       used 20817K, committed 21504K, reserved 1114112K
  class space    used 2049K, committed 2368K, reserved 1048576K
}
Event: 2.365 GC heap after
{Heap after GC invocations=3 (full 0):
 garbage-first heap   total 258048K, used 9274K [0x0000000680000000, 0x0000000800000000)
  region size 4096K, 2 young (8192K), 2 survivors (8192K)
 Metaspace       used 20817K, committed 21504K, reserved 1114112K
  class space    used 2049K, committed 2368K, reserved 1048576K
}
Event: 2.635 GC heap before
{Heap before GC invocations=4 (full 0):
 garbage-first heap   total 40960K, used 33850K [0x0000000680000000, 0x0000000800000000)
  region size 4096K, 9 young (36864K), 2 survivors (8192K)
 Metaspace       used 23058K, committed 23808K, reserved 1114112K
  class space    used 2230K, committed 2560K, reserved 1048576K
}
Event: 2.639 GC heap after
{Heap after GC invocations=5 (full 0):
 garbage-first heap   total 53248K, used 11844K [0x0000000680000000, 0x0000000800000000)
  region size 4096K, 3 young (12288K), 3 survivors (12288K)
 Metaspace       used 23058K, committed 23808K, reserved 1114112K
  class space    used 2230K, committed 2560K, reserved 1048576K
}
Event: 2.957 GC heap before
{Heap before GC invocations=5 (full 0):
 garbage-first heap   total 53248K, used 28228K [0x0000000680000000, 0x0000000800000000)
  region size 4096K, 7 young (28672K), 3 survivors (12288K)
 Metaspace       used 25087K, committed 25792K, reserved 1114112K
  class space    used 2440K, committed 2752K, reserved 1048576K
}
Event: 2.962 GC heap after
{Heap after GC invocations=6 (full 0):
 garbage-first heap   total 53248K, used 12999K [0x0000000680000000, 0x0000000800000000)
  region size 4096K, 1 young (4096K), 1 survivors (4096K)
 Metaspace       used 25087K, committed 25792K, reserved 1114112K
  class space    used 2440K, committed 2752K, reserved 1048576K
}
Event: 3.308 GC heap before
{Heap before GC invocations=6 (full 0):
 garbage-first heap   total 53248K, used 33479K [0x0000000680000000, 0x0000000800000000)
  region size 4096K, 7 young (28672K), 1 survivors (4096K)
 Metaspace       used 28689K, committed 29568K, reserved 1114112K
  class space    used 2867K, committed 3264K, reserved 1048576K
}
Event: 3.310 GC heap after
{Heap after GC invocations=7 (full 0):
 garbage-first heap   total 53248K, used 13699K [0x0000000680000000, 0x0000000800000000)
  region size 4096K, 1 young (4096K), 1 survivors (4096K)
 Metaspace       used 28689K, committed 29568K, reserved 1114112K
  class space    used 2867K, committed 3264K, reserved 1048576K
}
Event: 4.928 GC heap before
{Heap before GC invocations=7 (full 0):
 garbage-first heap   total 53248K, used 38275K [0x0000000680000000, 0x0000000800000000)
  region size 4096K, 7 young (28672K), 1 survivors (4096K)
 Metaspace       used 31473K, committed 32384K, reserved 1114112K
  class space    used 3156K, committed 3584K, reserved 1048576K
}
Event: 4.930 GC heap after
{Heap after GC invocations=8 (full 0):
 garbage-first heap   total 53248K, used 15571K [0x0000000680000000, 0x0000000800000000)
  region size 4096K, 1 young (4096K), 1 survivors (4096K)
 Metaspace       used 31473K, committed 32384K, reserved 1114112K
  class space    used 3156K, committed 3584K, reserved 1048576K
}
Event: 5.067 GC heap before
{Heap before GC invocations=8 (full 0):
 garbage-first heap   total 53248K, used 40147K [0x0000000680000000, 0x0000000800000000)
  region size 4096K, 7 young (28672K), 1 survivors (4096K)
 Metaspace       used 31687K, committed 32704K, reserved 1114112K
  class space    used 3178K, committed 3648K, reserved 1048576K
}
Event: 5.070 GC heap after
{Heap after GC invocations=9 (full 0):
 garbage-first heap   total 53248K, used 18025K [0x0000000680000000, 0x0000000800000000)
  region size 4096K, 1 young (4096K), 1 survivors (4096K)
 Metaspace       used 31687K, committed 32704K, reserved 1114112K
  class space    used 3178K, committed 3648K, reserved 1048576K
}
Event: 5.207 GC heap before
{Heap before GC invocations=9 (full 0):
 garbage-first heap   total 53248K, used 42601K [0x0000000680000000, 0x0000000800000000)
  region size 4096K, 7 young (28672K), 1 survivors (4096K)
 Metaspace       used 32066K, committed 33024K, reserved 1114112K
  class space    used 3236K, committed 3648K, reserved 1048576K
}
Event: 5.210 GC heap after
{Heap after GC invocations=10 (full 0):
 garbage-first heap   total 155648K, used 21376K [0x0000000680000000, 0x0000000800000000)
  region size 4096K, 1 young (4096K), 1 survivors (4096K)
 Metaspace       used 32066K, committed 33024K, reserved 1114112K
  class space    used 3236K, committed 3648K, reserved 1048576K
}
Event: 5.821 GC heap before
{Heap before GC invocations=10 (full 0):
 garbage-first heap   total 155648K, used 103296K [0x0000000680000000, 0x0000000800000000)
  region size 4096K, 22 young (90112K), 1 survivors (4096K)
 Metaspace       used 33762K, committed 34688K, reserved 1114112K
  class space    used 3457K, committed 3904K, reserved 1048576K
}
Event: 5.826 GC heap after
{Heap after GC invocations=11 (full 0):
 garbage-first heap   total 155648K, used 28656K [0x0000000680000000, 0x0000000800000000)
  region size 4096K, 3 young (12288K), 3 survivors (12288K)
 Metaspace       used 33762K, committed 34688K, reserved 1114112K
  class space    used 3457K, committed 3904K, reserved 1048576K
}
Event: 6.247 GC heap before
{Heap before GC invocations=11 (full 0):
 garbage-first heap   total 155648K, used 49136K [0x0000000680000000, 0x0000000800000000)
  region size 4096K, 10 young (40960K), 3 survivors (12288K)
 Metaspace       used 35476K, committed 36416K, reserved 1114112K
  class space    used 3639K, committed 4096K, reserved 1048576K
}
Event: 6.250 GC heap after
{Heap after GC invocations=12 (full 0):
 garbage-first heap   total 155648K, used 30394K [0x0000000680000000, 0x0000000800000000)
  region size 4096K, 1 young (4096K), 1 survivors (4096K)
 Metaspace       used 35476K, committed 36416K, reserved 1114112K
  class space    used 3639K, committed 4096K, reserved 1048576K
}
Event: 7.670 GC heap before
{Heap before GC invocations=13 (full 0):
 garbage-first heap   total 110592K, used 108218K [0x0000000680000000, 0x0000000800000000)
  region size 4096K, 20 young (81920K), 1 survivors (4096K)
 Metaspace       used 40172K, committed 41216K, reserved 1114112K
  class space    used 4026K, committed 4480K, reserved 1048576K
}
Event: 7.672 GC heap after
{Heap after GC invocations=14 (full 0):
 garbage-first heap   total 114688K, used 30948K [0x0000000680000000, 0x0000000800000000)
  region size 4096K, 1 young (4096K), 1 survivors (4096K)
 Metaspace       used 40172K, committed 41216K, reserved 1114112K
  class space    used 4026K, committed 4480K, reserved 1048576K
}

Dll operation events (10 events):
Event: 0.009 Loaded shared library c:\Users\khoi van\.vscode\extensions\redhat.java-1.44.0-win32-x64\jre\21.0.8-win32-x86_64\bin\java.dll
Event: 0.065 Loaded shared library c:\Users\khoi van\.vscode\extensions\redhat.java-1.44.0-win32-x64\jre\21.0.8-win32-x86_64\bin\zip.dll
Event: 0.082 Loaded shared library C:\Users\khoi van\.vscode\extensions\redhat.java-1.44.0-win32-x64\jre\21.0.8-win32-x86_64\bin\instrument.dll
Event: 0.086 Loaded shared library C:\Users\khoi van\.vscode\extensions\redhat.java-1.44.0-win32-x64\jre\21.0.8-win32-x86_64\bin\net.dll
Event: 0.088 Loaded shared library C:\Users\khoi van\.vscode\extensions\redhat.java-1.44.0-win32-x64\jre\21.0.8-win32-x86_64\bin\nio.dll
Event: 0.090 Loaded shared library C:\Users\khoi van\.vscode\extensions\redhat.java-1.44.0-win32-x64\jre\21.0.8-win32-x86_64\bin\zip.dll
Event: 0.105 Loaded shared library C:\Users\khoi van\.vscode\extensions\redhat.java-1.44.0-win32-x64\jre\21.0.8-win32-x86_64\bin\jimage.dll
Event: 0.191 Loaded shared library c:\Users\khoi van\.vscode\extensions\redhat.java-1.44.0-win32-x64\jre\21.0.8-win32-x86_64\bin\verify.dll
Event: 1.107 Loaded shared library C:\Users\khoi van\AppData\Roaming\Code\User\globalStorage\redhat.java\1.44.0\config_ss_win\org.eclipse.equinox.launcher\org.eclipse.equinox.launcher.win32.win32.x86_64_1.2.1400.v20250730-1736\eclipse_11913.dll
Event: 1.830 Loaded shared library C:\Users\khoi van\AppData\Local\Temp\jna--1410877574\jna16181402056472503839.dll

Deoptimization events (20 events):
Event: 8.960 Thread 0x000001ff8daea600 DEOPT UNPACKING pc=0x000001ff335346a2 sp=0x00000038901feae8 mode 2
Event: 8.968 Thread 0x000001ff8daea600 Uncommon trap: trap_request=0xffffffde fr.pc=0x000001ff33e4baa4 relative=0x0000000000000de4
Event: 8.968 Thread 0x000001ff8daea600 Uncommon trap: reason=class_check action=maybe_recompile pc=0x000001ff33e4baa4 method=org.eclipse.jdt.internal.compiler.parser.Parser.consumeRule(I)V @ 7702 c2
Event: 8.968 Thread 0x000001ff8daea600 DEOPT PACKING pc=0x000001ff33e4baa4 sp=0x00000038901feb70
Event: 8.968 Thread 0x000001ff8daea600 DEOPT UNPACKING pc=0x000001ff335346a2 sp=0x00000038901feae8 mode 2
Event: 8.973 Thread 0x000001ff8daea600 DEOPT PACKING pc=0x000001ff2cb0cada sp=0x00000038901fd8d0
Event: 8.973 Thread 0x000001ff8daea600 DEOPT UNPACKING pc=0x000001ff33534e42 sp=0x00000038901fcd48 mode 0
Event: 8.997 Thread 0x000001ff8daea600 DEOPT PACKING pc=0x000001ff2cb0cada sp=0x00000038901fdec0
Event: 8.997 Thread 0x000001ff8daea600 DEOPT UNPACKING pc=0x000001ff33534e42 sp=0x00000038901fd338 mode 0
Event: 8.999 Thread 0x000001ff8daea600 DEOPT PACKING pc=0x000001ff2cb0cada sp=0x00000038901fd8f0
Event: 8.999 Thread 0x000001ff8daea600 DEOPT UNPACKING pc=0x000001ff33534e42 sp=0x00000038901fcd68 mode 0
Event: 9.005 Thread 0x000001ff8daea600 DEOPT PACKING pc=0x000001ff2cb0cada sp=0x00000038901fdc00
Event: 9.005 Thread 0x000001ff8daea600 DEOPT UNPACKING pc=0x000001ff33534e42 sp=0x00000038901fd078 mode 0
Event: 9.010 Thread 0x000001ff8daea600 DEOPT PACKING pc=0x000001ff2cbf744d sp=0x00000038901fda10
Event: 9.010 Thread 0x000001ff8daea600 DEOPT UNPACKING pc=0x000001ff33534e42 sp=0x00000038901fce38 mode 0
Event: 9.011 Thread 0x000001ff8daea600 Uncommon trap: trap_request=0xfffffff4 fr.pc=0x000001ff33e75f5c relative=0x000000000000387c
Event: 9.011 Thread 0x000001ff8daea600 Uncommon trap: reason=null_check action=make_not_entrant pc=0x000001ff33e75f5c method=org.eclipse.jdt.internal.compiler.lookup.PackageBinding.getPackage0Any([C)Lorg/eclipse/jdt/internal/compiler/lookup/PackageBinding; @ 8 c2
Event: 9.011 Thread 0x000001ff8daea600 DEOPT PACKING pc=0x000001ff33e75f5c sp=0x00000038901fdd90
Event: 9.011 Thread 0x000001ff8daea600 DEOPT UNPACKING pc=0x000001ff335346a2 sp=0x00000038901fd9f0 mode 2
Event: 9.043 Thread 0x000001ff8daea600 Uncommon trap: trap_request=0xffffff6e fr.pc=0x000001ff33e7e7d0 relative=0x00000000000001b0

Classes loaded (20 events):
Event: 6.188 Loading class java/util/WeakHashMap$KeyIterator
Event: 6.188 Loading class java/util/WeakHashMap$KeyIterator done
Event: 6.538 Loading class java/util/stream/ReferencePipeline$4
Event: 6.538 Loading class java/util/stream/ReferencePipeline$4 done
Event: 6.539 Loading class java/util/stream/Nodes$IntFixedNodeBuilder
Event: 6.539 Loading class java/util/stream/Node$Builder$OfInt
Event: 6.539 Loading class java/util/stream/Node$Builder$OfInt done
Event: 6.539 Loading class java/util/stream/Nodes$IntArrayNode
Event: 6.539 Loading class java/util/stream/Nodes$IntArrayNode done
Event: 6.539 Loading class java/util/stream/Nodes$IntFixedNodeBuilder done
Event: 6.539 Loading class java/util/stream/ReferencePipeline$4$1
Event: 6.539 Loading class java/util/stream/ReferencePipeline$4$1 done
Event: 6.749 Loading class java/lang/StringUTF16$LinesSpliterator
Event: 6.749 Loading class java/lang/StringUTF16$LinesSpliterator done
Event: 6.749 Loading class java/lang/CharacterData01
Event: 6.749 Loading class java/lang/CharacterData01 done
Event: 7.564 Loading class java/util/stream/ReduceOps$4
Event: 7.564 Loading class java/util/stream/ReduceOps$4 done
Event: 7.564 Loading class java/util/stream/ReduceOps$4ReducingSink
Event: 7.564 Loading class java/util/stream/ReduceOps$4ReducingSink done

Classes unloaded (7 events):
Event: 6.261 Thread 0x000001ff26a4bae0 Unloading class 0x000001ff47189400 'java/lang/invoke/LambdaForm$MH+0x000001ff47189400'
Event: 6.261 Thread 0x000001ff26a4bae0 Unloading class 0x000001ff47189000 'java/lang/invoke/LambdaForm$MH+0x000001ff47189000'
Event: 6.261 Thread 0x000001ff26a4bae0 Unloading class 0x000001ff47188c00 'java/lang/invoke/LambdaForm$MH+0x000001ff47188c00'
Event: 6.261 Thread 0x000001ff26a4bae0 Unloading class 0x000001ff47188800 'java/lang/invoke/LambdaForm$MH+0x000001ff47188800'
Event: 6.261 Thread 0x000001ff26a4bae0 Unloading class 0x000001ff47188400 'java/lang/invoke/LambdaForm$BMH+0x000001ff47188400'
Event: 6.261 Thread 0x000001ff26a4bae0 Unloading class 0x000001ff47188000 'java/lang/invoke/LambdaForm$DMH+0x000001ff47188000'
Event: 6.261 Thread 0x000001ff26a4bae0 Unloading class 0x000001ff47186c00 'java/lang/invoke/LambdaForm$DMH+0x000001ff47186c00'

Classes redefined (0 events):
No events

Internal exceptions (20 events):
Event: 4.979 Thread 0x000001ff8dae98e0 Exception <a 'java/lang/NoSuchMethodError'{0x000000068fa30638}: 'java.lang.Object java.lang.invoke.Invokers$Holder.invoke_MT(java.lang.Object, java.lang.Object, java.lang.Object, java.lang.Object, java.lang.Object, java.lang.Object, java.lang.Object, java.lang.Object, java.lang.Object, java.lang.Object)'> (0x000000068fa30638) 
thrown [s\src\hotspot\share\interpreter\linkResolver.cpp, line 773]
Event: 4.984 Thread 0x000001ff8dae98e0 Exception <a 'java/lang/NoSuchMethodError'{0x000000068fa702c0}: 'int java.lang.invoke.DirectMethodHandle$Holder.invokeVirtual(java.lang.Object, java.lang.Object, java.lang.Object)'> (0x000000068fa702c0) 
thrown [s\src\hotspot\share\interpreter\linkResolver.cpp, line 773]
Event: 4.985 Thread 0x000001ff8dae98e0 Exception <a 'java/lang/NoSuchMethodError'{0x000000068fa74668}: 'int java.lang.invoke.DirectMethodHandle$Holder.invokeStaticInit(java.lang.Object, int, int)'> (0x000000068fa74668) 
thrown [s\src\hotspot\share\interpreter\linkResolver.cpp, line 773]
Event: 4.986 Thread 0x000001ff8dae98e0 Exception <a 'java/lang/NoSuchMethodError'{0x000000068fa7be10}: 'int java.lang.invoke.DirectMethodHandle$Holder.invokeStaticInit(java.lang.Object, long, long)'> (0x000000068fa7be10) 
thrown [s\src\hotspot\share\interpreter\linkResolver.cpp, line 773]
Event: 4.987 Thread 0x000001ff8dae98e0 Exception <a 'java/lang/NoSuchMethodError'{0x000000068fa82df0}: 'int java.lang.invoke.DirectMethodHandle$Holder.invokeStaticInit(java.lang.Object, float, float)'> (0x000000068fa82df0) 
thrown [s\src\hotspot\share\interpreter\linkResolver.cpp, line 773]
Event: 4.988 Thread 0x000001ff8dae98e0 Exception <a 'java/lang/NoSuchMethodError'{0x000000068fa89b30}: 'int java.lang.invoke.DirectMethodHandle$Holder.invokeStaticInit(java.lang.Object, double, double)'> (0x000000068fa89b30) 
thrown [s\src\hotspot\share\interpreter\linkResolver.cpp, line 773]
Event: 4.988 Thread 0x000001ff8dae98e0 Exception <a 'java/lang/NoSuchMethodError'{0x000000068fa8e380}: 'int java.lang.invoke.DirectMethodHandle$Holder.invokeStatic(java.lang.Object, long)'> (0x000000068fa8e380) 
thrown [s\src\hotspot\share\interpreter\linkResolver.cpp, line 773]
Event: 4.994 Thread 0x000001ff8dae98e0 Exception <a 'java/lang/NoSuchMethodError'{0x000000068faad058}: 'int java.lang.invoke.Invokers$Holder.linkToTargetMethod(java.lang.Object, java.lang.Object)'> (0x000000068faad058) 
thrown [s\src\hotspot\share\interpreter\linkResolver.cpp, line 773]
Event: 6.620 Thread 0x000001ff8bc00ba0 Exception <a 'java/lang/NoSuchMethodError'{0x0000000683b42078}: 'java.lang.Object java.lang.invoke.DirectMethodHandle$Holder.invokeSpecial(java.lang.Object, java.lang.Object, int, long)'> (0x0000000683b42078) 
thrown [s\src\hotspot\share\interpreter\linkResolver.cpp, line 773]
Event: 6.751 Thread 0x000001ff8dae98e0 Exception <a 'java/lang/NoSuchMethodError'{0x000000068308ab08}: 'java.lang.Object java.lang.invoke.DirectMethodHandle$Holder.invokeStatic(java.lang.Object, int, java.lang.Object)'> (0x000000068308ab08) 
thrown [s\src\hotspot\share\interpreter\linkResolver.cpp, line 773]
Event: 7.576 Thread 0x000001ff8daea600 Exception <a 'java/io/FileNotFoundException'{0x00000006820a6a10}> (0x00000006820a6a10) 
thrown [s\src\hotspot\share\prims\jni.cpp, line 520]
Event: 7.577 Thread 0x000001ff8daea600 Exception <a 'java/io/FileNotFoundException'{0x00000006820a79c8}> (0x00000006820a79c8) 
thrown [s\src\hotspot\share\prims\jni.cpp, line 520]
Event: 7.577 Thread 0x000001ff8daea600 Exception <a 'java/io/FileNotFoundException'{0x00000006820a8ec0}> (0x00000006820a8ec0) 
thrown [s\src\hotspot\share\prims\jni.cpp, line 520]
Event: 7.577 Thread 0x000001ff8daea600 Exception <a 'java/io/FileNotFoundException'{0x00000006820a9ed8}> (0x00000006820a9ed8) 
thrown [s\src\hotspot\share\prims\jni.cpp, line 520]
Event: 7.577 Thread 0x000001ff8daea600 Exception <a 'java/io/FileNotFoundException'{0x00000006820aac60}> (0x00000006820aac60) 
thrown [s\src\hotspot\share\prims\jni.cpp, line 520]
Event: 7.610 Thread 0x000001ff8daea600 Exception <a 'java/lang/NoSuchMethodError'{0x0000000681c70d58}: 'int java.lang.invoke.DirectMethodHandle$Holder.invokeSpecialIFC(java.lang.Object, java.lang.Object, java.lang.Object)'> (0x0000000681c70d58) 
thrown [s\src\hotspot\share\interpreter\linkResolver.cpp, line 773]
Event: 7.627 Thread 0x000001ff8daea600 Implicit null exception at 0x000001ff33de64cf to 0x000001ff33de6664
Event: 7.692 Thread 0x000001ff8daea600 Exception <a 'java/lang/NoSuchMethodError'{0x000000068f92a730}: 'int java.lang.invoke.DirectMethodHandle$Holder.invokeSpecial(java.lang.Object, java.lang.Object, java.lang.Object, java.lang.Object)'> (0x000000068f92a730) 
thrown [s\src\hotspot\share\interpreter\linkResolver.cpp, line 773]
Event: 7.850 Thread 0x000001ff8daea600 Exception <a 'java/lang/NoSuchMethodError'{0x0000000686266f58}: 'java.lang.Object java.lang.invoke.DirectMethodHandle$Holder.invokeStatic(java.lang.Object, java.lang.Object, int, java.lang.Object, java.lang.Object)'> (0x0000000686266f58) 
thrown [s\src\hotspot\share\interpreter\linkResolver.cpp, line 773]
Event: 9.011 Thread 0x000001ff8daea600 Implicit null exception at 0x000001ff33e72df8 to 0x000001ff33e75f14

ZGC Phase Switch (0 events):
No events

VM Operations (20 events):
Event: 6.264 Executing VM operation: G1PauseRemark done
Event: 6.266 Executing VM operation: G1PauseCleanup
Event: 6.266 Executing VM operation: G1PauseCleanup done
Event: 6.750 Executing VM operation: ICBufferFull
Event: 6.750 Executing VM operation: ICBufferFull done
Event: 6.864 Executing VM operation: HandshakeAllThreads (Deoptimize)
Event: 6.864 Executing VM operation: HandshakeAllThreads (Deoptimize) done
Event: 7.592 Executing VM operation: ICBufferFull
Event: 7.592 Executing VM operation: ICBufferFull done
Event: 7.612 Executing VM operation: HandshakeAllThreads (Deoptimize)
Event: 7.612 Executing VM operation: HandshakeAllThreads (Deoptimize) done
Event: 7.613 Executing VM operation: HandshakeAllThreads (Deoptimize)
Event: 7.613 Executing VM operation: HandshakeAllThreads (Deoptimize) done
Event: 7.670 Executing VM operation: G1CollectForAllocation (G1 Evacuation Pause)
Event: 7.672 Executing VM operation: G1CollectForAllocation (G1 Evacuation Pause) done
Event: 8.681 Executing VM operation: Cleanup
Event: 8.682 Executing VM operation: Cleanup done
Event: 8.948 Executing VM operation: ICBufferFull
Event: 8.948 Executing VM operation: ICBufferFull done
Event: 9.956 Executing VM operation: Cleanup

Memory protections (0 events):
No events

Nmethod flushes (20 events):
Event: 6.264 Thread 0x000001ff26a4bae0 flushing  nmethod 0x000001ff2c045f90
Event: 6.264 Thread 0x000001ff26a4bae0 flushing  nmethod 0x000001ff2c046310
Event: 6.264 Thread 0x000001ff26a4bae0 flushing  nmethod 0x000001ff2c048390
Event: 6.264 Thread 0x000001ff26a4bae0 flushing  nmethod 0x000001ff2c048b10
Event: 6.264 Thread 0x000001ff26a4bae0 flushing  nmethod 0x000001ff2c049890
Event: 6.264 Thread 0x000001ff26a4bae0 flushing  nmethod 0x000001ff2c04ae10
Event: 6.264 Thread 0x000001ff26a4bae0 flushing  nmethod 0x000001ff2c062990
Event: 6.264 Thread 0x000001ff26a4bae0 flushing  nmethod 0x000001ff2c063a10
Event: 6.264 Thread 0x000001ff26a4bae0 flushing  nmethod 0x000001ff2c064910
Event: 6.264 Thread 0x000001ff26a4bae0 flushing  nmethod 0x000001ff2c066d90
Event: 6.264 Thread 0x000001ff26a4bae0 flushing  nmethod 0x000001ff2c06ef10
Event: 6.264 Thread 0x000001ff26a4bae0 flushing  nmethod 0x000001ff2c06f810
Event: 6.264 Thread 0x000001ff26a4bae0 flushing  nmethod 0x000001ff2c06fd90
Event: 6.264 Thread 0x000001ff26a4bae0 flushing  nmethod 0x000001ff2c1f5310
Event: 6.264 Thread 0x000001ff26a4bae0 flushing  nmethod 0x000001ff2c1f7c90
Event: 6.264 Thread 0x000001ff26a4bae0 flushing  nmethod 0x000001ff2c1ff510
Event: 6.264 Thread 0x000001ff26a4bae0 flushing  nmethod 0x000001ff2c281d90
Event: 6.264 Thread 0x000001ff26a4bae0 flushing  nmethod 0x000001ff2c41a610
Event: 6.264 Thread 0x000001ff26a4bae0 flushing  nmethod 0x000001ff2c41b010
Event: 6.264 Thread 0x000001ff26a4bae0 flushing  nmethod 0x000001ff2c41fa10

Events (20 events):
Event: 3.054 Thread 0x000001ff28dcea40 Thread added: 0x000001ff8daeac90
Event: 3.055 Thread 0x000001ff28dcea40 Thread added: 0x000001ff8dae9250
Event: 3.055 Thread 0x000001ff28dcea40 Thread added: 0x000001ff8dae9f70
Event: 3.055 Thread 0x000001ff28dcea40 Thread added: 0x000001ff8dae7ea0
Event: 3.055 Thread 0x000001ff28dcea40 Thread added: 0x000001ff8dae8530
Event: 3.082 Thread 0x000001ff28dcea40 Thread added: 0x000001ff8dae8bc0
Event: 3.209 Thread 0x000001ff8bd46200 Thread added: 0x000001ff8daea600
Event: 3.307 Thread 0x000001ff28dcea40 Thread added: 0x000001ff8daeb320
Event: 3.307 Thread 0x000001ff28dcea40 Thread added: 0x000001ff8dae98e0
Event: 4.355 Thread 0x000001ff45cd2a90 Thread exited: 0x000001ff45cd2a90
Event: 4.355 Thread 0x000001ff45cd23c0 Thread exited: 0x000001ff45cd23c0
Event: 4.916 Thread 0x000001ff45449c10 Thread added: 0x000001ff8bacaa70
Event: 5.045 Thread 0x000001ff45449c10 Thread added: 0x000001ff8baccc80
Event: 5.895 Thread 0x000001ff8baccc80 Thread exited: 0x000001ff8baccc80
Event: 6.322 Thread 0x000001ff45448d70 Thread added: 0x000001ff8bacb140
Event: 6.979 Thread 0x000001ff8b87ac80 Thread exited: 0x000001ff8b87ac80
Event: 7.524 Thread 0x000001ff8bacb140 Thread exited: 0x000001ff8bacb140
Event: 7.524 Thread 0x000001ff8bacaa70 Thread exited: 0x000001ff8bacaa70
Event: 7.596 Thread 0x000001ff45449c10 Thread added: 0x000001ff8bacaa70
Event: 7.603 Thread 0x000001ff45449c10 Thread added: 0x000001ff8bacb140


Dynamic libraries:
0x00007ff763710000 - 0x00007ff76371e000 	c:\Users\khoi van\.vscode\extensions\redhat.java-1.44.0-win32-x64\jre\21.0.8-win32-x86_64\bin\java.exe
0x00007ffdf5760000 - 0x00007ffdf59c7000 	C:\Windows\SYSTEM32\ntdll.dll
0x00007ffdf3690000 - 0x00007ffdf3759000 	C:\Windows\System32\KERNEL32.DLL
0x00007ffdf2fa0000 - 0x00007ffdf3390000 	C:\Windows\System32\KERNELBASE.dll
0x00007ffdec8f0000 - 0x00007ffdec98e000 	C:\Windows\SYSTEM32\apphelp.dll
0x00007ffdf2890000 - 0x00007ffdf29db000 	C:\Windows\System32\ucrtbase.dll
0x00007ffdecf70000 - 0x00007ffdecf8e000 	c:\Users\khoi van\.vscode\extensions\redhat.java-1.44.0-win32-x64\jre\21.0.8-win32-x86_64\bin\VCRUNTIME140.dll
0x00007ffdec7e0000 - 0x00007ffdec7f8000 	c:\Users\khoi van\.vscode\extensions\redhat.java-1.44.0-win32-x64\jre\21.0.8-win32-x86_64\bin\jli.dll
0x00007ffdf54e0000 - 0x00007ffdf56a5000 	C:\Windows\System32\USER32.dll
0x00007ffdf2a80000 - 0x00007ffdf2aa7000 	C:\Windows\System32\win32u.dll
0x00007ffdf3850000 - 0x00007ffdf387b000 	C:\Windows\System32\GDI32.dll
0x00007ffdf2b60000 - 0x00007ffdf2c98000 	C:\Windows\System32\gdi32full.dll
0x00007ffdf2ab0000 - 0x00007ffdf2b53000 	C:\Windows\System32\msvcp_win.dll
0x00007ffdd7560000 - 0x00007ffdd77fa000 	C:\Windows\WinSxS\amd64_microsoft.windows.common-controls_6595b64144ccf1df_6.0.26100.4768_none_3e0c112ce331287c\COMCTL32.dll
0x00007ffdf3880000 - 0x00007ffdf3929000 	C:\Windows\System32\msvcrt.dll
0x00007ffdf4b60000 - 0x00007ffdf4b8f000 	C:\Windows\System32\IMM32.DLL
0x00007ffded1e0000 - 0x00007ffded1ec000 	c:\Users\khoi van\.vscode\extensions\redhat.java-1.44.0-win32-x64\jre\21.0.8-win32-x86_64\bin\vcruntime140_1.dll
0x00007ffdba370000 - 0x00007ffdba3fd000 	c:\Users\khoi van\.vscode\extensions\redhat.java-1.44.0-win32-x64\jre\21.0.8-win32-x86_64\bin\msvcp140.dll
0x00007ffd963e0000 - 0x00007ffd97177000 	c:\Users\khoi van\.vscode\extensions\redhat.java-1.44.0-win32-x64\jre\21.0.8-win32-x86_64\bin\server\jvm.dll
0x00007ffdf3aa0000 - 0x00007ffdf3b54000 	C:\Windows\System32\ADVAPI32.dll
0x00007ffdf3b60000 - 0x00007ffdf3c06000 	C:\Windows\System32\sechost.dll
0x00007ffdf4d90000 - 0x00007ffdf4ea8000 	C:\Windows\System32\RPCRT4.dll
0x00007ffdf3c10000 - 0x00007ffdf3c84000 	C:\Windows\System32\WS2_32.dll
0x00007ffded110000 - 0x00007ffded11b000 	C:\Windows\SYSTEM32\VERSION.dll
0x00007ffdf1490000 - 0x00007ffdf14ee000 	C:\Windows\SYSTEM32\POWRPROF.dll
0x00007ffde52b0000 - 0x00007ffde52e5000 	C:\Windows\SYSTEM32\WINMM.dll
0x00007ffdf1470000 - 0x00007ffdf1484000 	C:\Windows\SYSTEM32\UMPDC.dll
0x00007ffdf1730000 - 0x00007ffdf174b000 	C:\Windows\SYSTEM32\kernel.appcore.dll
0x00007ffded1c0000 - 0x00007ffded1ca000 	c:\Users\khoi van\.vscode\extensions\redhat.java-1.44.0-win32-x64\jre\21.0.8-win32-x86_64\bin\jimage.dll
0x00007ffdf01b0000 - 0x00007ffdf03f1000 	C:\Windows\SYSTEM32\DBGHELP.DLL
0x00007ffdf43f0000 - 0x00007ffdf4775000 	C:\Windows\System32\combase.dll
0x00007ffdf4780000 - 0x00007ffdf4860000 	C:\Windows\System32\OLEAUT32.dll
0x00007ffdd4a60000 - 0x00007ffdd4aa3000 	C:\Windows\SYSTEM32\dbgcore.DLL
0x00007ffdf29e0000 - 0x00007ffdf2a79000 	C:\Windows\System32\bcryptPrimitives.dll
0x00007ffdec890000 - 0x00007ffdec89f000 	c:\Users\khoi van\.vscode\extensions\redhat.java-1.44.0-win32-x64\jre\21.0.8-win32-x86_64\bin\instrument.dll
0x00007ffde6900000 - 0x00007ffde691f000 	c:\Users\khoi van\.vscode\extensions\redhat.java-1.44.0-win32-x64\jre\21.0.8-win32-x86_64\bin\java.dll
0x00007ffdf3c90000 - 0x00007ffdf43dd000 	C:\Windows\System32\SHELL32.dll
0x00007ffdf2e20000 - 0x00007ffdf2f93000 	C:\Windows\System32\wintypes.dll
0x00007ffdf04d0000 - 0x00007ffdf0d30000 	C:\Windows\SYSTEM32\windows.storage.dll
0x00007ffdf4a50000 - 0x00007ffdf4b45000 	C:\Windows\System32\SHCORE.dll
0x00007ffdf5340000 - 0x00007ffdf53aa000 	C:\Windows\System32\shlwapi.dll
0x00007ffdf27b0000 - 0x00007ffdf27d9000 	C:\Windows\SYSTEM32\profapi.dll
0x00007ffded0b0000 - 0x00007ffded0c8000 	c:\Users\khoi van\.vscode\extensions\redhat.java-1.44.0-win32-x64\jre\21.0.8-win32-x86_64\bin\zip.dll
0x00007ffde9530000 - 0x00007ffde9540000 	C:\Users\khoi van\.vscode\extensions\redhat.java-1.44.0-win32-x64\jre\21.0.8-win32-x86_64\bin\net.dll
0x00007ffde80f0000 - 0x00007ffde820e000 	C:\Windows\SYSTEM32\WINHTTP.dll
0x00007ffdf1cc0000 - 0x00007ffdf1d2b000 	C:\Windows\system32\mswsock.dll
0x00007ffde7340000 - 0x00007ffde7356000 	C:\Users\khoi van\.vscode\extensions\redhat.java-1.44.0-win32-x64\jre\21.0.8-win32-x86_64\bin\nio.dll
0x00007ffde9210000 - 0x00007ffde9220000 	c:\Users\khoi van\.vscode\extensions\redhat.java-1.44.0-win32-x64\jre\21.0.8-win32-x86_64\bin\verify.dll
0x00007ffdb3990000 - 0x00007ffdb39d5000 	C:\Users\khoi van\AppData\Roaming\Code\User\globalStorage\redhat.java\1.44.0\config_ss_win\org.eclipse.equinox.launcher\org.eclipse.equinox.launcher.win32.win32.x86_64_1.2.1400.v20250730-1736\eclipse_11913.dll
0x00007ffdf4870000 - 0x00007ffdf4a10000 	C:\Windows\System32\ole32.dll
0x00007ffdf1f90000 - 0x00007ffdf1fab000 	C:\Windows\SYSTEM32\CRYPTSP.dll
0x00007ffdf1690000 - 0x00007ffdf16cb000 	C:\Windows\system32\rsaenh.dll
0x00007ffdf1d60000 - 0x00007ffdf1d8b000 	C:\Windows\SYSTEM32\USERENV.dll
0x00007ffdf2780000 - 0x00007ffdf27a6000 	C:\Windows\SYSTEM32\bcrypt.dll
0x00007ffdf1f80000 - 0x00007ffdf1f8c000 	C:\Windows\SYSTEM32\CRYPTBASE.dll
0x00007ffdf1100000 - 0x00007ffdf1133000 	C:\Windows\SYSTEM32\IPHLPAPI.DLL
0x00007ffdf3840000 - 0x00007ffdf384a000 	C:\Windows\System32\NSI.dll
0x00007ffdb2e20000 - 0x00007ffdb2e69000 	C:\Users\khoi van\AppData\Local\Temp\jna--1410877574\jna16181402056472503839.dll
0x00007ffdf56b0000 - 0x00007ffdf56b8000 	C:\Windows\System32\PSAPI.DLL
0x00007ffde89b0000 - 0x00007ffde89cf000 	C:\Windows\SYSTEM32\dhcpcsvc6.DLL
0x00007ffde7b70000 - 0x00007ffde7b95000 	C:\Windows\SYSTEM32\dhcpcsvc.DLL

JVMTI agents:
c:\Users\khoi van\.vscode\extensions\redhat.java-1.44.0-win32-x64\lombok\lombok-1.18.39-4050.jar path:c:\Users\khoi van\.vscode\extensions\redhat.java-1.44.0-win32-x64\jre\21.0.8-win32-x86_64\bin\instrument.dll, loaded, initialized, instrumentlib options:none

dbghelp: loaded successfully - version: 4.0.5 - missing functions: none
symbol engine: initialized successfully - sym options: 0x614 - pdb path: .;c:\Users\khoi van\.vscode\extensions\redhat.java-1.44.0-win32-x64\jre\21.0.8-win32-x86_64\bin;C:\Windows\SYSTEM32;C:\Windows\WinSxS\amd64_microsoft.windows.common-controls_6595b64144ccf1df_6.0.26100.4768_none_3e0c112ce331287c;c:\Users\khoi van\.vscode\extensions\redhat.java-1.44.0-win32-x64\jre\21.0.8-win32-x86_64\bin\server;C:\Users\khoi van\AppData\Roaming\Code\User\globalStorage\redhat.java\1.44.0\config_ss_win\org.eclipse.equinox.launcher\org.eclipse.equinox.launcher.win32.win32.x86_64_1.2.1400.v20250730-1736;C:\Users\khoi van\AppData\Local\Temp\jna--1410877574

VM Arguments:
jvm_args: --add-modules=ALL-SYSTEM --add-opens=java.base/java.util=ALL-UNNAMED --add-opens=java.base/java.lang=ALL-UNNAMED --add-opens=java.base/sun.nio.fs=ALL-UNNAMED -Declipse.application=org.eclipse.jdt.ls.core.id1 -Dosgi.bundles.defaultStartLevel=4 -Declipse.product=org.eclipse.jdt.ls.core.product -Djava.import.generatesMetadataFilesAtProjectRoot=false -DDetectVMInstallationsJob.disabled=true -Dfile.encoding=utf8 -Xlog:disable -Xmx6G -javaagent:c:\Users\khoi van\.vscode\extensions\redhat.java-1.44.0-win32-x64\lombok\lombok-1.18.39-4050.jar 
java_command: c:\Users\khoi van\.vscode\extensions\redhat.java-1.44.0-win32-x64\server\plugins\org.eclipse.equinox.launcher_1.7.0.v20250519-0528.jar -configuration c:\Users\khoi van\AppData\Roaming\Code\User\globalStorage\redhat.java\1.44.0\config_ss_win -data c:\Users\khoi van\AppData\Roaming\Code\User\workspaceStorage\8d4484f3ca12837ad4209da0b6ca0ea4\redhat.java\ss_ws --pipe=\\.\pipe\lsp-502329724969ffb7d67ff1dc2484ab8a-sock
java_class_path (initial): c:\Users\khoi van\.vscode\extensions\redhat.java-1.44.0-win32-x64\server\plugins\org.eclipse.equinox.launcher_1.7.0.v20250519-0528.jar
Launcher Type: SUN_STANDARD

[Global flags]
     intx CICompilerCount                          = 4                                         {product} {ergonomic}
     uint ConcGCThreads                            = 3                                         {product} {ergonomic}
     uint G1ConcRefinementThreads                  = 10                                        {product} {ergonomic}
   size_t G1HeapRegionSize                         = 4194304                                   {product} {ergonomic}
    uintx GCDrainStackTargetSize                   = 64                                        {product} {ergonomic}
   size_t InitialHeapSize                          = 264241152                                 {product} {ergonomic}
   size_t MarkStackSize                            = 4194304                                   {product} {ergonomic}
   size_t MaxHeapSize                              = 6442450944                                {product} {command line}
   size_t MaxNewSize                               = 3862953984                                {product} {ergonomic}
   size_t MinHeapDeltaBytes                        = 4194304                                   {product} {ergonomic}
   size_t MinHeapSize                              = 8388608                                   {product} {ergonomic}
    uintx NonNMethodCodeHeapSize                   = 5839372                                {pd product} {ergonomic}
    uintx NonProfiledCodeHeapSize                  = 122909434                              {pd product} {ergonomic}
    uintx ProfiledCodeHeapSize                     = 122909434                              {pd product} {ergonomic}
    uintx ReservedCodeCacheSize                    = 251658240                              {pd product} {ergonomic}
     bool SegmentedCodeCache                       = true                                      {product} {ergonomic}
   size_t SoftMaxHeapSize                          = 6442450944                             {manageable} {ergonomic}
     bool UseCompressedOops                        = true                           {product lp64_product} {ergonomic}
     bool UseG1GC                                  = true                                      {product} {ergonomic}
     bool UseLargePagesIndividualAllocation        = false                                  {pd product} {ergonomic}

Logging:
Log output configuration:
 #0: stdout all=off uptime,level,tags foldmultilines=false
 #1: stderr all=off uptime,level,tags foldmultilines=false

Environment Variables:
JAVA_HOME=C:\Program Files\Eclipse Adoptium\jdk-17.0.15.6-hotspot\
PATH=C:\Program Files\Eclipse Adoptium\jdk-17.0.15.6-hotspot\bin;C:\Windows\system32;C:\Windows;C:\Windows\System32\Wbem;C:\Windows\System32\WindowsPowerShell\v1.0\;C:\Windows\System32\OpenSSH\;C:\Program Files (x86)\NVIDIA Corporation\PhysX\Common;C:\Program Files\NVIDIA Corporation\NVIDIA NvDLISR;C:\Program Files\Git\cmd;C:\Program Files\TortoiseGit\bin;C:\Users\khoi van\AppData\Local\Programs\Python\Python313\Scripts\;C:\Users\khoi van\AppData\Local\Programs\Python\Python313\;C:\Users\khoi van\AppData\Local\Programs\Python\Launcher\;C:\Users\khoi van\AppData\Local\Microsoft\WindowsApps;C:\Users\khoi van\AppData\Local\Programs\Microsoft VS Code\bin;C:\MinGW\bin;C:\Users\khoi van\AppData\Local\Programs\cursor\resources\app\bin
USERNAME=khoi van
OS=Windows_NT
PROCESSOR_IDENTIFIER=Intel64 Family 6 Model 151 Stepping 2, GenuineIntel
TMP=C:\Users\KHOIVA~1\AppData\Local\Temp
TEMP=C:\Users\KHOIVA~1\AppData\Local\Temp




Periodic native trim disabled

---------------  S Y S T E M  ---------------

OS:
 Windows 11 , 64 bit Build 26100 (10.0.26100.4768)
OS uptime: 8 days 23:08 hours

CPU: total 12 (initial active 12) (6 cores per cpu, 2 threads per core) family 6 model 151 stepping 2 microcode 0x36, cx8, cmov, fxsr, ht, mmx, 3dnowpref, sse, sse2, sse3, ssse3, sse4.1, sse4.2, popcnt, lzcnt, tsc, tscinvbit, avx, avx2, aes, erms, clmul, bmi1, bmi2, adx, sha, fma, vzeroupper, clflush, clflushopt, clwb, serialize, rdtscp, rdpid, fsrm, f16c, pku, cet_ibt, cet_ss
Processor Information for processor 0
  Max Mhz: 2400, Current Mhz: 2400, Mhz Limit: 2400
Processor Information for processor 1
  Max Mhz: 2400, Current Mhz: 2400, Mhz Limit: 2400
Processor Information for processor 2
  Max Mhz: 2400, Current Mhz: 2400, Mhz Limit: 2400
Processor Information for processor 3
  Max Mhz: 2400, Current Mhz: 2400, Mhz Limit: 2400
Processor Information for processor 4
  Max Mhz: 2400, Current Mhz: 2400, Mhz Limit: 2400
Processor Information for processor 5
  Max Mhz: 2400, Current Mhz: 2400, Mhz Limit: 2400
Processor Information for processor 6
  Max Mhz: 2400, Current Mhz: 2400, Mhz Limit: 2400
Processor Information for processor 7
  Max Mhz: 2400, Current Mhz: 2400, Mhz Limit: 2400
Processor Information for processor 8
  Max Mhz: 2400, Current Mhz: 2400, Mhz Limit: 2400
Processor Information for processor 9
  Max Mhz: 2400, Current Mhz: 1466, Mhz Limit: 2400
Processor Information for processor 10
  Max Mhz: 2400, Current Mhz: 2400, Mhz Limit: 2400
Processor Information for processor 11
  Max Mhz: 2400, Current Mhz: 2400, Mhz Limit: 2400

Memory: 4k page, system-wide physical 16091M (1399M free)
TotalPageFile size 55095M (AvailPageFile size 40M)
current process WorkingSet (physical memory assigned to process): 294M, peak: 296M
current process commit charge ("private bytes"): 326M, peak: 398M

vm_info: OpenJDK 64-Bit Server VM (21.0.8+9-LTS) for windows-amd64 JRE (21.0.8+9-LTS), built on 2025-07-15T00:00:00Z by "admin" with MS VC++ 17.7 (VS2022)

END.
