#
# There is insufficient memory for the Java Runtime Environment to continue.
# Native memory allocation (malloc) failed to allocate 1411888 bytes. Error detail: Chunk::new
# Possible reasons:
#   The system is out of physical RAM or swap space
#   This process is running with CompressedOops enabled, and the Java Heap may be blocking the growth of the native heap
# Possible solutions:
#   Reduce memory load on the system
#   Increase physical memory or swap space
#   Check if swap backing store is full
#   Decrease Java heap size (-Xmx/-Xms)
#   Decrease number of Java threads
#   Decrease Java thread stack sizes (-Xss)
#   Set larger code cache with -XX:ReservedCodeCacheSize=
#   JVM is running with Unscaled Compressed Oops mode in which the Java heap is
#     placed in the first 4GB address space. The Java Heap base address is the
#     maximum limit for the native heap growth. Please use -XX:HeapBaseMinAddress
#     to set the Java Heap base and to place the Java Heap above 4GB virtual address.
# This output file may be truncated or incomplete.
#
#  Out of Memory Error (arena.cpp:191), pid=44564, tid=26560
#
# JRE version: OpenJDK Runtime Environment Temurin-17.0.15+6 (17.0.15+6) (build 17.0.15+6)
# Java VM: OpenJDK 64-Bit Server VM Temurin-17.0.15+6 (17.0.15+6, mixed mode, sharing, tiered, compressed oops, compressed class ptrs, g1 gc, windows-amd64)
# No core dump will be written. Minidumps are not enabled by default on client versions of Windows
#

---------------  S U M M A R Y ------------

Command Line: --add-opens=java.base/java.lang=ALL-UNNAMED --add-opens=java.base/java.lang.invoke=ALL-UNNAMED --add-opens=java.base/java.util=ALL-UNNAMED --add-opens=java.prefs/java.util.prefs=ALL-UNNAMED --add-exports=jdk.compiler/com.sun.tools.javac.api=ALL-UNNAMED --add-exports=jdk.compiler/com.sun.tools.javac.util=ALL-UNNAMED --add-opens=java.base/java.util=ALL-UNNAMED --add-opens=java.prefs/java.util.prefs=ALL-UNNAMED --add-opens=java.base/java.nio.charset=ALL-UNNAMED --add-opens=java.base/java.net=ALL-UNNAMED --add-opens=java.base/java.util.concurrent.atomic=ALL-UNNAMED --add-opens=java.xml/javax.xml.namespace=ALL-UNNAMED -XX:MaxMetaspaceSize=384m -XX:+HeapDumpOnOutOfMemoryError -Xms256m -Xmx512m -Dfile.encoding=UTF-8 -Duser.country=US -Duser.language=en -Duser.variant -javaagent:C:\Users\khoi van\.gradle\wrapper\dists\gradle-8.14.3-bin\cv11ve7ro1n3o1j4so8xd9n66\gradle-8.14.3\lib\agents\gradle-instrumentation-agent-8.14.3.jar org.gradle.launcher.daemon.bootstrap.GradleDaemon 8.14.3

Host: 12th Gen Intel(R) Core(TM) i5-12450HX, 12 cores, 15G,  Windows 11 , 64 bit Build 26100 (10.0.26100.4768)
Time: Tue Sep  2 12:21:23 2025 SE Asia Standard Time elapsed time: 12.301496 seconds (0d 0h 0m 12s)

---------------  T H R E A D  ---------------

Current thread (0x000002695906d960):  JavaThread "C2 CompilerThread1" daemon [_thread_in_native, id=26560, stack(0x000000ded9100000,0x000000ded9200000)]


Current CompileTask:
C2:  12301 5918       4       java.io.ObjectOutputStream::writeClassDesc (60 bytes)

Stack: [0x000000ded9100000,0x000000ded9200000]
Native frames: (J=compiled Java code, j=interpreted, Vv=VM code, C=native code)
V  [jvm.dll+0x682fc9]
V  [jvm.dll+0x839878]
V  [jvm.dll+0x83b323]
V  [jvm.dll+0x83b993]
V  [jvm.dll+0x24725f]
V  [jvm.dll+0xacea4]
V  [jvm.dll+0xad53c]
V  [jvm.dll+0x365c6e]
V  [jvm.dll+0x1ba8d3]
V  [jvm.dll+0x2183a7]
V  [jvm.dll+0x21768f]
V  [jvm.dll+0x1a31b0]
V  [jvm.dll+0x227a9c]
V  [jvm.dll+0x225bfb]
V  [jvm.dll+0x7ef018]
V  [jvm.dll+0x7e94dc]
V  [jvm.dll+0x681ea7]
C  [ucrtbase.dll+0x37b0]
C  [KERNEL32.DLL+0x2e8d7]
C  [ntdll.dll+0x3c34c]


---------------  P R O C E S S  ---------------

Threads class SMR info:
_java_thread_list=0x00000269594f2e40, length=81, elements={
0x000002692285bbf0, 0x000002693f7b53f0, 0x000002693f7b5ec0, 0x000002693f7dc980,
0x000002693f7dd250, 0x000002693f7ddb20, 0x000002693f7e2be0, 0x000002693f7e37e0,
0x000002693f7e1800, 0x000002693f7ebd20, 0x000002693f7a1720, 0x000002693fae09e0,
0x000002695aa2c010, 0x0000026959db1160, 0x000002695ab3e4a0, 0x000002695abc9740,
0x000002695abc9ff0, 0x000002695a371670, 0x000002695a371b80, 0x000002695a372fc0,
0x000002695a373ef0, 0x000002695a374910, 0x000002695a3739e0, 0x000002695a3725a0,
0x000002695a372ab0, 0x000002695b0ce110, 0x000002695b0cd6f0, 0x000002695b0ceb30,
0x000002695b0cfa60, 0x000002695b0cdc00, 0x000002695b0cf040, 0x000002695b0cccd0,
0x000002695b0cff70, 0x000002695b0d0ea0, 0x000002695b0d1dd0, 0x000002695b0d18c0,
0x000002695b0ce620, 0x000002695b0d27f0, 0x000002695b0d3c30, 0x000002695b0d22e0,
0x000002695b0d3210, 0x000002695c05b430, 0x000002695c05d290, 0x000002695c05dcb0,
0x000002695c05e6d0, 0x000002695c05d7a0, 0x000002695c05e1c0, 0x000002695c05c360,
0x000002695c05af20, 0x000002695c05b940, 0x000002695c05cd80, 0x000002695c05c870,
0x000002695c05be50, 0x000002695c5bba20, 0x000002695c5bbf30, 0x000002695c5baaf0,
0x000002695c5bd370, 0x000002695906d960, 0x000002695c5bc440, 0x000002695c5bc950,
0x000002695c5bb000, 0x000002695c5bb510, 0x000002695c5ba5e0, 0x000002695c5b9bc0,
0x000002695c5ba0d0, 0x000002695906b430, 0x000002695c5bfbf0, 0x000002695c5bd880,
0x000002695c5bdd90, 0x000002695c5be2a0, 0x000002695c5becc0, 0x000002695c5bf6e0,
0x000002695c5be7b0, 0x000002695c5bf1d0, 0x000002695c5c0100, 0x000002695c5c0610,
0x000002695c5bce60, 0x000002695c5c0b20, 0x000002695c5c1030, 0x000002695c5c1540,
0x000002695c8efee0
}

Java Threads: ( => current thread )
  0x000002692285bbf0 JavaThread "main" [_thread_blocked, id=32292, stack(0x000000ded4600000,0x000000ded4700000)]
  0x000002693f7b53f0 JavaThread "Reference Handler" daemon [_thread_blocked, id=38592, stack(0x000000ded4d00000,0x000000ded4e00000)]
  0x000002693f7b5ec0 JavaThread "Finalizer" daemon [_thread_blocked, id=3748, stack(0x000000ded4e00000,0x000000ded4f00000)]
  0x000002693f7dc980 JavaThread "Signal Dispatcher" daemon [_thread_blocked, id=44576, stack(0x000000ded4f00000,0x000000ded5000000)]
  0x000002693f7dd250 JavaThread "Attach Listener" daemon [_thread_blocked, id=37568, stack(0x000000ded5000000,0x000000ded5100000)]
  0x000002693f7ddb20 JavaThread "Service Thread" daemon [_thread_blocked, id=19480, stack(0x000000ded5100000,0x000000ded5200000)]
  0x000002693f7e2be0 JavaThread "Monitor Deflation Thread" daemon [_thread_blocked, id=30156, stack(0x000000ded5200000,0x000000ded5300000)]
  0x000002693f7e37e0 JavaThread "C2 CompilerThread0" daemon [_thread_in_native, id=42556, stack(0x000000ded5300000,0x000000ded5400000)]
  0x000002693f7e1800 JavaThread "C1 CompilerThread0" daemon [_thread_blocked, id=4168, stack(0x000000ded5400000,0x000000ded5500000)]
  0x000002693f7ebd20 JavaThread "Sweeper thread" daemon [_thread_blocked, id=18520, stack(0x000000ded5500000,0x000000ded5600000)]
  0x000002693f7a1720 JavaThread "Common-Cleaner" daemon [_thread_blocked, id=29192, stack(0x000000ded5600000,0x000000ded5700000)]
  0x000002693fae09e0 JavaThread "Notification Thread" daemon [_thread_blocked, id=3604, stack(0x000000ded5700000,0x000000ded5800000)]
  0x000002695aa2c010 JavaThread "Daemon health stats" [_thread_blocked, id=7440, stack(0x000000ded5a00000,0x000000ded5b00000)]
  0x0000026959db1160 JavaThread "Incoming local TCP Connector on port 54152" [_thread_in_native, id=24660, stack(0x000000ded6000000,0x000000ded6100000)]
  0x000002695ab3e4a0 JavaThread "Daemon periodic checks" [_thread_blocked, id=44636, stack(0x000000ded6100000,0x000000ded6200000)]
  0x000002695abc9740 JavaThread "Daemon" [_thread_blocked, id=7592, stack(0x000000ded6200000,0x000000ded6300000)]
  0x000002695abc9ff0 JavaThread "Handler for socket connection from /127.0.0.1:54152 to /127.0.0.1:54153" [_thread_in_native, id=18828, stack(0x000000ded6300000,0x000000ded6400000)]
  0x000002695a371670 JavaThread "Cancel handler" [_thread_blocked, id=12680, stack(0x000000ded6400000,0x000000ded6500000)]
  0x000002695a371b80 JavaThread "Daemon worker" [_thread_in_vm, id=40008, stack(0x000000ded6500000,0x000000ded6600000)]
  0x000002695a372fc0 JavaThread "Asynchronous log dispatcher for DefaultDaemonConnection: socket connection from /127.0.0.1:54152 to /127.0.0.1:54153" [_thread_blocked, id=44796, stack(0x000000ded6600000,0x000000ded6700000)]
  0x000002695a373ef0 JavaThread "Stdin handler" [_thread_blocked, id=13796, stack(0x000000ded6700000,0x000000ded6800000)]
  0x000002695a374910 JavaThread "Daemon client event forwarder" [_thread_blocked, id=20776, stack(0x000000ded6800000,0x000000ded6900000)]
  0x000002695a3739e0 JavaThread "Cache worker for journal cache (C:\Users\khoi van\.gradle\caches\journal-1)" [_thread_blocked, id=16916, stack(0x000000ded5900000,0x000000ded5a00000)]
  0x000002695a3725a0 JavaThread "File lock request listener" [_thread_in_native, id=22348, stack(0x000000ded6900000,0x000000ded6a00000)]
  0x000002695a372ab0 JavaThread "Cache worker for file hash cache (C:\Users\khoi van\.gradle\caches\8.14.3\fileHashes)" [_thread_blocked, id=12160, stack(0x000000ded6a00000,0x000000ded6b00000)]
  0x000002695b0ce110 JavaThread "File lock release action executor" [_thread_blocked, id=41916, stack(0x000000ded6b00000,0x000000ded6c00000)]
  0x000002695b0cd6f0 JavaThread "Cache worker for file hash cache (D:\laptrinhmang\demo\.gradle\8.14.3\fileHashes)" [_thread_blocked, id=33892, stack(0x000000ded6e00000,0x000000ded6f00000)]
  0x000002695b0ceb30 JavaThread "Cache worker for Build Output Cleanup Cache (D:\laptrinhmang\demo\.gradle\buildOutputCleanup)" [_thread_blocked, id=44860, stack(0x000000ded6f00000,0x000000ded7000000)]
  0x000002695b0cfa60 JavaThread "File watcher server" daemon [_thread_in_native, id=39148, stack(0x000000ded7600000,0x000000ded7700000)]
  0x000002695b0cdc00 JavaThread "File watcher consumer" daemon [_thread_blocked, id=44616, stack(0x000000ded7700000,0x000000ded7800000)]
  0x000002695b0cf040 JavaThread "jar transforms" [_thread_blocked, id=7288, stack(0x000000ded7800000,0x000000ded7900000)]
  0x000002695b0cccd0 JavaThread "jar transforms Thread 2" [_thread_blocked, id=38512, stack(0x000000ded7900000,0x000000ded7a00000)]
  0x000002695b0cff70 JavaThread "jar transforms Thread 3" [_thread_blocked, id=12972, stack(0x000000ded7a00000,0x000000ded7b00000)]
  0x000002695b0d0ea0 JavaThread "jar transforms Thread 4" [_thread_blocked, id=28376, stack(0x000000ded7b00000,0x000000ded7c00000)]
  0x000002695b0d1dd0 JavaThread "jar transforms Thread 5" [_thread_blocked, id=37200, stack(0x000000ded7c00000,0x000000ded7d00000)]
  0x000002695b0d18c0 JavaThread "Cache worker for checksums cache (D:\laptrinhmang\demo\.gradle\8.14.3\checksums)" [_thread_blocked, id=19352, stack(0x000000ded7d00000,0x000000ded7e00000)]
  0x000002695b0ce620 JavaThread "Cache worker for file content cache (C:\Users\khoi van\.gradle\caches\8.14.3\fileContent)" [_thread_blocked, id=24912, stack(0x000000ded7e00000,0x000000ded7f00000)]
  0x000002695b0d27f0 JavaThread "jar transforms Thread 6" [_thread_blocked, id=13920, stack(0x000000ded7f00000,0x000000ded8000000)]
  0x000002695b0d3c30 JavaThread "jar transforms Thread 7" [_thread_blocked, id=15288, stack(0x000000ded8000000,0x000000ded8100000)]
  0x000002695b0d22e0 JavaThread "jar transforms Thread 8" [_thread_blocked, id=6444, stack(0x000000ded8100000,0x000000ded8200000)]
  0x000002695b0d3210 JavaThread "jar transforms Thread 9" [_thread_blocked, id=21652, stack(0x000000ded8200000,0x000000ded8300000)]
  0x000002695c05b430 JavaThread "jar transforms Thread 10" [_thread_blocked, id=20156, stack(0x000000ded6d00000,0x000000ded6e00000)]
  0x000002695c05d290 JavaThread "jar transforms Thread 11" [_thread_blocked, id=18224, stack(0x000000ded8300000,0x000000ded8400000)]
  0x000002695c05dcb0 JavaThread "Cache worker for cache directory md-supplier (C:\Users\khoi van\.gradle\caches\8.14.3\md-supplier)" [_thread_blocked, id=19516, stack(0x000000ded8400000,0x000000ded8500000)]
  0x000002695c05e6d0 JavaThread "Cache worker for cache directory md-rule (C:\Users\khoi van\.gradle\caches\8.14.3\md-rule)" [_thread_blocked, id=19716, stack(0x000000ded8500000,0x000000ded8600000)]
  0x000002695c05d7a0 JavaThread "jar transforms Thread 12" [_thread_blocked, id=10828, stack(0x000000ded8600000,0x000000ded8700000)]
  0x000002695c05e1c0 JavaThread "Unconstrained build operations" [_thread_blocked, id=35036, stack(0x000000ded6c00000,0x000000ded6d00000)]
  0x000002695c05c360 JavaThread "Unconstrained build operations Thread 2" [_thread_blocked, id=6004, stack(0x000000ded8700000,0x000000ded8800000)]
  0x000002695c05af20 JavaThread "Unconstrained build operations Thread 3" [_thread_blocked, id=39620, stack(0x000000ded8800000,0x000000ded8900000)]
  0x000002695c05b940 JavaThread "Unconstrained build operations Thread 4" [_thread_blocked, id=27204, stack(0x000000ded8900000,0x000000ded8a00000)]
  0x000002695c05cd80 JavaThread "Unconstrained build operations Thread 5" [_thread_blocked, id=28804, stack(0x000000ded8a00000,0x000000ded8b00000)]
  0x000002695c05c870 JavaThread "Unconstrained build operations Thread 6" [_thread_blocked, id=33744, stack(0x000000ded8b00000,0x000000ded8c00000)]
  0x000002695c05be50 JavaThread "Unconstrained build operations Thread 7" [_thread_blocked, id=35860, stack(0x000000ded8c00000,0x000000ded8d00000)]
  0x000002695c5bba20 JavaThread "Unconstrained build operations Thread 8" [_thread_blocked, id=4928, stack(0x000000ded8d00000,0x000000ded8e00000)]
  0x000002695c5bbf30 JavaThread "Unconstrained build operations Thread 9" [_thread_blocked, id=20264, stack(0x000000ded8e00000,0x000000ded8f00000)]
  0x000002695c5baaf0 JavaThread "Unconstrained build operations Thread 10" [_thread_blocked, id=4320, stack(0x000000ded8f00000,0x000000ded9000000)]
  0x000002695c5bd370 JavaThread "Unconstrained build operations Thread 11" [_thread_blocked, id=38096, stack(0x000000ded9000000,0x000000ded9100000)]
=>0x000002695906d960 JavaThread "C2 CompilerThread1" daemon [_thread_in_native, id=26560, stack(0x000000ded9100000,0x000000ded9200000)]
  0x000002695c5bc440 JavaThread "Unconstrained build operations Thread 12" [_thread_blocked, id=38488, stack(0x000000ded9200000,0x000000ded9300000)]
  0x000002695c5bc950 JavaThread "Unconstrained build operations Thread 13" [_thread_blocked, id=38604, stack(0x000000ded9300000,0x000000ded9400000)]
  0x000002695c5bb000 JavaThread "Unconstrained build operations Thread 14" [_thread_blocked, id=44104, stack(0x000000ded9400000,0x000000ded9500000)]
  0x000002695c5bb510 JavaThread "Unconstrained build operations Thread 15" [_thread_blocked, id=30664, stack(0x000000ded9500000,0x000000ded9600000)]
  0x000002695c5ba5e0 JavaThread "Unconstrained build operations Thread 16" [_thread_blocked, id=21568, stack(0x000000ded9600000,0x000000ded9700000)]
  0x000002695c5b9bc0 JavaThread "Unconstrained build operations Thread 17" [_thread_blocked, id=21572, stack(0x000000ded9700000,0x000000ded9800000)]
  0x000002695c5ba0d0 JavaThread "Unconstrained build operations Thread 18" [_thread_blocked, id=21592, stack(0x000000ded9800000,0x000000ded9900000)]
  0x000002695906b430 JavaThread "C2 CompilerThread2" daemon [_thread_in_native, id=21588, stack(0x000000ded9900000,0x000000ded9a00000)]
  0x000002695c5bfbf0 JavaThread "Unconstrained build operations Thread 19" [_thread_blocked, id=21596, stack(0x000000ded9a00000,0x000000ded9b00000)]
  0x000002695c5bd880 JavaThread "Unconstrained build operations Thread 20" [_thread_blocked, id=21600, stack(0x000000ded9b00000,0x000000ded9c00000)]
  0x000002695c5bdd90 JavaThread "Unconstrained build operations Thread 21" [_thread_blocked, id=21176, stack(0x000000ded9c00000,0x000000ded9d00000)]
  0x000002695c5be2a0 JavaThread "Unconstrained build operations Thread 22" [_thread_blocked, id=21628, stack(0x000000ded9d00000,0x000000ded9e00000)]
  0x000002695c5becc0 JavaThread "Unconstrained build operations Thread 23" [_thread_blocked, id=21640, stack(0x000000ded9e00000,0x000000ded9f00000)]
  0x000002695c5bf6e0 JavaThread "Unconstrained build operations Thread 24" [_thread_blocked, id=21644, stack(0x000000ded9f00000,0x000000deda000000)]
  0x000002695c5be7b0 JavaThread "Unconstrained build operations Thread 25" [_thread_blocked, id=28596, stack(0x000000deda000000,0x000000deda100000)]
  0x000002695c5bf1d0 JavaThread "Unconstrained build operations Thread 26" [_thread_blocked, id=36228, stack(0x000000deda100000,0x000000deda200000)]
  0x000002695c5c0100 JavaThread "Unconstrained build operations Thread 27" [_thread_blocked, id=9568, stack(0x000000deda200000,0x000000deda300000)]
  0x000002695c5c0610 JavaThread "Unconstrained build operations Thread 28" [_thread_blocked, id=10008, stack(0x000000deda300000,0x000000deda400000)]
  0x000002695c5bce60 JavaThread "Unconstrained build operations Thread 29" [_thread_blocked, id=2656, stack(0x000000deda400000,0x000000deda500000)]
  0x000002695c5c0b20 JavaThread "Unconstrained build operations Thread 30" [_thread_blocked, id=19896, stack(0x000000deda500000,0x000000deda600000)]
  0x000002695c5c1030 JavaThread "Unconstrained build operations Thread 31" [_thread_blocked, id=34324, stack(0x000000deda600000,0x000000deda700000)]
  0x000002695c5c1540 JavaThread "Unconstrained build operations Thread 32" [_thread_blocked, id=39668, stack(0x000000deda700000,0x000000deda800000)]
  0x000002695c8efee0 JavaThread "Unconstrained build operations Thread 33" [_thread_blocked, id=44848, stack(0x000000deda800000,0x000000deda900000)]

Other Threads:
  0x000002693f7b0850 VMThread "VM Thread" [stack: 0x000000ded4c00000,0x000000ded4d00000] [id=44496]
  0x000002692285c980 WatcherThread [stack: 0x000000ded5800000,0x000000ded5900000] [id=34704]
  0x000002692288b3f0 GCTaskThread "GC Thread#0" [stack: 0x000000ded4700000,0x000000ded4800000] [id=4564]
  0x000002695901b070 GCTaskThread "GC Thread#1" [stack: 0x000000ded5b00000,0x000000ded5c00000] [id=23120]
  0x0000026959386de0 GCTaskThread "GC Thread#2" [stack: 0x000000ded5c00000,0x000000ded5d00000] [id=26344]
  0x000002695964fa20 GCTaskThread "GC Thread#3" [stack: 0x000000ded5d00000,0x000000ded5e00000] [id=39044]
  0x000002695964fce0 GCTaskThread "GC Thread#4" [stack: 0x000000ded5e00000,0x000000ded5f00000] [id=45052]
  0x00000269592bdf70 GCTaskThread "GC Thread#5" [stack: 0x000000ded5f00000,0x000000ded6000000] [id=36176]
  0x000002695c0c0740 GCTaskThread "GC Thread#6" [stack: 0x000000ded7000000,0x000000ded7100000] [id=44312]
  0x000002695c0c0f80 GCTaskThread "GC Thread#7" [stack: 0x000000ded7100000,0x000000ded7200000] [id=42360]
  0x000002695c0c1a80 GCTaskThread "GC Thread#8" [stack: 0x000000ded7200000,0x000000ded7300000] [id=29056]
  0x000002695c0c0a00 GCTaskThread "GC Thread#9" [stack: 0x000000ded7300000,0x000000ded7400000] [id=44548]
  0x0000026922892f40 ConcurrentGCThread "G1 Main Marker" [stack: 0x000000ded4800000,0x000000ded4900000] [id=7072]
  0x0000026922894ec0 ConcurrentGCThread "G1 Conc#0" [stack: 0x000000ded4900000,0x000000ded4a00000] [id=30856]
  0x000002695c0c0cc0 ConcurrentGCThread "G1 Conc#1" [stack: 0x000000ded7400000,0x000000ded7500000] [id=6188]
  0x000002695c0c1500 ConcurrentGCThread "G1 Conc#2" [stack: 0x000000ded7500000,0x000000ded7600000] [id=44240]
  0x00000269228fd010 ConcurrentGCThread "G1 Refine#0" [stack: 0x000000ded4a00000,0x000000ded4b00000] [id=44584]
  0x00000269228fd7f0 ConcurrentGCThread "G1 Service" [stack: 0x000000ded4b00000,0x000000ded4c00000] [id=25392]

Threads with active compile tasks:
C2 CompilerThread0    12330 6245       4       com.google.common.collect.RegularImmutableMap::checkNoConflictInKeyBucket (85 bytes)
C1 CompilerThread0    12330 6251       3       com.google.common.collect.AbstractMapBasedMultimap$WrappedCollection$WrappedIterator::<init> (32 bytes)
C2 CompilerThread1    12330 5918       4       java.io.ObjectOutputStream::writeClassDesc (60 bytes)
C2 CompilerThread2    12330 6222   !   4       java.io.ObjectOutputStream::writeObject0 (620 bytes)

VM state: not at safepoint (normal execution)

VM Mutex/Monitor currently owned by a thread: None

Heap address: 0x00000000e0000000, size: 512 MB, Compressed Oops mode: 32-bit

CDS archive(s) mapped at: [0x0000026940000000-0x0000026940bb0000-0x0000026940bb0000), size 12255232, SharedBaseAddress: 0x0000026940000000, ArchiveRelocationMode: 1.
Compressed class space mapped at: 0x0000026941000000-0x0000026955000000, reserved size: 335544320
Narrow klass base: 0x0000026940000000, Narrow klass shift: 0, Narrow klass range: 0x100000000

GC Precious Log:
 CPUs: 12 total, 12 available
 Memory: 16091M
 Large Page Support: Disabled
 NUMA Support: Disabled
 Compressed Oops: Enabled (32-bit)
 Heap Region Size: 1M
 Heap Min Capacity: 256M
 Heap Initial Capacity: 256M
 Heap Max Capacity: 512M
 Pre-touch: Disabled
 Parallel Workers: 10
 Concurrent Workers: 3
 Concurrent Refinement Workers: 10
 Periodic GC: Disabled

Heap:
 garbage-first heap   total 262144K, used 53944K [0x00000000e0000000, 0x0000000100000000)
  region size 1024K, 24 young (24576K), 8 survivors (8192K)
 Metaspace       used 49937K, committed 50496K, reserved 393216K
  class space    used 7013K, committed 7296K, reserved 327680K

Heap Regions: E=young(eden), S=young(survivor), O=old, HS=humongous(starts), HC=humongous(continues), CS=collection set, F=free, OA=open archive, CA=closed archive, TAMS=top-at-mark-start (previous, next)
|   0|0x00000000e0000000, 0x00000000e0100000, 0x00000000e0100000|100%|HS|  |TAMS 0x00000000e0100000, 0x00000000e0000000| Complete 
|   1|0x00000000e0100000, 0x00000000e0200000, 0x00000000e0200000|100%|HC|  |TAMS 0x00000000e0200000, 0x00000000e0100000| Complete 
|   2|0x00000000e0200000, 0x00000000e0300000, 0x00000000e0300000|100%|HC|  |TAMS 0x00000000e0300000, 0x00000000e0200000| Complete 
|   3|0x00000000e0300000, 0x00000000e0400000, 0x00000000e0400000|100%| O|  |TAMS 0x00000000e0400000, 0x00000000e0300000| Untracked 
|   4|0x00000000e0400000, 0x00000000e0500000, 0x00000000e0500000|100%| O|  |TAMS 0x00000000e0500000, 0x00000000e0400000| Untracked 
|   5|0x00000000e0500000, 0x00000000e0600000, 0x00000000e0600000|100%| O|  |TAMS 0x00000000e0600000, 0x00000000e0500000| Untracked 
|   6|0x00000000e0600000, 0x00000000e0700000, 0x00000000e0700000|100%|HS|  |TAMS 0x00000000e0700000, 0x00000000e0600000| Complete 
|   7|0x00000000e0700000, 0x00000000e0800000, 0x00000000e0800000|100%| O|  |TAMS 0x00000000e0800000, 0x00000000e0700000| Untracked 
|   8|0x00000000e0800000, 0x00000000e0800000, 0x00000000e0900000|  0%| F|  |TAMS 0x00000000e0800000, 0x00000000e0800000| Untracked 
|   9|0x00000000e0900000, 0x00000000e0a00000, 0x00000000e0a00000|100%| O|  |TAMS 0x00000000e0a00000, 0x00000000e0900000| Untracked 
|  10|0x00000000e0a00000, 0x00000000e0b00000, 0x00000000e0b00000|100%| O|  |TAMS 0x00000000e0b00000, 0x00000000e0a00000| Untracked 
|  11|0x00000000e0b00000, 0x00000000e0c00000, 0x00000000e0c00000|100%| O|  |TAMS 0x00000000e0c00000, 0x00000000e0b00000| Untracked 
|  12|0x00000000e0c00000, 0x00000000e0d00000, 0x00000000e0d00000|100%| O|  |TAMS 0x00000000e0d00000, 0x00000000e0c00000| Untracked 
|  13|0x00000000e0d00000, 0x00000000e0e00000, 0x00000000e0e00000|100%| O|  |TAMS 0x00000000e0e00000, 0x00000000e0d00000| Untracked 
|  14|0x00000000e0e00000, 0x00000000e0f00000, 0x00000000e0f00000|100%| O|  |TAMS 0x00000000e0f00000, 0x00000000e0e00000| Untracked 
|  15|0x00000000e0f00000, 0x00000000e1000000, 0x00000000e1000000|100%| O|  |TAMS 0x00000000e1000000, 0x00000000e0f00000| Untracked 
|  16|0x00000000e1000000, 0x00000000e1100000, 0x00000000e1100000|100%| O|  |TAMS 0x00000000e1100000, 0x00000000e1000000| Untracked 
|  17|0x00000000e1100000, 0x00000000e1200000, 0x00000000e1200000|100%| O|  |TAMS 0x00000000e1200000, 0x00000000e1100000| Untracked 
|  18|0x00000000e1200000, 0x00000000e1300000, 0x00000000e1300000|100%| O|  |TAMS 0x00000000e1300000, 0x00000000e1200000| Untracked 
|  19|0x00000000e1300000, 0x00000000e1400000, 0x00000000e1400000|100%| O|  |TAMS 0x00000000e1400000, 0x00000000e1300000| Untracked 
|  20|0x00000000e1400000, 0x00000000e1500000, 0x00000000e1500000|100%| O|  |TAMS 0x00000000e1500000, 0x00000000e1400000| Untracked 
|  21|0x00000000e1500000, 0x00000000e1600000, 0x00000000e1600000|100%| O|  |TAMS 0x00000000e1600000, 0x00000000e1500000| Untracked 
|  22|0x00000000e1600000, 0x00000000e1700000, 0x00000000e1700000|100%| O|  |TAMS 0x00000000e1700000, 0x00000000e1600000| Untracked 
|  23|0x00000000e1700000, 0x00000000e1800000, 0x00000000e1800000|100%| O|  |TAMS 0x00000000e1800000, 0x00000000e1700000| Untracked 
|  24|0x00000000e1800000, 0x00000000e1900000, 0x00000000e1900000|100%| O|  |TAMS 0x00000000e1900000, 0x00000000e1800000| Untracked 
|  25|0x00000000e1900000, 0x00000000e1a00000, 0x00000000e1a00000|100%| O|  |TAMS 0x00000000e1a00000, 0x00000000e1900000| Untracked 
|  26|0x00000000e1a00000, 0x00000000e1b00000, 0x00000000e1b00000|100%| O|  |TAMS 0x00000000e1b00000, 0x00000000e1a00000| Untracked 
|  27|0x00000000e1b00000, 0x00000000e1c00000, 0x00000000e1c00000|100%| O|  |TAMS 0x00000000e1c00000, 0x00000000e1b00000| Untracked 
|  28|0x00000000e1c00000, 0x00000000e1d00000, 0x00000000e1d00000|100%| O|  |TAMS 0x00000000e1d00000, 0x00000000e1c00000| Untracked 
|  29|0x00000000e1d00000, 0x00000000e1e00000, 0x00000000e1e00000|100%| O|  |TAMS 0x00000000e1e00000, 0x00000000e1d00000| Untracked 
|  30|0x00000000e1e00000, 0x00000000e1f00000, 0x00000000e1f00000|100%| O|  |TAMS 0x00000000e1f00000, 0x00000000e1e00000| Untracked 
|  31|0x00000000e1f00000, 0x00000000e2000000, 0x00000000e2000000|100%| O|  |TAMS 0x00000000e2000000, 0x00000000e1f00000| Untracked 
|  32|0x00000000e2000000, 0x00000000e208ee00, 0x00000000e2100000| 55%| O|  |TAMS 0x00000000e208ee00, 0x00000000e2000000| Untracked 
|  33|0x00000000e2100000, 0x00000000e2100000, 0x00000000e2200000|  0%| F|  |TAMS 0x00000000e2100000, 0x00000000e2100000| Untracked 
|  34|0x00000000e2200000, 0x00000000e2200000, 0x00000000e2300000|  0%| F|  |TAMS 0x00000000e2200000, 0x00000000e2200000| Untracked 
|  35|0x00000000e2300000, 0x00000000e2300000, 0x00000000e2400000|  0%| F|  |TAMS 0x00000000e2300000, 0x00000000e2300000| Untracked 
|  36|0x00000000e2400000, 0x00000000e2400000, 0x00000000e2500000|  0%| F|  |TAMS 0x00000000e2400000, 0x00000000e2400000| Untracked 
|  37|0x00000000e2500000, 0x00000000e2500000, 0x00000000e2600000|  0%| F|  |TAMS 0x00000000e2500000, 0x00000000e2500000| Untracked 
|  38|0x00000000e2600000, 0x00000000e2600000, 0x00000000e2700000|  0%| F|  |TAMS 0x00000000e2600000, 0x00000000e2600000| Untracked 
|  39|0x00000000e2700000, 0x00000000e2700000, 0x00000000e2800000|  0%| F|  |TAMS 0x00000000e2700000, 0x00000000e2700000| Untracked 
|  40|0x00000000e2800000, 0x00000000e2800000, 0x00000000e2900000|  0%| F|  |TAMS 0x00000000e2800000, 0x00000000e2800000| Untracked 
|  41|0x00000000e2900000, 0x00000000e2900000, 0x00000000e2a00000|  0%| F|  |TAMS 0x00000000e2900000, 0x00000000e2900000| Untracked 
|  42|0x00000000e2a00000, 0x00000000e2a00000, 0x00000000e2b00000|  0%| F|  |TAMS 0x00000000e2a00000, 0x00000000e2a00000| Untracked 
|  43|0x00000000e2b00000, 0x00000000e2b00000, 0x00000000e2c00000|  0%| F|  |TAMS 0x00000000e2b00000, 0x00000000e2b00000| Untracked 
|  44|0x00000000e2c00000, 0x00000000e2c00000, 0x00000000e2d00000|  0%| F|  |TAMS 0x00000000e2c00000, 0x00000000e2c00000| Untracked 
|  45|0x00000000e2d00000, 0x00000000e2d00000, 0x00000000e2e00000|  0%| F|  |TAMS 0x00000000e2d00000, 0x00000000e2d00000| Untracked 
|  46|0x00000000e2e00000, 0x00000000e2e00000, 0x00000000e2f00000|  0%| F|  |TAMS 0x00000000e2e00000, 0x00000000e2e00000| Untracked 
|  47|0x00000000e2f00000, 0x00000000e2f00000, 0x00000000e3000000|  0%| F|  |TAMS 0x00000000e2f00000, 0x00000000e2f00000| Untracked 
|  48|0x00000000e3000000, 0x00000000e3000000, 0x00000000e3100000|  0%| F|  |TAMS 0x00000000e3000000, 0x00000000e3000000| Untracked 
|  49|0x00000000e3100000, 0x00000000e3100000, 0x00000000e3200000|  0%| F|  |TAMS 0x00000000e3100000, 0x00000000e3100000| Untracked 
|  50|0x00000000e3200000, 0x00000000e3200000, 0x00000000e3300000|  0%| F|  |TAMS 0x00000000e3200000, 0x00000000e3200000| Untracked 
|  51|0x00000000e3300000, 0x00000000e3300000, 0x00000000e3400000|  0%| F|  |TAMS 0x00000000e3300000, 0x00000000e3300000| Untracked 
|  52|0x00000000e3400000, 0x00000000e3400000, 0x00000000e3500000|  0%| F|  |TAMS 0x00000000e3400000, 0x00000000e3400000| Untracked 
|  53|0x00000000e3500000, 0x00000000e3500000, 0x00000000e3600000|  0%| F|  |TAMS 0x00000000e3500000, 0x00000000e3500000| Untracked 
|  54|0x00000000e3600000, 0x00000000e3600000, 0x00000000e3700000|  0%| F|  |TAMS 0x00000000e3600000, 0x00000000e3600000| Untracked 
|  55|0x00000000e3700000, 0x00000000e3700000, 0x00000000e3800000|  0%| F|  |TAMS 0x00000000e3700000, 0x00000000e3700000| Untracked 
|  56|0x00000000e3800000, 0x00000000e3800000, 0x00000000e3900000|  0%| F|  |TAMS 0x00000000e3800000, 0x00000000e3800000| Untracked 
|  57|0x00000000e3900000, 0x00000000e3900000, 0x00000000e3a00000|  0%| F|  |TAMS 0x00000000e3900000, 0x00000000e3900000| Untracked 
|  58|0x00000000e3a00000, 0x00000000e3a00000, 0x00000000e3b00000|  0%| F|  |TAMS 0x00000000e3a00000, 0x00000000e3a00000| Untracked 
|  59|0x00000000e3b00000, 0x00000000e3b00000, 0x00000000e3c00000|  0%| F|  |TAMS 0x00000000e3b00000, 0x00000000e3b00000| Untracked 
|  60|0x00000000e3c00000, 0x00000000e3c00000, 0x00000000e3d00000|  0%| F|  |TAMS 0x00000000e3c00000, 0x00000000e3c00000| Untracked 
|  61|0x00000000e3d00000, 0x00000000e3d00000, 0x00000000e3e00000|  0%| F|  |TAMS 0x00000000e3d00000, 0x00000000e3d00000| Untracked 
|  62|0x00000000e3e00000, 0x00000000e3e00000, 0x00000000e3f00000|  0%| F|  |TAMS 0x00000000e3e00000, 0x00000000e3e00000| Untracked 
|  63|0x00000000e3f00000, 0x00000000e3f00000, 0x00000000e4000000|  0%| F|  |TAMS 0x00000000e3f00000, 0x00000000e3f00000| Untracked 
|  64|0x00000000e4000000, 0x00000000e4000000, 0x00000000e4100000|  0%| F|  |TAMS 0x00000000e4000000, 0x00000000e4000000| Untracked 
|  65|0x00000000e4100000, 0x00000000e4100000, 0x00000000e4200000|  0%| F|  |TAMS 0x00000000e4100000, 0x00000000e4100000| Untracked 
|  66|0x00000000e4200000, 0x00000000e4200000, 0x00000000e4300000|  0%| F|  |TAMS 0x00000000e4200000, 0x00000000e4200000| Untracked 
|  67|0x00000000e4300000, 0x00000000e4300000, 0x00000000e4400000|  0%| F|  |TAMS 0x00000000e4300000, 0x00000000e4300000| Untracked 
|  68|0x00000000e4400000, 0x00000000e4400000, 0x00000000e4500000|  0%| F|  |TAMS 0x00000000e4400000, 0x00000000e4400000| Untracked 
|  69|0x00000000e4500000, 0x00000000e4500000, 0x00000000e4600000|  0%| F|  |TAMS 0x00000000e4500000, 0x00000000e4500000| Untracked 
|  70|0x00000000e4600000, 0x00000000e4600000, 0x00000000e4700000|  0%| F|  |TAMS 0x00000000e4600000, 0x00000000e4600000| Untracked 
|  71|0x00000000e4700000, 0x00000000e4700000, 0x00000000e4800000|  0%| F|  |TAMS 0x00000000e4700000, 0x00000000e4700000| Untracked 
|  72|0x00000000e4800000, 0x00000000e4800000, 0x00000000e4900000|  0%| F|  |TAMS 0x00000000e4800000, 0x00000000e4800000| Untracked 
|  73|0x00000000e4900000, 0x00000000e4900000, 0x00000000e4a00000|  0%| F|  |TAMS 0x00000000e4900000, 0x00000000e4900000| Untracked 
|  74|0x00000000e4a00000, 0x00000000e4a00000, 0x00000000e4b00000|  0%| F|  |TAMS 0x00000000e4a00000, 0x00000000e4a00000| Untracked 
|  75|0x00000000e4b00000, 0x00000000e4b00000, 0x00000000e4c00000|  0%| F|  |TAMS 0x00000000e4b00000, 0x00000000e4b00000| Untracked 
|  76|0x00000000e4c00000, 0x00000000e4c00000, 0x00000000e4d00000|  0%| F|  |TAMS 0x00000000e4c00000, 0x00000000e4c00000| Untracked 
|  77|0x00000000e4d00000, 0x00000000e4d00000, 0x00000000e4e00000|  0%| F|  |TAMS 0x00000000e4d00000, 0x00000000e4d00000| Untracked 
|  78|0x00000000e4e00000, 0x00000000e4e00000, 0x00000000e4f00000|  0%| F|  |TAMS 0x00000000e4e00000, 0x00000000e4e00000| Untracked 
|  79|0x00000000e4f00000, 0x00000000e4f00000, 0x00000000e5000000|  0%| F|  |TAMS 0x00000000e4f00000, 0x00000000e4f00000| Untracked 
|  80|0x00000000e5000000, 0x00000000e5000000, 0x00000000e5100000|  0%| F|  |TAMS 0x00000000e5000000, 0x00000000e5000000| Untracked 
|  81|0x00000000e5100000, 0x00000000e5100000, 0x00000000e5200000|  0%| F|  |TAMS 0x00000000e5100000, 0x00000000e5100000| Untracked 
|  82|0x00000000e5200000, 0x00000000e5200000, 0x00000000e5300000|  0%| F|  |TAMS 0x00000000e5200000, 0x00000000e5200000| Untracked 
|  83|0x00000000e5300000, 0x00000000e5300000, 0x00000000e5400000|  0%| F|  |TAMS 0x00000000e5300000, 0x00000000e5300000| Untracked 
|  84|0x00000000e5400000, 0x00000000e5400000, 0x00000000e5500000|  0%| F|  |TAMS 0x00000000e5400000, 0x00000000e5400000| Untracked 
|  85|0x00000000e5500000, 0x00000000e5500000, 0x00000000e5600000|  0%| F|  |TAMS 0x00000000e5500000, 0x00000000e5500000| Untracked 
|  86|0x00000000e5600000, 0x00000000e5600000, 0x00000000e5700000|  0%| F|  |TAMS 0x00000000e5600000, 0x00000000e5600000| Untracked 
|  87|0x00000000e5700000, 0x00000000e5700000, 0x00000000e5800000|  0%| F|  |TAMS 0x00000000e5700000, 0x00000000e5700000| Untracked 
|  88|0x00000000e5800000, 0x00000000e5800000, 0x00000000e5900000|  0%| F|  |TAMS 0x00000000e5800000, 0x00000000e5800000| Untracked 
|  89|0x00000000e5900000, 0x00000000e5900000, 0x00000000e5a00000|  0%| F|  |TAMS 0x00000000e5900000, 0x00000000e5900000| Untracked 
|  90|0x00000000e5a00000, 0x00000000e5a00000, 0x00000000e5b00000|  0%| F|  |TAMS 0x00000000e5a00000, 0x00000000e5a00000| Untracked 
|  91|0x00000000e5b00000, 0x00000000e5b00000, 0x00000000e5c00000|  0%| F|  |TAMS 0x00000000e5b00000, 0x00000000e5b00000| Untracked 
|  92|0x00000000e5c00000, 0x00000000e5c00000, 0x00000000e5d00000|  0%| F|  |TAMS 0x00000000e5c00000, 0x00000000e5c00000| Untracked 
|  93|0x00000000e5d00000, 0x00000000e5d00000, 0x00000000e5e00000|  0%| F|  |TAMS 0x00000000e5d00000, 0x00000000e5d00000| Untracked 
|  94|0x00000000e5e00000, 0x00000000e5e00000, 0x00000000e5f00000|  0%| F|  |TAMS 0x00000000e5e00000, 0x00000000e5e00000| Untracked 
|  95|0x00000000e5f00000, 0x00000000e5f1f4f0, 0x00000000e6000000| 12%| S|CS|TAMS 0x00000000e5f00000, 0x00000000e5f00000| Complete 
|  96|0x00000000e6000000, 0x00000000e6100000, 0x00000000e6100000|100%| S|CS|TAMS 0x00000000e6000000, 0x00000000e6000000| Complete 
|  97|0x00000000e6100000, 0x00000000e6200000, 0x00000000e6200000|100%| S|CS|TAMS 0x00000000e6100000, 0x00000000e6100000| Complete 
|  98|0x00000000e6200000, 0x00000000e6300000, 0x00000000e6300000|100%| S|CS|TAMS 0x00000000e6200000, 0x00000000e6200000| Complete 
|  99|0x00000000e6300000, 0x00000000e6400000, 0x00000000e6400000|100%| S|CS|TAMS 0x00000000e6300000, 0x00000000e6300000| Complete 
| 100|0x00000000e6400000, 0x00000000e6500000, 0x00000000e6500000|100%| S|CS|TAMS 0x00000000e6400000, 0x00000000e6400000| Complete 
| 101|0x00000000e6500000, 0x00000000e6600000, 0x00000000e6600000|100%| S|CS|TAMS 0x00000000e6500000, 0x00000000e6500000| Complete 
| 102|0x00000000e6600000, 0x00000000e6700000, 0x00000000e6700000|100%| S|CS|TAMS 0x00000000e6600000, 0x00000000e6600000| Complete 
| 103|0x00000000e6700000, 0x00000000e6700000, 0x00000000e6800000|  0%| F|  |TAMS 0x00000000e6700000, 0x00000000e6700000| Untracked 
| 104|0x00000000e6800000, 0x00000000e6800000, 0x00000000e6900000|  0%| F|  |TAMS 0x00000000e6800000, 0x00000000e6800000| Untracked 
| 105|0x00000000e6900000, 0x00000000e6900000, 0x00000000e6a00000|  0%| F|  |TAMS 0x00000000e6900000, 0x00000000e6900000| Untracked 
| 106|0x00000000e6a00000, 0x00000000e6a00000, 0x00000000e6b00000|  0%| F|  |TAMS 0x00000000e6a00000, 0x00000000e6a00000| Untracked 
| 107|0x00000000e6b00000, 0x00000000e6b00000, 0x00000000e6c00000|  0%| F|  |TAMS 0x00000000e6b00000, 0x00000000e6b00000| Untracked 
| 108|0x00000000e6c00000, 0x00000000e6c00000, 0x00000000e6d00000|  0%| F|  |TAMS 0x00000000e6c00000, 0x00000000e6c00000| Untracked 
| 109|0x00000000e6d00000, 0x00000000e6d00000, 0x00000000e6e00000|  0%| F|  |TAMS 0x00000000e6d00000, 0x00000000e6d00000| Untracked 
| 110|0x00000000e6e00000, 0x00000000e6e00000, 0x00000000e6f00000|  0%| F|  |TAMS 0x00000000e6e00000, 0x00000000e6e00000| Untracked 
| 111|0x00000000e6f00000, 0x00000000e6f00000, 0x00000000e7000000|  0%| F|  |TAMS 0x00000000e6f00000, 0x00000000e6f00000| Untracked 
| 112|0x00000000e7000000, 0x00000000e7000000, 0x00000000e7100000|  0%| F|  |TAMS 0x00000000e7000000, 0x00000000e7000000| Untracked 
| 113|0x00000000e7100000, 0x00000000e7100000, 0x00000000e7200000|  0%| F|  |TAMS 0x00000000e7100000, 0x00000000e7100000| Untracked 
| 114|0x00000000e7200000, 0x00000000e7200000, 0x00000000e7300000|  0%| F|  |TAMS 0x00000000e7200000, 0x00000000e7200000| Untracked 
| 115|0x00000000e7300000, 0x00000000e7300000, 0x00000000e7400000|  0%| F|  |TAMS 0x00000000e7300000, 0x00000000e7300000| Untracked 
| 116|0x00000000e7400000, 0x00000000e7400000, 0x00000000e7500000|  0%| F|  |TAMS 0x00000000e7400000, 0x00000000e7400000| Untracked 
| 117|0x00000000e7500000, 0x00000000e7500000, 0x00000000e7600000|  0%| F|  |TAMS 0x00000000e7500000, 0x00000000e7500000| Untracked 
| 118|0x00000000e7600000, 0x00000000e7600000, 0x00000000e7700000|  0%| F|  |TAMS 0x00000000e7600000, 0x00000000e7600000| Untracked 
| 119|0x00000000e7700000, 0x00000000e7700000, 0x00000000e7800000|  0%| F|  |TAMS 0x00000000e7700000, 0x00000000e7700000| Untracked 
| 120|0x00000000e7800000, 0x00000000e7800000, 0x00000000e7900000|  0%| F|  |TAMS 0x00000000e7800000, 0x00000000e7800000| Untracked 
| 121|0x00000000e7900000, 0x00000000e7900000, 0x00000000e7a00000|  0%| F|  |TAMS 0x00000000e7900000, 0x00000000e7900000| Untracked 
| 122|0x00000000e7a00000, 0x00000000e7a00000, 0x00000000e7b00000|  0%| F|  |TAMS 0x00000000e7a00000, 0x00000000e7a00000| Untracked 
| 123|0x00000000e7b00000, 0x00000000e7b00000, 0x00000000e7c00000|  0%| F|  |TAMS 0x00000000e7b00000, 0x00000000e7b00000| Untracked 
| 124|0x00000000e7c00000, 0x00000000e7c00000, 0x00000000e7d00000|  0%| F|  |TAMS 0x00000000e7c00000, 0x00000000e7c00000| Untracked 
| 125|0x00000000e7d00000, 0x00000000e7d00000, 0x00000000e7e00000|  0%| F|  |TAMS 0x00000000e7d00000, 0x00000000e7d00000| Untracked 
| 126|0x00000000e7e00000, 0x00000000e7e00000, 0x00000000e7f00000|  0%| F|  |TAMS 0x00000000e7e00000, 0x00000000e7e00000| Untracked 
| 127|0x00000000e7f00000, 0x00000000e7f00000, 0x00000000e8000000|  0%| F|  |TAMS 0x00000000e7f00000, 0x00000000e7f00000| Untracked 
| 128|0x00000000e8000000, 0x00000000e8000000, 0x00000000e8100000|  0%| F|  |TAMS 0x00000000e8000000, 0x00000000e8000000| Untracked 
| 129|0x00000000e8100000, 0x00000000e8100000, 0x00000000e8200000|  0%| F|  |TAMS 0x00000000e8100000, 0x00000000e8100000| Untracked 
| 130|0x00000000e8200000, 0x00000000e8200000, 0x00000000e8300000|  0%| F|  |TAMS 0x00000000e8200000, 0x00000000e8200000| Untracked 
| 131|0x00000000e8300000, 0x00000000e8300000, 0x00000000e8400000|  0%| F|  |TAMS 0x00000000e8300000, 0x00000000e8300000| Untracked 
| 132|0x00000000e8400000, 0x00000000e8400000, 0x00000000e8500000|  0%| F|  |TAMS 0x00000000e8400000, 0x00000000e8400000| Untracked 
| 133|0x00000000e8500000, 0x00000000e8500000, 0x00000000e8600000|  0%| F|  |TAMS 0x00000000e8500000, 0x00000000e8500000| Untracked 
| 134|0x00000000e8600000, 0x00000000e8600000, 0x00000000e8700000|  0%| F|  |TAMS 0x00000000e8600000, 0x00000000e8600000| Untracked 
| 135|0x00000000e8700000, 0x00000000e8700000, 0x00000000e8800000|  0%| F|  |TAMS 0x00000000e8700000, 0x00000000e8700000| Untracked 
| 136|0x00000000e8800000, 0x00000000e8800000, 0x00000000e8900000|  0%| F|  |TAMS 0x00000000e8800000, 0x00000000e8800000| Untracked 
| 137|0x00000000e8900000, 0x00000000e8900000, 0x00000000e8a00000|  0%| F|  |TAMS 0x00000000e8900000, 0x00000000e8900000| Untracked 
| 138|0x00000000e8a00000, 0x00000000e8a00000, 0x00000000e8b00000|  0%| F|  |TAMS 0x00000000e8a00000, 0x00000000e8a00000| Untracked 
| 139|0x00000000e8b00000, 0x00000000e8b00000, 0x00000000e8c00000|  0%| F|  |TAMS 0x00000000e8b00000, 0x00000000e8b00000| Untracked 
| 140|0x00000000e8c00000, 0x00000000e8c00000, 0x00000000e8d00000|  0%| F|  |TAMS 0x00000000e8c00000, 0x00000000e8c00000| Untracked 
| 141|0x00000000e8d00000, 0x00000000e8d00000, 0x00000000e8e00000|  0%| F|  |TAMS 0x00000000e8d00000, 0x00000000e8d00000| Untracked 
| 142|0x00000000e8e00000, 0x00000000e8e00000, 0x00000000e8f00000|  0%| F|  |TAMS 0x00000000e8e00000, 0x00000000e8e00000| Untracked 
| 143|0x00000000e8f00000, 0x00000000e8f00000, 0x00000000e9000000|  0%| F|  |TAMS 0x00000000e8f00000, 0x00000000e8f00000| Untracked 
| 144|0x00000000e9000000, 0x00000000e9000000, 0x00000000e9100000|  0%| F|  |TAMS 0x00000000e9000000, 0x00000000e9000000| Untracked 
| 145|0x00000000e9100000, 0x00000000e9100000, 0x00000000e9200000|  0%| F|  |TAMS 0x00000000e9100000, 0x00000000e9100000| Untracked 
| 146|0x00000000e9200000, 0x00000000e9200000, 0x00000000e9300000|  0%| F|  |TAMS 0x00000000e9200000, 0x00000000e9200000| Untracked 
| 147|0x00000000e9300000, 0x00000000e9300000, 0x00000000e9400000|  0%| F|  |TAMS 0x00000000e9300000, 0x00000000e9300000| Untracked 
| 148|0x00000000e9400000, 0x00000000e9400000, 0x00000000e9500000|  0%| F|  |TAMS 0x00000000e9400000, 0x00000000e9400000| Untracked 
| 149|0x00000000e9500000, 0x00000000e9500000, 0x00000000e9600000|  0%| F|  |TAMS 0x00000000e9500000, 0x00000000e9500000| Untracked 
| 150|0x00000000e9600000, 0x00000000e9600000, 0x00000000e9700000|  0%| F|  |TAMS 0x00000000e9600000, 0x00000000e9600000| Untracked 
| 151|0x00000000e9700000, 0x00000000e9700000, 0x00000000e9800000|  0%| F|  |TAMS 0x00000000e9700000, 0x00000000e9700000| Untracked 
| 152|0x00000000e9800000, 0x00000000e9800000, 0x00000000e9900000|  0%| F|  |TAMS 0x00000000e9800000, 0x00000000e9800000| Untracked 
| 153|0x00000000e9900000, 0x00000000e9900000, 0x00000000e9a00000|  0%| F|  |TAMS 0x00000000e9900000, 0x00000000e9900000| Untracked 
| 154|0x00000000e9a00000, 0x00000000e9a00000, 0x00000000e9b00000|  0%| F|  |TAMS 0x00000000e9a00000, 0x00000000e9a00000| Untracked 
| 155|0x00000000e9b00000, 0x00000000e9b00000, 0x00000000e9c00000|  0%| F|  |TAMS 0x00000000e9b00000, 0x00000000e9b00000| Untracked 
| 156|0x00000000e9c00000, 0x00000000e9c00000, 0x00000000e9d00000|  0%| F|  |TAMS 0x00000000e9c00000, 0x00000000e9c00000| Untracked 
| 157|0x00000000e9d00000, 0x00000000e9d00000, 0x00000000e9e00000|  0%| F|  |TAMS 0x00000000e9d00000, 0x00000000e9d00000| Untracked 
| 158|0x00000000e9e00000, 0x00000000e9e00000, 0x00000000e9f00000|  0%| F|  |TAMS 0x00000000e9e00000, 0x00000000e9e00000| Untracked 
| 159|0x00000000e9f00000, 0x00000000e9f00000, 0x00000000ea000000|  0%| F|  |TAMS 0x00000000e9f00000, 0x00000000e9f00000| Untracked 
| 160|0x00000000ea000000, 0x00000000ea000000, 0x00000000ea100000|  0%| F|  |TAMS 0x00000000ea000000, 0x00000000ea000000| Untracked 
| 161|0x00000000ea100000, 0x00000000ea100000, 0x00000000ea200000|  0%| F|  |TAMS 0x00000000ea100000, 0x00000000ea100000| Untracked 
| 162|0x00000000ea200000, 0x00000000ea200000, 0x00000000ea300000|  0%| F|  |TAMS 0x00000000ea200000, 0x00000000ea200000| Untracked 
| 163|0x00000000ea300000, 0x00000000ea300000, 0x00000000ea400000|  0%| F|  |TAMS 0x00000000ea300000, 0x00000000ea300000| Untracked 
| 164|0x00000000ea400000, 0x00000000ea400000, 0x00000000ea500000|  0%| F|  |TAMS 0x00000000ea400000, 0x00000000ea400000| Untracked 
| 165|0x00000000ea500000, 0x00000000ea500000, 0x00000000ea600000|  0%| F|  |TAMS 0x00000000ea500000, 0x00000000ea500000| Untracked 
| 166|0x00000000ea600000, 0x00000000ea600000, 0x00000000ea700000|  0%| F|  |TAMS 0x00000000ea600000, 0x00000000ea600000| Untracked 
| 167|0x00000000ea700000, 0x00000000ea700000, 0x00000000ea800000|  0%| F|  |TAMS 0x00000000ea700000, 0x00000000ea700000| Untracked 
| 168|0x00000000ea800000, 0x00000000ea800000, 0x00000000ea900000|  0%| F|  |TAMS 0x00000000ea800000, 0x00000000ea800000| Untracked 
| 169|0x00000000ea900000, 0x00000000ea900000, 0x00000000eaa00000|  0%| F|  |TAMS 0x00000000ea900000, 0x00000000ea900000| Untracked 
| 170|0x00000000eaa00000, 0x00000000eaa00000, 0x00000000eab00000|  0%| F|  |TAMS 0x00000000eaa00000, 0x00000000eaa00000| Untracked 
| 171|0x00000000eab00000, 0x00000000eab00000, 0x00000000eac00000|  0%| F|  |TAMS 0x00000000eab00000, 0x00000000eab00000| Untracked 
| 172|0x00000000eac00000, 0x00000000eac00000, 0x00000000ead00000|  0%| F|  |TAMS 0x00000000eac00000, 0x00000000eac00000| Untracked 
| 173|0x00000000ead00000, 0x00000000ead00000, 0x00000000eae00000|  0%| F|  |TAMS 0x00000000ead00000, 0x00000000ead00000| Untracked 
| 174|0x00000000eae00000, 0x00000000eae00000, 0x00000000eaf00000|  0%| F|  |TAMS 0x00000000eae00000, 0x00000000eae00000| Untracked 
| 175|0x00000000eaf00000, 0x00000000eaf00000, 0x00000000eb000000|  0%| F|  |TAMS 0x00000000eaf00000, 0x00000000eaf00000| Untracked 
| 176|0x00000000eb000000, 0x00000000eb000000, 0x00000000eb100000|  0%| F|  |TAMS 0x00000000eb000000, 0x00000000eb000000| Untracked 
| 177|0x00000000eb100000, 0x00000000eb100000, 0x00000000eb200000|  0%| F|  |TAMS 0x00000000eb100000, 0x00000000eb100000| Untracked 
| 178|0x00000000eb200000, 0x00000000eb200000, 0x00000000eb300000|  0%| F|  |TAMS 0x00000000eb200000, 0x00000000eb200000| Untracked 
| 179|0x00000000eb300000, 0x00000000eb300000, 0x00000000eb400000|  0%| F|  |TAMS 0x00000000eb300000, 0x00000000eb300000| Untracked 
| 180|0x00000000eb400000, 0x00000000eb400000, 0x00000000eb500000|  0%| F|  |TAMS 0x00000000eb400000, 0x00000000eb400000| Untracked 
| 181|0x00000000eb500000, 0x00000000eb500000, 0x00000000eb600000|  0%| F|  |TAMS 0x00000000eb500000, 0x00000000eb500000| Untracked 
| 182|0x00000000eb600000, 0x00000000eb600000, 0x00000000eb700000|  0%| F|  |TAMS 0x00000000eb600000, 0x00000000eb600000| Untracked 
| 183|0x00000000eb700000, 0x00000000eb700000, 0x00000000eb800000|  0%| F|  |TAMS 0x00000000eb700000, 0x00000000eb700000| Untracked 
| 184|0x00000000eb800000, 0x00000000eb800000, 0x00000000eb900000|  0%| F|  |TAMS 0x00000000eb800000, 0x00000000eb800000| Untracked 
| 185|0x00000000eb900000, 0x00000000eb900000, 0x00000000eba00000|  0%| F|  |TAMS 0x00000000eb900000, 0x00000000eb900000| Untracked 
| 186|0x00000000eba00000, 0x00000000eba00000, 0x00000000ebb00000|  0%| F|  |TAMS 0x00000000eba00000, 0x00000000eba00000| Untracked 
| 187|0x00000000ebb00000, 0x00000000ebb00000, 0x00000000ebc00000|  0%| F|  |TAMS 0x00000000ebb00000, 0x00000000ebb00000| Untracked 
| 188|0x00000000ebc00000, 0x00000000ebc00000, 0x00000000ebd00000|  0%| F|  |TAMS 0x00000000ebc00000, 0x00000000ebc00000| Untracked 
| 189|0x00000000ebd00000, 0x00000000ebd00000, 0x00000000ebe00000|  0%| F|  |TAMS 0x00000000ebd00000, 0x00000000ebd00000| Untracked 
| 190|0x00000000ebe00000, 0x00000000ebe00000, 0x00000000ebf00000|  0%| F|  |TAMS 0x00000000ebe00000, 0x00000000ebe00000| Untracked 
| 191|0x00000000ebf00000, 0x00000000ebf00000, 0x00000000ec000000|  0%| F|  |TAMS 0x00000000ebf00000, 0x00000000ebf00000| Untracked 
| 192|0x00000000ec000000, 0x00000000ec000000, 0x00000000ec100000|  0%| F|  |TAMS 0x00000000ec000000, 0x00000000ec000000| Untracked 
| 193|0x00000000ec100000, 0x00000000ec100000, 0x00000000ec200000|  0%| F|  |TAMS 0x00000000ec100000, 0x00000000ec100000| Untracked 
| 194|0x00000000ec200000, 0x00000000ec200000, 0x00000000ec300000|  0%| F|  |TAMS 0x00000000ec200000, 0x00000000ec200000| Untracked 
| 195|0x00000000ec300000, 0x00000000ec300000, 0x00000000ec400000|  0%| F|  |TAMS 0x00000000ec300000, 0x00000000ec300000| Untracked 
| 196|0x00000000ec400000, 0x00000000ec400000, 0x00000000ec500000|  0%| F|  |TAMS 0x00000000ec400000, 0x00000000ec400000| Untracked 
| 197|0x00000000ec500000, 0x00000000ec500000, 0x00000000ec600000|  0%| F|  |TAMS 0x00000000ec500000, 0x00000000ec500000| Untracked 
| 198|0x00000000ec600000, 0x00000000ec600000, 0x00000000ec700000|  0%| F|  |TAMS 0x00000000ec600000, 0x00000000ec600000| Untracked 
| 199|0x00000000ec700000, 0x00000000ec700000, 0x00000000ec800000|  0%| F|  |TAMS 0x00000000ec700000, 0x00000000ec700000| Untracked 
| 200|0x00000000ec800000, 0x00000000ec800000, 0x00000000ec900000|  0%| F|  |TAMS 0x00000000ec800000, 0x00000000ec800000| Untracked 
| 201|0x00000000ec900000, 0x00000000ec900000, 0x00000000eca00000|  0%| F|  |TAMS 0x00000000ec900000, 0x00000000ec900000| Untracked 
| 202|0x00000000eca00000, 0x00000000eca00000, 0x00000000ecb00000|  0%| F|  |TAMS 0x00000000eca00000, 0x00000000eca00000| Untracked 
| 203|0x00000000ecb00000, 0x00000000ecb00000, 0x00000000ecc00000|  0%| F|  |TAMS 0x00000000ecb00000, 0x00000000ecb00000| Untracked 
| 204|0x00000000ecc00000, 0x00000000ecc00000, 0x00000000ecd00000|  0%| F|  |TAMS 0x00000000ecc00000, 0x00000000ecc00000| Untracked 
| 205|0x00000000ecd00000, 0x00000000ecd00000, 0x00000000ece00000|  0%| F|  |TAMS 0x00000000ecd00000, 0x00000000ecd00000| Untracked 
| 206|0x00000000ece00000, 0x00000000ece00000, 0x00000000ecf00000|  0%| F|  |TAMS 0x00000000ece00000, 0x00000000ece00000| Untracked 
| 207|0x00000000ecf00000, 0x00000000ecf00000, 0x00000000ed000000|  0%| F|  |TAMS 0x00000000ecf00000, 0x00000000ecf00000| Untracked 
| 208|0x00000000ed000000, 0x00000000ed000000, 0x00000000ed100000|  0%| F|  |TAMS 0x00000000ed000000, 0x00000000ed000000| Untracked 
| 209|0x00000000ed100000, 0x00000000ed100000, 0x00000000ed200000|  0%| F|  |TAMS 0x00000000ed100000, 0x00000000ed100000| Untracked 
| 210|0x00000000ed200000, 0x00000000ed200000, 0x00000000ed300000|  0%| F|  |TAMS 0x00000000ed200000, 0x00000000ed200000| Untracked 
| 211|0x00000000ed300000, 0x00000000ed300000, 0x00000000ed400000|  0%| F|  |TAMS 0x00000000ed300000, 0x00000000ed300000| Untracked 
| 212|0x00000000ed400000, 0x00000000ed400000, 0x00000000ed500000|  0%| F|  |TAMS 0x00000000ed400000, 0x00000000ed400000| Untracked 
| 213|0x00000000ed500000, 0x00000000ed500000, 0x00000000ed600000|  0%| F|  |TAMS 0x00000000ed500000, 0x00000000ed500000| Untracked 
| 214|0x00000000ed600000, 0x00000000ed600000, 0x00000000ed700000|  0%| F|  |TAMS 0x00000000ed600000, 0x00000000ed600000| Untracked 
| 215|0x00000000ed700000, 0x00000000ed700000, 0x00000000ed800000|  0%| F|  |TAMS 0x00000000ed700000, 0x00000000ed700000| Untracked 
| 216|0x00000000ed800000, 0x00000000ed800000, 0x00000000ed900000|  0%| F|  |TAMS 0x00000000ed800000, 0x00000000ed800000| Untracked 
| 217|0x00000000ed900000, 0x00000000ed900000, 0x00000000eda00000|  0%| F|  |TAMS 0x00000000ed900000, 0x00000000ed900000| Untracked 
| 218|0x00000000eda00000, 0x00000000eda00000, 0x00000000edb00000|  0%| F|  |TAMS 0x00000000eda00000, 0x00000000eda00000| Untracked 
| 219|0x00000000edb00000, 0x00000000edb00000, 0x00000000edc00000|  0%| F|  |TAMS 0x00000000edb00000, 0x00000000edb00000| Untracked 
| 220|0x00000000edc00000, 0x00000000edc00000, 0x00000000edd00000|  0%| F|  |TAMS 0x00000000edc00000, 0x00000000edc00000| Untracked 
| 221|0x00000000edd00000, 0x00000000edd00000, 0x00000000ede00000|  0%| F|  |TAMS 0x00000000edd00000, 0x00000000edd00000| Untracked 
| 222|0x00000000ede00000, 0x00000000ede00000, 0x00000000edf00000|  0%| F|  |TAMS 0x00000000ede00000, 0x00000000ede00000| Untracked 
| 223|0x00000000edf00000, 0x00000000edf00000, 0x00000000ee000000|  0%| F|  |TAMS 0x00000000edf00000, 0x00000000edf00000| Untracked 
| 224|0x00000000ee000000, 0x00000000ee000000, 0x00000000ee100000|  0%| F|  |TAMS 0x00000000ee000000, 0x00000000ee000000| Untracked 
| 225|0x00000000ee100000, 0x00000000ee100000, 0x00000000ee200000|  0%| F|  |TAMS 0x00000000ee100000, 0x00000000ee100000| Untracked 
| 226|0x00000000ee200000, 0x00000000ee200000, 0x00000000ee300000|  0%| F|  |TAMS 0x00000000ee200000, 0x00000000ee200000| Untracked 
| 227|0x00000000ee300000, 0x00000000ee300000, 0x00000000ee400000|  0%| F|  |TAMS 0x00000000ee300000, 0x00000000ee300000| Untracked 
| 228|0x00000000ee400000, 0x00000000ee400000, 0x00000000ee500000|  0%| F|  |TAMS 0x00000000ee400000, 0x00000000ee400000| Untracked 
| 229|0x00000000ee500000, 0x00000000ee500000, 0x00000000ee600000|  0%| F|  |TAMS 0x00000000ee500000, 0x00000000ee500000| Untracked 
| 230|0x00000000ee600000, 0x00000000ee600000, 0x00000000ee700000|  0%| F|  |TAMS 0x00000000ee600000, 0x00000000ee600000| Untracked 
| 231|0x00000000ee700000, 0x00000000ee700000, 0x00000000ee800000|  0%| F|  |TAMS 0x00000000ee700000, 0x00000000ee700000| Untracked 
| 232|0x00000000ee800000, 0x00000000ee800000, 0x00000000ee900000|  0%| F|  |TAMS 0x00000000ee800000, 0x00000000ee800000| Untracked 
| 233|0x00000000ee900000, 0x00000000ee900000, 0x00000000eea00000|  0%| F|  |TAMS 0x00000000ee900000, 0x00000000ee900000| Untracked 
| 234|0x00000000eea00000, 0x00000000eea00000, 0x00000000eeb00000|  0%| F|  |TAMS 0x00000000eea00000, 0x00000000eea00000| Untracked 
| 235|0x00000000eeb00000, 0x00000000eeb00000, 0x00000000eec00000|  0%| F|  |TAMS 0x00000000eeb00000, 0x00000000eeb00000| Untracked 
| 236|0x00000000eec00000, 0x00000000eec00000, 0x00000000eed00000|  0%| F|  |TAMS 0x00000000eec00000, 0x00000000eec00000| Untracked 
| 237|0x00000000eed00000, 0x00000000eed00000, 0x00000000eee00000|  0%| F|  |TAMS 0x00000000eed00000, 0x00000000eed00000| Untracked 
| 238|0x00000000eee00000, 0x00000000eee00000, 0x00000000eef00000|  0%| F|  |TAMS 0x00000000eee00000, 0x00000000eee00000| Untracked 
| 239|0x00000000eef00000, 0x00000000eef80000, 0x00000000ef000000| 50%| E|  |TAMS 0x00000000eef00000, 0x00000000eef00000| Complete 
| 240|0x00000000ef000000, 0x00000000ef100000, 0x00000000ef100000|100%| E|CS|TAMS 0x00000000ef000000, 0x00000000ef000000| Complete 
| 241|0x00000000ef100000, 0x00000000ef200000, 0x00000000ef200000|100%| E|CS|TAMS 0x00000000ef100000, 0x00000000ef100000| Complete 
| 242|0x00000000ef200000, 0x00000000ef300000, 0x00000000ef300000|100%| E|CS|TAMS 0x00000000ef200000, 0x00000000ef200000| Complete 
| 243|0x00000000ef300000, 0x00000000ef400000, 0x00000000ef400000|100%| E|CS|TAMS 0x00000000ef300000, 0x00000000ef300000| Complete 
| 244|0x00000000ef400000, 0x00000000ef500000, 0x00000000ef500000|100%| E|CS|TAMS 0x00000000ef400000, 0x00000000ef400000| Complete 
| 245|0x00000000ef500000, 0x00000000ef600000, 0x00000000ef600000|100%| E|CS|TAMS 0x00000000ef500000, 0x00000000ef500000| Complete 
| 246|0x00000000ef600000, 0x00000000ef700000, 0x00000000ef700000|100%| E|CS|TAMS 0x00000000ef600000, 0x00000000ef600000| Complete 
| 247|0x00000000ef700000, 0x00000000ef800000, 0x00000000ef800000|100%| E|CS|TAMS 0x00000000ef700000, 0x00000000ef700000| Complete 
| 248|0x00000000ef800000, 0x00000000ef900000, 0x00000000ef900000|100%| E|CS|TAMS 0x00000000ef800000, 0x00000000ef800000| Complete 
| 249|0x00000000ef900000, 0x00000000efa00000, 0x00000000efa00000|100%| E|CS|TAMS 0x00000000ef900000, 0x00000000ef900000| Complete 
| 250|0x00000000efa00000, 0x00000000efb00000, 0x00000000efb00000|100%| E|CS|TAMS 0x00000000efa00000, 0x00000000efa00000| Complete 
| 251|0x00000000efb00000, 0x00000000efc00000, 0x00000000efc00000|100%| E|CS|TAMS 0x00000000efb00000, 0x00000000efb00000| Complete 
| 252|0x00000000efc00000, 0x00000000efd00000, 0x00000000efd00000|100%| E|CS|TAMS 0x00000000efc00000, 0x00000000efc00000| Complete 
| 253|0x00000000efd00000, 0x00000000efe00000, 0x00000000efe00000|100%| E|CS|TAMS 0x00000000efd00000, 0x00000000efd00000| Complete 
| 254|0x00000000efe00000, 0x00000000eff00000, 0x00000000eff00000|100%| E|  |TAMS 0x00000000efe00000, 0x00000000efe00000| Complete 
| 255|0x00000000eff00000, 0x00000000f0000000, 0x00000000f0000000|100%| E|CS|TAMS 0x00000000eff00000, 0x00000000eff00000| Complete 

Card table byte_map: [0x000002693b920000,0x000002693ba20000] _byte_map_base: 0x000002693b220000

Marking Bits (Prev, Next): (CMBitMap*) 0x000002692288b920, (CMBitMap*) 0x000002692288b960
 Prev Bits: [0x000002693bb20000, 0x000002693c320000)
 Next Bits: [0x000002693c320000, 0x000002693cb20000)

Polling page: 0x0000026922900000

Metaspace:

Usage:
  Non-class:     41.94 MB used.
      Class:      6.86 MB used.
       Both:     48.81 MB used.

Virtual space:
  Non-class space:       64.00 MB reserved,      42.25 MB ( 66%) committed,  1 nodes.
      Class space:      320.00 MB reserved,       7.12 MB (  2%) committed,  1 nodes.
             Both:      384.00 MB reserved,      49.38 MB ( 13%) committed. 

Chunk freelists:
   Non-Class:  5.55 MB
       Class:  8.85 MB
        Both:  14.40 MB

MaxMetaspaceSize: 384.00 MB
CompressedClassSpaceSize: 320.00 MB
Initial GC threshold: 21.00 MB
Current GC threshold: 59.38 MB
CDS: on
MetaspaceReclaimPolicy: balanced
 - commit_granule_bytes: 65536.
 - commit_granule_words: 8192.
 - virtual_space_node_default_size: 8388608.
 - enlarge_chunks_in_place: 1.
 - new_chunks_are_fully_committed: 0.
 - uncommit_free_chunks: 1.
 - use_allocation_guard: 0.
 - handle_deallocations: 1.


Internal statistics:

num_allocs_failed_limit: 9.
num_arena_births: 644.
num_arena_deaths: 0.
num_vsnodes_births: 2.
num_vsnodes_deaths: 0.
num_space_committed: 790.
num_space_uncommitted: 0.
num_chunks_returned_to_freelist: 9.
num_chunks_taken_from_freelist: 2668.
num_chunk_merges: 9.
num_chunk_splits: 1721.
num_chunks_enlarged: 1121.
num_inconsistent_stats: 0.

CodeHeap 'non-profiled nmethods': size=120000Kb used=3366Kb max_used=3366Kb free=116633Kb
 bounds [0x0000026933660000, 0x00000269339b0000, 0x000002693ab90000]
CodeHeap 'profiled nmethods': size=120000Kb used=10714Kb max_used=10714Kb free=109285Kb
 bounds [0x000002692bb90000, 0x000002692c610000, 0x00000269330c0000]
CodeHeap 'non-nmethods': size=5760Kb used=2328Kb max_used=2387Kb free=3431Kb
 bounds [0x00000269330c0000, 0x0000026933330000, 0x0000026933660000]
 total_blobs=6371 nmethods=5524 adapters=759
 compilation: enabled
              stopped_count=0, restarted_count=0
 full_count=0

Compilation events (20 events):
Event: 10.239 Thread 0x000002693f7e1800 nmethod 6219 0x000002692c5f4b90 code [0x000002692c5f4d40, 0x000002692c5f4fb8]
Event: 10.239 Thread 0x000002693f7e1800 6220       3       java.io.ObjectOutputStream$BlockDataOutputStream::flush (12 bytes)
Event: 10.240 Thread 0x000002693f7e1800 nmethod 6220 0x000002692c5f5110 code [0x000002692c5f52c0, 0x000002692c5f54d8]
Event: 10.267 Thread 0x000002693f7e1800 6225       1       org.gradle.api.internal.collections.AbstractIterationOrderRetainingElementSource$Element::isRealized (5 bytes)
Event: 10.267 Thread 0x000002693f7e1800 nmethod 6225 0x0000026933995c90 code [0x0000026933995e20, 0x0000026933995ef8]
Event: 10.267 Thread 0x000002693f7e1800 6226       3       org.objectweb.asm.Handle::<init> (32 bytes)
Event: 10.267 Thread 0x000002693f7e1800 nmethod 6226 0x000002692c5f5590 code [0x000002692c5f5740, 0x000002692c5f59d8]
Event: 10.269 Thread 0x000002693f7e1800 6228       3       org.gradle.tooling.internal.provider.runner.ClientBuildEventGenerator::finished (128 bytes)
Event: 10.269 Thread 0x000002693f7e1800 nmethod 6228 0x000002692c5f5a90 code [0x000002692c5f5d20, 0x000002692c5f6be8]
Event: 10.270 Thread 0x000002693f7e1800 6229       3       org.gradle.internal.operations.DefaultBuildOperationRunner::call (24 bytes)
Event: 10.270 Thread 0x000002693f7e1800 nmethod 6229 0x000002692c5f6f90 code [0x000002692c5f7180, 0x000002692c5f7838]
Event: 10.271 Thread 0x000002693f7e1800 6230       1       org.gradle.api.internal.collections.SortedSetElementSource::getLazyBehaviorGuard (5 bytes)
Event: 10.271 Thread 0x000002693f7e1800 nmethod 6230 0x0000026933995f90 code [0x0000026933996120, 0x00000269339961f8]
Event: 10.271 Thread 0x000002693f7e1800 6231       3       org.gradle.internal.operations.DefaultBuildOperationRunner$CallableBuildOperationWorker::execute (10 bytes)
Event: 10.271 Thread 0x000002693f7e1800 nmethod 6231 0x000002692c5f7a90 code [0x000002692c5f7c40, 0x000002692c5f8008]
Event: 10.282 Thread 0x000002693f7e1800 6232       3       org.gradle.internal.service.DefaultServiceRegistry::isSatisfiedBy (61 bytes)
Event: 10.283 Thread 0x000002693f7e1800 nmethod 6232 0x000002692c5f8110 code [0x000002692c5f8340, 0x000002692c5f8d58]
Event: 10.283 Thread 0x000002693f7e1800 6233       3       org.gradle.internal.instantiation.generator.AsmBackedClassGenerator$ObjectCreationDetails::<init> (26 bytes)
Event: 11.290 Thread 0x000002693f7e1800 nmethod 6233 0x000002692c5f8f10 code [0x000002692c5f90c0, 0x000002692c5f9398]
Event: 12.298 Thread 0x000002693f7e1800 6234   !   3       org.gradle.internal.instantiation.generator.DependencyInjectingInstantiator::doCreate (64 bytes)

GC Heap History (16 events):
Event: 0.384 GC heap before
{Heap before GC invocations=0 (full 0):
 garbage-first heap   total 262144K, used 22528K [0x00000000e0000000, 0x0000000100000000)
  region size 1024K, 23 young (23552K), 0 survivors (0K)
 Metaspace       used 1025K, committed 1152K, reserved 393216K
  class space    used 73K, committed 128K, reserved 327680K
}
Event: 0.387 GC heap after
{Heap after GC invocations=1 (full 0):
 garbage-first heap   total 262144K, used 1770K [0x00000000e0000000, 0x0000000100000000)
  region size 1024K, 2 young (2048K), 2 survivors (2048K)
 Metaspace       used 1025K, committed 1152K, reserved 393216K
  class space    used 73K, committed 128K, reserved 327680K
}
Event: 1.036 GC heap before
{Heap before GC invocations=1 (full 0):
 garbage-first heap   total 262144K, used 40682K [0x00000000e0000000, 0x0000000100000000)
  region size 1024K, 38 young (38912K), 2 survivors (2048K)
 Metaspace       used 4400K, committed 4608K, reserved 393216K
  class space    used 547K, committed 640K, reserved 327680K
}
Event: 1.039 GC heap after
{Heap after GC invocations=2 (full 0):
 garbage-first heap   total 262144K, used 10650K [0x00000000e0000000, 0x0000000100000000)
  region size 1024K, 5 young (5120K), 5 survivors (5120K)
 Metaspace       used 4400K, committed 4608K, reserved 393216K
  class space    used 547K, committed 640K, reserved 327680K
}
Event: 1.613 GC heap before
{Heap before GC invocations=2 (full 0):
 garbage-first heap   total 262144K, used 62874K [0x00000000e0000000, 0x0000000100000000)
  region size 1024K, 54 young (55296K), 5 survivors (5120K)
 Metaspace       used 4873K, committed 5056K, reserved 393216K
  class space    used 622K, committed 704K, reserved 327680K
}
Event: 1.616 GC heap after
{Heap after GC invocations=3 (full 0):
 garbage-first heap   total 262144K, used 16464K [0x00000000e0000000, 0x0000000100000000)
  region size 1024K, 5 young (5120K), 5 survivors (5120K)
 Metaspace       used 4873K, committed 5056K, reserved 393216K
  class space    used 622K, committed 704K, reserved 327680K
}
Event: 4.189 GC heap before
{Heap before GC invocations=3 (full 0):
 garbage-first heap   total 262144K, used 125008K [0x00000000e0000000, 0x0000000100000000)
  region size 1024K, 112 young (114688K), 5 survivors (5120K)
 Metaspace       used 21151K, committed 21504K, reserved 393216K
  class space    used 3083K, committed 3264K, reserved 327680K
}
Event: 4.197 GC heap after
{Heap after GC invocations=4 (full 0):
 garbage-first heap   total 262144K, used 24033K [0x00000000e0000000, 0x0000000100000000)
  region size 1024K, 12 young (12288K), 12 survivors (12288K)
 Metaspace       used 21151K, committed 21504K, reserved 393216K
  class space    used 3083K, committed 3264K, reserved 327680K
}
Event: 6.233 GC heap before
{Heap before GC invocations=5 (full 0):
 garbage-first heap   total 262144K, used 147937K [0x00000000e0000000, 0x0000000100000000)
  region size 1024K, 130 young (133120K), 12 survivors (12288K)
 Metaspace       used 35678K, committed 36096K, reserved 393216K
  class space    used 4901K, committed 5120K, reserved 327680K
}
Event: 6.241 GC heap after
{Heap after GC invocations=6 (full 0):
 garbage-first heap   total 262144K, used 34098K [0x00000000e0000000, 0x0000000100000000)
  region size 1024K, 18 young (18432K), 18 survivors (18432K)
 Metaspace       used 35678K, committed 36096K, reserved 393216K
  class space    used 4901K, committed 5120K, reserved 327680K
}
Event: 6.266 GC heap before
{Heap before GC invocations=6 (full 0):
 garbage-first heap   total 262144K, used 35122K [0x00000000e0000000, 0x0000000100000000)
  region size 1024K, 19 young (19456K), 18 survivors (18432K)
 Metaspace       used 35885K, committed 36352K, reserved 393216K
  class space    used 4919K, committed 5184K, reserved 327680K
}
Event: 6.273 GC heap after
{Heap after GC invocations=7 (full 0):
 garbage-first heap   total 262144K, used 34162K [0x00000000e0000000, 0x0000000100000000)
  region size 1024K, 2 young (2048K), 2 survivors (2048K)
 Metaspace       used 35885K, committed 36352K, reserved 393216K
  class space    used 4919K, committed 5184K, reserved 327680K
}
Event: 6.280 GC heap before
{Heap before GC invocations=7 (full 0):
 garbage-first heap   total 262144K, used 34162K [0x00000000e0000000, 0x0000000100000000)
  region size 1024K, 3 young (3072K), 2 survivors (2048K)
 Metaspace       used 35947K, committed 36416K, reserved 393216K
  class space    used 4922K, committed 5184K, reserved 327680K
}
Event: 6.281 GC heap after
{Heap after GC invocations=8 (full 0):
 garbage-first heap   total 262144K, used 32798K [0x00000000e0000000, 0x0000000100000000)
  region size 1024K, 1 young (1024K), 1 survivors (1024K)
 Metaspace       used 35947K, committed 36416K, reserved 393216K
  class space    used 4922K, committed 5184K, reserved 327680K
}
Event: 10.112 GC heap before
{Heap before GC invocations=9 (full 0):
 garbage-first heap   total 262144K, used 189470K [0x00000000e0000000, 0x0000000100000000)
  region size 1024K, 153 young (156672K), 1 survivors (1024K)
 Metaspace       used 49221K, committed 49792K, reserved 393216K
  class space    used 6915K, committed 7168K, reserved 327680K
}
Event: 10.116 GC heap after
{Heap after GC invocations=10 (full 0):
 garbage-first heap   total 262144K, used 39608K [0x00000000e0000000, 0x0000000100000000)
  region size 1024K, 8 young (8192K), 8 survivors (8192K)
 Metaspace       used 49221K, committed 49792K, reserved 393216K
  class space    used 6915K, committed 7168K, reserved 327680K
}

Dll operation events (15 events):
Event: 0.013 Loaded shared library C:\Program Files\Eclipse Adoptium\jdk-17.0.15.6-hotspot\bin\java.dll
Event: 0.029 Loaded shared library C:\Program Files\Eclipse Adoptium\jdk-17.0.15.6-hotspot\bin\jsvml.dll
Event: 0.072 Loaded shared library C:\Program Files\Eclipse Adoptium\jdk-17.0.15.6-hotspot\bin\zip.dll
Event: 0.080 Loaded shared library C:\Program Files\Eclipse Adoptium\jdk-17.0.15.6-hotspot\bin\instrument.dll
Event: 0.085 Loaded shared library C:\Program Files\Eclipse Adoptium\jdk-17.0.15.6-hotspot\bin\net.dll
Event: 0.087 Loaded shared library C:\Program Files\Eclipse Adoptium\jdk-17.0.15.6-hotspot\bin\nio.dll
Event: 0.088 Loaded shared library C:\Program Files\Eclipse Adoptium\jdk-17.0.15.6-hotspot\bin\zip.dll
Event: 0.346 Loaded shared library C:\Program Files\Eclipse Adoptium\jdk-17.0.15.6-hotspot\bin\jimage.dll
Event: 0.487 Loaded shared library C:\Program Files\Eclipse Adoptium\jdk-17.0.15.6-hotspot\bin\verify.dll
Event: 0.615 Loaded shared library C:\Users\khoi van\.gradle\native\1def1411415f61bf3af743bc5b6707747c0891f09f0c88961ee8f79bc544acac\windows-amd64\native-platform.dll
Event: 0.627 Loaded shared library C:\Users\khoi van\.gradle\native\0.2.7\x86_64-windows-gnu\gradle-fileevents.dll
Event: 1.762 Loaded shared library C:\Program Files\Eclipse Adoptium\jdk-17.0.15.6-hotspot\bin\management.dll
Event: 1.766 Loaded shared library C:\Program Files\Eclipse Adoptium\jdk-17.0.15.6-hotspot\bin\management_ext.dll
Event: 2.243 Loaded shared library C:\Program Files\Eclipse Adoptium\jdk-17.0.15.6-hotspot\bin\extnet.dll
Event: 2.504 Loaded shared library C:\Program Files\Eclipse Adoptium\jdk-17.0.15.6-hotspot\bin\sunmscapi.dll

Deoptimization events (20 events):
Event: 10.126 Thread 0x000002695a372ab0 DEOPT PACKING pc=0x000002692c4509d1 sp=0x000000ded6afeae0
Event: 10.126 Thread 0x000002695a372ab0 DEOPT UNPACKING pc=0x0000026933117143 sp=0x000000ded6afdf80 mode 0
Event: 10.137 Thread 0x000002695a374910 Uncommon trap: trap_request=0xffffff45 fr.pc=0x00000269336cfa5c relative=0x00000000000001bc
Event: 10.137 Thread 0x000002695a374910 Uncommon trap: reason=unstable_if action=reinterpret pc=0x00000269336cfa5c method=java.lang.ThreadLocal.get()Ljava/lang/Object; @ 11 c2
Event: 10.137 Thread 0x000002695a374910 DEOPT PACKING pc=0x00000269336cfa5c sp=0x000000ded68fea70
Event: 10.137 Thread 0x000002695a374910 DEOPT UNPACKING pc=0x00000269331169a3 sp=0x000000ded68fea10 mode 2
Event: 10.137 Thread 0x000002695c5c0b20 DEOPT PACKING pc=0x000002692c363cdc sp=0x000000deda5fca20
Event: 10.137 Thread 0x000002695c5c0b20 DEOPT UNPACKING pc=0x0000026933117143 sp=0x000000deda5fbfa0 mode 0
Event: 10.161 Thread 0x000002695c5bf6e0 DEOPT PACKING pc=0x000002692c363cdc sp=0x000000ded9ffc9e0
Event: 10.161 Thread 0x000002695c5bf6e0 DEOPT UNPACKING pc=0x0000026933117143 sp=0x000000ded9ffbf60 mode 0
Event: 10.165 Thread 0x000002695a372ab0 DEOPT PACKING pc=0x000002692bc04d39 sp=0x000000ded6afe9c0
Event: 10.165 Thread 0x000002695a372ab0 DEOPT UNPACKING pc=0x0000026933117143 sp=0x000000ded6afde48 mode 0
Event: 10.176 Thread 0x000002695a371b80 Uncommon trap: trap_request=0xffffffc6 fr.pc=0x00000269336ddc98 relative=0x00000000000020b8
Event: 10.176 Thread 0x000002695a371b80 Uncommon trap: reason=bimorphic_or_optimized_type_check action=maybe_recompile pc=0x00000269336ddc98 method=java.util.HashMap.putVal(ILjava/lang/Object;Ljava/lang/Object;ZZ)Ljava/lang/Object; @ 91 c2
Event: 10.176 Thread 0x000002695a371b80 DEOPT PACKING pc=0x00000269336ddc98 sp=0x000000ded65f7ba0
Event: 10.176 Thread 0x000002695a371b80 DEOPT UNPACKING pc=0x00000269331169a3 sp=0x000000ded65f7a68 mode 2
Event: 10.176 Thread 0x000002695a371b80 Uncommon trap: trap_request=0xffffffc6 fr.pc=0x00000269336ddc98 relative=0x00000000000020b8
Event: 10.176 Thread 0x000002695a371b80 Uncommon trap: reason=bimorphic_or_optimized_type_check action=maybe_recompile pc=0x00000269336ddc98 method=java.util.HashMap.putVal(ILjava/lang/Object;Ljava/lang/Object;ZZ)Ljava/lang/Object; @ 91 c2
Event: 10.176 Thread 0x000002695a371b80 DEOPT PACKING pc=0x00000269336ddc98 sp=0x000000ded65f7ba0
Event: 10.176 Thread 0x000002695a371b80 DEOPT UNPACKING pc=0x00000269331169a3 sp=0x000000ded65f7a68 mode 2

Classes loaded (20 events):
Event: 8.557 Loading class jdk/internal/access/foreign/MemorySegmentProxy
Event: 8.557 Loading class jdk/internal/access/foreign/MemorySegmentProxy done
Event: 9.957 Loading class sun/reflect/ReflectionFactory
Event: 9.957 Loading class sun/reflect/ReflectionFactory done
Event: 9.957 Loading class sun/reflect/ReflectionFactory$1
Event: 9.957 Loading class sun/reflect/ReflectionFactory$1 done
Event: 10.024 Loading class java/nio/channels/Channels
Event: 10.024 Loading class java/nio/channels/Channels done
Event: 10.024 Loading class sun/nio/ch/ChannelInputStream
Event: 10.024 Loading class sun/nio/ch/ChannelInputStream done
Event: 10.124 Loading class java/util/concurrent/atomic/Striped64$Cell
Event: 10.124 Loading class java/util/concurrent/atomic/Striped64$Cell done
Event: 10.182 Loading class java/util/stream/SortedOps
Event: 10.182 Loading class java/util/stream/SortedOps done
Event: 10.182 Loading class java/util/stream/SortedOps$OfRef
Event: 10.182 Loading class java/util/stream/SortedOps$OfRef done
Event: 10.184 Loading class java/util/stream/SortedOps$SizedRefSortingSink
Event: 10.184 Loading class java/util/stream/SortedOps$AbstractRefSortingSink
Event: 10.184 Loading class java/util/stream/SortedOps$AbstractRefSortingSink done
Event: 10.184 Loading class java/util/stream/SortedOps$SizedRefSortingSink done

Classes unloaded (0 events):
No events

Classes redefined (0 events):
No events

Internal exceptions (20 events):
Event: 8.250 Thread 0x000002695a371b80 Exception <a 'java/lang/NoSuchMethodError'{0x00000000ea59c680}: 'java.lang.Object java.lang.invoke.Invokers$Holder.linkToTargetMethod(java.lang.Object, java.lang.Object, int, java.lang.Object, java.lang.Object)'> (0x00000000ea59c680) 
thrown [s\src\hotspot\share\interpreter\linkResolver.cpp, line 759]
Event: 8.307 Thread 0x000002695a371b80 Exception <a 'java/lang/NoSuchMethodError'{0x00000000ea2e8e20}: 'java.lang.Object java.lang.invoke.DirectMethodHandle$Holder.newInvokeSpecial(java.lang.Object, int, java.lang.Object)'> (0x00000000ea2e8e20) 
thrown [s\src\hotspot\share\interpreter\linkResolver.cpp, line 759]
Event: 8.482 Thread 0x000002695a371b80 Exception <a 'java/lang/NoSuchMethodError'{0x00000000e98654e8}: 'int java.lang.invoke.DirectMethodHandle$Holder.invokeSpecialIFC(java.lang.Object, java.lang.Object, java.lang.Object)'> (0x00000000e98654e8) 
thrown [s\src\hotspot\share\interpreter\linkResolver.cpp, line 759]
Event: 8.566 Thread 0x000002695a371b80 Exception <a 'java/lang/NoSuchMethodError'{0x00000000e932f0a8}: 'java.lang.Object java.lang.invoke.DirectMethodHandle$Holder.newInvokeSpecial(java.lang.Object, java.lang.Object, long, java.lang.Object)'> (0x00000000e932f0a8) 
thrown [s\src\hotspot\share\interpreter\linkResolver.cpp, line 759]
Event: 8.566 Thread 0x000002695a371b80 Exception <a 'java/lang/NoSuchMethodError'{0x00000000e9334168}: 'java.lang.Object java.lang.invoke.DirectMethodHandle$Holder.invokeSpecial(java.lang.Object, java.lang.Object, java.lang.Object, long, java.lang.Object)'> (0x00000000e9334168) 
thrown [s\src\hotspot\share\interpreter\linkResolver.cpp, line 759]
Event: 8.566 Thread 0x000002695a371b80 Exception <a 'java/lang/NoSuchMethodError'{0x00000000e9338ce0}: 'java.lang.Object java.lang.invoke.Invokers$Holder.linkToTargetMethod(java.lang.Object, long, java.lang.Object, java.lang.Object)'> (0x00000000e9338ce0) 
thrown [s\src\hotspot\share\interpreter\linkResolver.cpp, line 759]
Event: 8.570 Thread 0x000002695a371b80 Exception <a 'java/lang/NoSuchMethodError'{0x00000000e93635e8}: 'void java.lang.invoke.DirectMethodHandle$Holder.invokeStatic(java.lang.Object, java.lang.Object, java.lang.Object, int, java.lang.Object)'> (0x00000000e93635e8) 
thrown [s\src\hotspot\share\interpreter\linkResolver.cpp, line 759]
Event: 8.602 Thread 0x000002695a371b80 Exception <a 'java/lang/NoSuchMethodError'{0x00000000e91497e8}: 'int java.lang.invoke.DirectMethodHandle$Holder.invokeInterface(java.lang.Object, java.lang.Object, java.lang.Object, java.lang.Object, java.lang.Object)'> (0x00000000e91497e8) 
thrown [s\src\hotspot\share\interpreter\linkResolver.cpp, line 759]
Event: 8.746 Thread 0x000002695a371b80 Exception <a 'java/lang/NoSuchMethodError'{0x00000000e8a69e50}: 'int java.lang.invoke.DirectMethodHandle$Holder.invokeInterface(java.lang.Object, java.lang.Object, java.lang.Object, java.lang.Object)'> (0x00000000e8a69e50) 
thrown [s\src\hotspot\share\interpreter\linkResolver.cpp, line 759]
Event: 8.781 Thread 0x000002695a371b80 Exception <a 'java/lang/NoSuchMethodError'{0x00000000e8855e70}: 'java.lang.Object java.lang.invoke.DirectMethodHandle$Holder.invokeStatic(java.lang.Object, long, java.lang.Object)'> (0x00000000e8855e70) 
thrown [s\src\hotspot\share\interpreter\linkResolver.cpp, line 759]
Event: 8.781 Thread 0x000002695a371b80 Exception <a 'java/lang/NoSuchMethodError'{0x00000000e885de50}: 'java.lang.Object java.lang.invoke.DirectMethodHandle$Holder.newInvokeSpecial(java.lang.Object, long)'> (0x00000000e885de50) 
thrown [s\src\hotspot\share\interpreter\linkResolver.cpp, line 759]
Event: 8.786 Thread 0x000002695a371b80 Exception <a 'java/lang/NoSuchMethodError'{0x00000000e88d0598}: 'java.lang.Object java.lang.invoke.Invokers$Holder.linkToTargetMethod(java.lang.Object, java.lang.Object, java.lang.Object, java.lang.Object, long, java.lang.Object, java.lang.Object)'> (0x00000000e88d0598) 
thrown [s\src\hotspot\share\interpreter\linkResolver.cpp, line 759]
Event: 8.788 Thread 0x000002695a371b80 Exception <a 'java/lang/NoSuchMethodError'{0x00000000e8716e48}: 'java.lang.Object java.lang.invoke.DirectMethodHandle$Holder.newInvokeSpecial(java.lang.Object, java.lang.Object, java.lang.Object, long, java.lang.Object)'> (0x00000000e8716e48) 
thrown [s\src\hotspot\share\interpreter\linkResolver.cpp, line 759]
Event: 8.789 Thread 0x000002695a371b80 Exception <a 'java/lang/NoSuchMethodError'{0x00000000e871bd88}: 'java.lang.Object java.lang.invoke.DirectMethodHandle$Holder.invokeSpecial(java.lang.Object, java.lang.Object, java.lang.Object, java.lang.Object, long, java.lang.Object)'> (0x00000000e871bd88) 
thrown [s\src\hotspot\share\interpreter\linkResolver.cpp, line 759]
Event: 8.789 Thread 0x000002695a371b80 Exception <a 'java/lang/NoSuchMethodError'{0x00000000e8720570}: 'java.lang.Object java.lang.invoke.Invokers$Holder.linkToTargetMethod(java.lang.Object, java.lang.Object, long, java.lang.Object, java.lang.Object)'> (0x00000000e8720570) 
thrown [s\src\hotspot\share\interpreter\linkResolver.cpp, line 759]
Event: 8.825 Thread 0x000002695a371b80 Exception <a 'java/lang/NoSuchMethodError'{0x00000000e8587370}: 'java.lang.Object java.lang.invoke.DirectMethodHandle$Holder.invokeSpecial(java.lang.Object, java.lang.Object, long, java.lang.Object, java.lang.Object)'> (0x00000000e8587370) 
thrown [s\src\hotspot\share\interpreter\linkResolver.cpp, line 759]
Event: 9.960 Thread 0x000002695a371b80 Exception <a 'java/lang/NoSuchMethodError'{0x00000000e7ad1ad8}: 'java.lang.Object java.lang.invoke.DirectMethodHandle$Holder.newInvokeSpecial(java.lang.Object, java.lang.Object, java.lang.Object, java.lang.Object, int, java.lang.Object)'> (0x00000000e7ad1ad8) 
thrown [s\src\hotspot\share\interpreter\linkResolver.cpp, line 759]
Event: 9.961 Thread 0x000002695a371b80 Exception <a 'java/lang/NoSuchMethodError'{0x00000000e7ada8d8}: 'java.lang.Object java.lang.invoke.Invokers$Holder.linkToTargetMethod(java.lang.Object, java.lang.Object, java.lang.Object, int, java.lang.Object, java.lang.Object)'> (0x00000000e7ada8d8) 
thrown [s\src\hotspot\share\interpreter\linkResolver.cpp, line 759]
Event: 10.078 Thread 0x000002695a371b80 Exception <a 'java/lang/NoSuchMethodError'{0x00000000e6fa8960}: 'java.lang.Object java.lang.invoke.DirectMethodHandle$Holder.invokeSpecialIFC(java.lang.Object, java.lang.Object, java.lang.Object)'> (0x00000000e6fa8960) 
thrown [s\src\hotspot\share\interpreter\linkResolver.cpp, line 759]
Event: 10.137 Thread 0x000002695a374910 Implicit null exception at 0x00000269336cf8dd to 0x00000269336cfa48

VM Operations (20 events):
Event: 7.917 Executing VM operation: ICBufferFull
Event: 7.917 Executing VM operation: ICBufferFull done
Event: 8.668 Executing VM operation: ICBufferFull
Event: 8.668 Executing VM operation: ICBufferFull done
Event: 8.744 Executing VM operation: HandshakeAllThreads
Event: 8.744 Executing VM operation: HandshakeAllThreads done
Event: 8.815 Executing VM operation: HandshakeAllThreads
Event: 8.815 Executing VM operation: HandshakeAllThreads done
Event: 8.816 Executing VM operation: HandshakeAllThreads
Event: 8.816 Executing VM operation: HandshakeAllThreads done
Event: 9.825 Executing VM operation: Cleanup
Event: 9.873 Executing VM operation: Cleanup done
Event: 9.940 Executing VM operation: HandshakeAllThreads
Event: 9.940 Executing VM operation: HandshakeAllThreads done
Event: 10.084 Executing VM operation: ICBufferFull
Event: 10.084 Executing VM operation: ICBufferFull done
Event: 10.112 Executing VM operation: G1CollectForAllocation
Event: 10.116 Executing VM operation: G1CollectForAllocation done
Event: 11.130 Executing VM operation: Cleanup
Event: 11.305 Executing VM operation: Cleanup done

Memory protections (0 events):
No events

Nmethod flushes (20 events):
Event: 6.095 Thread 0x000002693f7ebd20 flushing  nmethod 0x000002692c32ed10
Event: 6.095 Thread 0x000002693f7ebd20 flushing  nmethod 0x000002692c32f210
Event: 6.095 Thread 0x000002693f7ebd20 flushing  nmethod 0x000002692c32f910
Event: 6.095 Thread 0x000002693f7ebd20 flushing  nmethod 0x000002692c330110
Event: 6.095 Thread 0x000002693f7ebd20 flushing  nmethod 0x000002692c334010
Event: 6.095 Thread 0x000002693f7ebd20 flushing  nmethod 0x000002692c334d10
Event: 6.095 Thread 0x000002693f7ebd20 flushing  nmethod 0x000002692c335290
Event: 6.095 Thread 0x000002693f7ebd20 flushing  nmethod 0x000002692c337110
Event: 6.095 Thread 0x000002693f7ebd20 flushing  nmethod 0x000002692c337610
Event: 6.095 Thread 0x000002693f7ebd20 flushing  nmethod 0x000002692c33e990
Event: 6.095 Thread 0x000002693f7ebd20 flushing  nmethod 0x000002692c34c190
Event: 6.095 Thread 0x000002693f7ebd20 flushing  nmethod 0x000002692c35a890
Event: 6.095 Thread 0x000002693f7ebd20 flushing  nmethod 0x000002692c35b110
Event: 6.095 Thread 0x000002693f7ebd20 flushing  nmethod 0x000002692c366d10
Event: 6.095 Thread 0x000002693f7ebd20 flushing  nmethod 0x000002692c367890
Event: 6.095 Thread 0x000002693f7ebd20 flushing  nmethod 0x000002692c368090
Event: 6.095 Thread 0x000002693f7ebd20 flushing  nmethod 0x000002692c368b10
Event: 6.095 Thread 0x000002693f7ebd20 flushing  nmethod 0x000002692c36a010
Event: 6.095 Thread 0x000002693f7ebd20 flushing  nmethod 0x000002692c371890
Event: 6.095 Thread 0x000002693f7ebd20 flushing  nmethod 0x000002692c38de10

Events (20 events):
Event: 10.007 Thread 0x000002695a371b80 Thread added: 0x000002695c5bb510
Event: 10.019 Thread 0x000002695a371b80 Thread added: 0x000002695c5ba5e0
Event: 10.020 Thread 0x000002695a371b80 Thread added: 0x000002695c5b9bc0
Event: 10.021 Thread 0x000002695a371b80 Thread added: 0x000002695c5ba0d0
Event: 10.022 Thread 0x000002693f7e1800 Thread added: 0x000002695906b430
Event: 10.022 Thread 0x000002695a371b80 Thread added: 0x000002695c5bfbf0
Event: 10.025 Thread 0x000002695a371b80 Thread added: 0x000002695c5bd880
Event: 10.026 Thread 0x000002695a371b80 Thread added: 0x000002695c5bdd90
Event: 10.027 Thread 0x000002695a371b80 Thread added: 0x000002695c5be2a0
Event: 10.079 Thread 0x000002695a371b80 Thread added: 0x000002695c5becc0
Event: 10.080 Thread 0x000002695a371b80 Thread added: 0x000002695c5bf6e0
Event: 10.080 Thread 0x000002695a371b80 Thread added: 0x000002695c5be7b0
Event: 10.081 Thread 0x000002695a371b80 Thread added: 0x000002695c5bf1d0
Event: 10.081 Thread 0x000002695a371b80 Thread added: 0x000002695c5c0100
Event: 10.081 Thread 0x000002695a371b80 Thread added: 0x000002695c5c0610
Event: 10.082 Thread 0x000002695a371b80 Thread added: 0x000002695c5bce60
Event: 10.082 Thread 0x000002695a371b80 Thread added: 0x000002695c5c0b20
Event: 10.083 Thread 0x000002695a371b80 Thread added: 0x000002695c5c1030
Event: 10.083 Thread 0x000002695a371b80 Thread added: 0x000002695c5c1540
Event: 10.084 Thread 0x000002695a371b80 Thread added: 0x000002695c8efee0


Dynamic libraries:
0x00007ff72de60000 - 0x00007ff72de6e000 	C:\Program Files\Eclipse Adoptium\jdk-17.0.15.6-hotspot\bin\java.exe
0x00007ffdf5760000 - 0x00007ffdf59c7000 	C:\Windows\SYSTEM32\ntdll.dll
0x00007ffdf3690000 - 0x00007ffdf3759000 	C:\Windows\System32\KERNEL32.DLL
0x00007ffdf2fa0000 - 0x00007ffdf3390000 	C:\Windows\System32\KERNELBASE.dll
0x00007ffdec8f0000 - 0x00007ffdec98e000 	C:\Windows\SYSTEM32\apphelp.dll
0x00007ffdf2890000 - 0x00007ffdf29db000 	C:\Windows\System32\ucrtbase.dll
0x00007ffde6530000 - 0x00007ffde654e000 	C:\Program Files\Eclipse Adoptium\jdk-17.0.15.6-hotspot\bin\VCRUNTIME140.dll
0x00007ffde62d0000 - 0x00007ffde62e7000 	C:\Program Files\Eclipse Adoptium\jdk-17.0.15.6-hotspot\bin\jli.dll
0x00007ffdf54e0000 - 0x00007ffdf56a5000 	C:\Windows\System32\USER32.dll
0x00007ffdf2a80000 - 0x00007ffdf2aa7000 	C:\Windows\System32\win32u.dll
0x00007ffdd7560000 - 0x00007ffdd77fa000 	C:\Windows\WinSxS\amd64_microsoft.windows.common-controls_6595b64144ccf1df_6.0.26100.4768_none_3e0c112ce331287c\COMCTL32.dll
0x00007ffdf3850000 - 0x00007ffdf387b000 	C:\Windows\System32\GDI32.dll
0x00007ffdf3880000 - 0x00007ffdf3929000 	C:\Windows\System32\msvcrt.dll
0x00007ffdf2b60000 - 0x00007ffdf2c98000 	C:\Windows\System32\gdi32full.dll
0x00007ffdf2ab0000 - 0x00007ffdf2b53000 	C:\Windows\System32\msvcp_win.dll
0x00007ffdf4b60000 - 0x00007ffdf4b8f000 	C:\Windows\System32\IMM32.DLL
0x00007ffde91d0000 - 0x00007ffde91dc000 	C:\Program Files\Eclipse Adoptium\jdk-17.0.15.6-hotspot\bin\vcruntime140_1.dll
0x00007ffdb3000000 - 0x00007ffdb308d000 	C:\Program Files\Eclipse Adoptium\jdk-17.0.15.6-hotspot\bin\msvcp140.dll
0x00007ffd57ff0000 - 0x00007ffd58c5b000 	C:\Program Files\Eclipse Adoptium\jdk-17.0.15.6-hotspot\bin\server\jvm.dll
0x00007ffdf3aa0000 - 0x00007ffdf3b54000 	C:\Windows\System32\ADVAPI32.dll
0x00007ffdf3b60000 - 0x00007ffdf3c06000 	C:\Windows\System32\sechost.dll
0x00007ffdf4d90000 - 0x00007ffdf4ea8000 	C:\Windows\System32\RPCRT4.dll
0x00007ffdf3c10000 - 0x00007ffdf3c84000 	C:\Windows\System32\WS2_32.dll
0x00007ffde52b0000 - 0x00007ffde52e5000 	C:\Windows\SYSTEM32\WINMM.dll
0x00007ffdf1490000 - 0x00007ffdf14ee000 	C:\Windows\SYSTEM32\POWRPROF.dll
0x00007ffded110000 - 0x00007ffded11b000 	C:\Windows\SYSTEM32\VERSION.dll
0x00007ffdf1470000 - 0x00007ffdf1484000 	C:\Windows\SYSTEM32\UMPDC.dll
0x00007ffdf1730000 - 0x00007ffdf174b000 	C:\Windows\SYSTEM32\kernel.appcore.dll
0x00007ffde7700000 - 0x00007ffde770a000 	C:\Program Files\Eclipse Adoptium\jdk-17.0.15.6-hotspot\bin\jimage.dll
0x00007ffdf01b0000 - 0x00007ffdf03f1000 	C:\Windows\SYSTEM32\DBGHELP.DLL
0x00007ffdf43f0000 - 0x00007ffdf4775000 	C:\Windows\System32\combase.dll
0x00007ffdf4780000 - 0x00007ffdf4860000 	C:\Windows\System32\OLEAUT32.dll
0x00007ffdd4a60000 - 0x00007ffdd4aa3000 	C:\Windows\SYSTEM32\dbgcore.DLL
0x00007ffdf29e0000 - 0x00007ffdf2a79000 	C:\Windows\System32\bcryptPrimitives.dll
0x00007ffde1a10000 - 0x00007ffde1a1e000 	C:\Program Files\Eclipse Adoptium\jdk-17.0.15.6-hotspot\bin\instrument.dll
0x00007ffdd4330000 - 0x00007ffdd4355000 	C:\Program Files\Eclipse Adoptium\jdk-17.0.15.6-hotspot\bin\java.dll
0x00007ffdabe10000 - 0x00007ffdabee7000 	C:\Program Files\Eclipse Adoptium\jdk-17.0.15.6-hotspot\bin\jsvml.dll
0x00007ffdf3c90000 - 0x00007ffdf43dd000 	C:\Windows\System32\SHELL32.dll
0x00007ffdf2e20000 - 0x00007ffdf2f93000 	C:\Windows\System32\wintypes.dll
0x00007ffdf04d0000 - 0x00007ffdf0d30000 	C:\Windows\SYSTEM32\windows.storage.dll
0x00007ffdf4a50000 - 0x00007ffdf4b45000 	C:\Windows\System32\SHCORE.dll
0x00007ffdf5340000 - 0x00007ffdf53aa000 	C:\Windows\System32\shlwapi.dll
0x00007ffdf27b0000 - 0x00007ffdf27d9000 	C:\Windows\SYSTEM32\profapi.dll
0x00007ffdd4210000 - 0x00007ffdd4228000 	C:\Program Files\Eclipse Adoptium\jdk-17.0.15.6-hotspot\bin\zip.dll
0x00007ffde5f80000 - 0x00007ffde5f99000 	C:\Program Files\Eclipse Adoptium\jdk-17.0.15.6-hotspot\bin\net.dll
0x00007ffde80f0000 - 0x00007ffde820e000 	C:\Windows\SYSTEM32\WINHTTP.dll
0x00007ffdf1cc0000 - 0x00007ffdf1d2b000 	C:\Windows\system32\mswsock.dll
0x00007ffdd4310000 - 0x00007ffdd4326000 	C:\Program Files\Eclipse Adoptium\jdk-17.0.15.6-hotspot\bin\nio.dll
0x00007ffde74b0000 - 0x00007ffde74c0000 	C:\Program Files\Eclipse Adoptium\jdk-17.0.15.6-hotspot\bin\verify.dll
0x00007ffdd41a0000 - 0x00007ffdd41c7000 	C:\Users\khoi van\.gradle\native\1def1411415f61bf3af743bc5b6707747c0891f09f0c88961ee8f79bc544acac\windows-amd64\native-platform.dll
0x00007ffdb2cf0000 - 0x00007ffdb2d68000 	C:\Users\khoi van\.gradle\native\0.2.7\x86_64-windows-gnu\gradle-fileevents.dll
0x00007ffde7280000 - 0x00007ffde728a000 	C:\Program Files\Eclipse Adoptium\jdk-17.0.15.6-hotspot\bin\management.dll
0x00007ffde6c20000 - 0x00007ffde6c2b000 	C:\Program Files\Eclipse Adoptium\jdk-17.0.15.6-hotspot\bin\management_ext.dll
0x00007ffdf56b0000 - 0x00007ffdf56b8000 	C:\Windows\System32\PSAPI.DLL
0x00007ffdf1100000 - 0x00007ffdf1133000 	C:\Windows\SYSTEM32\IPHLPAPI.DLL
0x00007ffdf3840000 - 0x00007ffdf384a000 	C:\Windows\System32\NSI.dll
0x00007ffde89b0000 - 0x00007ffde89cf000 	C:\Windows\SYSTEM32\dhcpcsvc6.DLL
0x00007ffde7b70000 - 0x00007ffde7b95000 	C:\Windows\SYSTEM32\dhcpcsvc.DLL
0x00007ffdf11a0000 - 0x00007ffdf12c6000 	C:\Windows\SYSTEM32\DNSAPI.dll
0x00007ffde66d0000 - 0x00007ffde66d9000 	C:\Program Files\Eclipse Adoptium\jdk-17.0.15.6-hotspot\bin\extnet.dll
0x00007ffdf1f90000 - 0x00007ffdf1fab000 	C:\Windows\SYSTEM32\CRYPTSP.dll
0x00007ffdf1690000 - 0x00007ffdf16cb000 	C:\Windows\system32\rsaenh.dll
0x00007ffdf1d60000 - 0x00007ffdf1d8b000 	C:\Windows\SYSTEM32\USERENV.dll
0x00007ffdf2780000 - 0x00007ffdf27a6000 	C:\Windows\SYSTEM32\bcrypt.dll
0x00007ffdf1f80000 - 0x00007ffdf1f8c000 	C:\Windows\SYSTEM32\CRYPTBASE.dll
0x00007ffdd44e0000 - 0x00007ffdd44ee000 	C:\Program Files\Eclipse Adoptium\jdk-17.0.15.6-hotspot\bin\sunmscapi.dll
0x00007ffdf2ca0000 - 0x00007ffdf2e17000 	C:\Windows\System32\CRYPT32.dll
0x00007ffdf21a0000 - 0x00007ffdf21d0000 	C:\Windows\SYSTEM32\ncrypt.dll
0x00007ffdf2150000 - 0x00007ffdf218f000 	C:\Windows\SYSTEM32\NTASN1.dll
0x00007ffdab3c0000 - 0x00007ffdab3c8000 	C:\Windows\system32\wshunix.dll

dbghelp: loaded successfully - version: 4.0.5 - missing functions: none
symbol engine: initialized successfully - sym options: 0x614 - pdb path: .;C:\Program Files\Eclipse Adoptium\jdk-17.0.15.6-hotspot\bin;C:\Windows\SYSTEM32;C:\Windows\WinSxS\amd64_microsoft.windows.common-controls_6595b64144ccf1df_6.0.26100.4768_none_3e0c112ce331287c;C:\Program Files\Eclipse Adoptium\jdk-17.0.15.6-hotspot\bin\server;C:\Users\khoi van\.gradle\native\1def1411415f61bf3af743bc5b6707747c0891f09f0c88961ee8f79bc544acac\windows-amd64;C:\Users\khoi van\.gradle\native\0.2.7\x86_64-windows-gnu

VM Arguments:
jvm_args: --add-opens=java.base/java.lang=ALL-UNNAMED --add-opens=java.base/java.lang.invoke=ALL-UNNAMED --add-opens=java.base/java.util=ALL-UNNAMED --add-opens=java.prefs/java.util.prefs=ALL-UNNAMED --add-exports=jdk.compiler/com.sun.tools.javac.api=ALL-UNNAMED --add-exports=jdk.compiler/com.sun.tools.javac.util=ALL-UNNAMED --add-opens=java.base/java.util=ALL-UNNAMED --add-opens=java.prefs/java.util.prefs=ALL-UNNAMED --add-opens=java.base/java.nio.charset=ALL-UNNAMED --add-opens=java.base/java.net=ALL-UNNAMED --add-opens=java.base/java.util.concurrent.atomic=ALL-UNNAMED --add-opens=java.xml/javax.xml.namespace=ALL-UNNAMED -XX:MaxMetaspaceSize=384m -XX:+HeapDumpOnOutOfMemoryError -Xms256m -Xmx512m -Dfile.encoding=UTF-8 -Duser.country=US -Duser.language=en -Duser.variant -javaagent:C:\Users\khoi van\.gradle\wrapper\dists\gradle-8.14.3-bin\cv11ve7ro1n3o1j4so8xd9n66\gradle-8.14.3\lib\agents\gradle-instrumentation-agent-8.14.3.jar 
java_command: org.gradle.launcher.daemon.bootstrap.GradleDaemon 8.14.3
java_class_path (initial): C:\Users\khoi van\.gradle\wrapper\dists\gradle-8.14.3-bin\cv11ve7ro1n3o1j4so8xd9n66\gradle-8.14.3\lib\gradle-daemon-main-8.14.3.jar
Launcher Type: SUN_STANDARD

[Global flags]
     intx CICompilerCount                          = 4                                         {product} {ergonomic}
   size_t CompressedClassSpaceSize                 = 335544320                                 {product} {ergonomic}
     uint ConcGCThreads                            = 3                                         {product} {ergonomic}
     uint G1ConcRefinementThreads                  = 10                                        {product} {ergonomic}
   size_t G1HeapRegionSize                         = 1048576                                   {product} {ergonomic}
    uintx GCDrainStackTargetSize                   = 64                                        {product} {ergonomic}
     bool HeapDumpOnOutOfMemoryError               = true                                   {manageable} {command line}
   size_t InitialHeapSize                          = 268435456                                 {product} {command line}
   size_t MarkStackSize                            = 4194304                                   {product} {ergonomic}
   size_t MaxHeapSize                              = 536870912                                 {product} {command line}
   size_t MaxMetaspaceSize                         = 402653184                                 {product} {command line}
   size_t MaxNewSize                               = 321912832                                 {product} {ergonomic}
   size_t MinHeapDeltaBytes                        = 1048576                                   {product} {ergonomic}
   size_t MinHeapSize                              = 268435456                                 {product} {command line}
    uintx NonNMethodCodeHeapSize                   = 5839372                                {pd product} {ergonomic}
    uintx NonProfiledCodeHeapSize                  = 122909434                              {pd product} {ergonomic}
    uintx ProfiledCodeHeapSize                     = 122909434                              {pd product} {ergonomic}
    uintx ReservedCodeCacheSize                    = 251658240                              {pd product} {ergonomic}
     bool SegmentedCodeCache                       = true                                      {product} {ergonomic}
   size_t SoftMaxHeapSize                          = 536870912                              {manageable} {ergonomic}
     bool UseCompressedClassPointers               = true                           {product lp64_product} {ergonomic}
     bool UseCompressedOops                        = true                           {product lp64_product} {ergonomic}
     bool UseG1GC                                  = true                                      {product} {ergonomic}
     bool UseLargePagesIndividualAllocation        = false                                  {pd product} {ergonomic}

Logging:
Log output configuration:
 #0: stdout all=warning uptime,level,tags
 #1: stderr all=off uptime,level,tags

Environment Variables:
JAVA_HOME=C:\Program Files\Eclipse Adoptium\jdk-17.0.15.6-hotspot\
PATH=C:\Program Files\Eclipse Adoptium\jdk-17.0.15.6-hotspot\bin;C:\Windows\system32;C:\Windows;C:\Windows\System32\Wbem;C:\Windows\System32\WindowsPowerShell\v1.0\;C:\Windows\System32\OpenSSH\;C:\Program Files (x86)\NVIDIA Corporation\PhysX\Common;C:\Program Files\NVIDIA Corporation\NVIDIA NvDLISR;C:\Program Files\Git\cmd;C:\Program Files\TortoiseGit\bin;C:\Users\khoi van\AppData\Local\Programs\Python\Python313\Scripts\;C:\Users\khoi van\AppData\Local\Programs\Python\Python313\;C:\Users\khoi van\AppData\Local\Programs\Python\Launcher\;C:\Users\khoi van\AppData\Local\Microsoft\WindowsApps;C:\Users\khoi van\AppData\Local\Programs\Microsoft VS Code\bin;C:\MinGW\bin;C:\Users\khoi van\AppData\Local\Programs\cursor\resources\app\bin
USERNAME=khoi van
OS=Windows_NT
PROCESSOR_IDENTIFIER=Intel64 Family 6 Model 151 Stepping 2, GenuineIntel
TMP=C:\Users\KHOIVA~1\AppData\Local\Temp
TEMP=C:\Users\KHOIVA~1\AppData\Local\Temp



Periodic native trim disabled


---------------  S Y S T E M  ---------------

OS:
 Windows 11 , 64 bit Build 26100 (10.0.26100.4768)
OS uptime: 8 days 22:32 hours

CPU: total 12 (initial active 12) (6 cores per cpu, 2 threads per core) family 6 model 151 stepping 2 microcode 0x36, cx8, cmov, fxsr, ht, mmx, 3dnowpref, sse, sse2, sse3, ssse3, sse4.1, sse4.2, popcnt, lzcnt, tsc, tscinvbit, avx, avx2, aes, erms, clmul, bmi1, bmi2, adx, sha, fma, vzeroupper, clflush, clflushopt, clwb
Processor Information for all 12 processors :
  Max Mhz: 2400, Current Mhz: 2400, Mhz Limit: 2400

Memory: 4k page, system-wide physical 16091M (1706M free)
TotalPageFile size 55095M (AvailPageFile size 128M)
current process WorkingSet (physical memory assigned to process): 398M, peak: 406M
current process commit charge ("private bytes"): 509M, peak: 514M

vm_info: OpenJDK 64-Bit Server VM (17.0.15+6) for windows-amd64 JRE (17.0.15+6), built on Apr 15 2025 21:25:47 by "admin" with MS VC++ 17.7 (VS2022)

END.
