#
# There is insufficient memory for the Java Runtime Environment to continue.
# Native memory allocation (mmap) failed to map 20971520 bytes. Error detail: G1 virtual space
# Possible reasons:
#   The system is out of physical RAM or swap space
#   This process is running with CompressedOops enabled, and the Java Heap may be blocking the growth of the native heap
# Possible solutions:
#   Reduce memory load on the system
#   Increase physical memory or swap space
#   Check if swap backing store is full
#   Decrease Java heap size (-Xmx/-Xms)
#   Decrease number of Java threads
#   Decrease Java thread stack sizes (-Xss)
#   Set larger code cache with -XX:ReservedCodeCacheSize=
#   JVM is running with Zero Based Compressed Oops mode in which the Java heap is
#     placed in the first 32GB address space. The Java Heap base address is the
#     maximum limit for the native heap growth. Please use -XX:HeapBaseMinAddress
#     to set the Java Heap base and to place the Java Heap above 32GB virtual address.
# This output file may be truncated or incomplete.
#
#  Out of Memory Error (os_windows.cpp:3713), pid=46688, tid=45936
#
# JRE version: OpenJDK Runtime Environment Temurin-21.0.8+9 (21.0.8+9) (build 21.0.8+9-LTS)
# Java VM: OpenJDK 64-Bit Server VM Temurin-21.0.8+9 (21.0.8+9-LTS, mixed mode, sharing, tiered, compressed oops, compressed class ptrs, g1 gc, windows-amd64)
# No core dump will be written. Minidumps are not enabled by default on client versions of Windows
#

---------------  S U M M A R Y ------------

Command Line: --add-modules=ALL-SYSTEM --add-opens=java.base/java.util=ALL-UNNAMED --add-opens=java.base/java.lang=ALL-UNNAMED --add-opens=java.base/sun.nio.fs=ALL-UNNAMED -Declipse.application=org.eclipse.jdt.ls.core.id1 -Dosgi.bundles.defaultStartLevel=4 -Declipse.product=org.eclipse.jdt.ls.core.product -Djava.import.generatesMetadataFilesAtProjectRoot=false -DDetectVMInstallationsJob.disabled=true -Dfile.encoding=utf8 -Xlog:disable -Xmx5G -javaagent:c:\Users\khoi van\.vscode\extensions\redhat.java-1.44.0-win32-x64\lombok\lombok-1.18.39-4050.jar -XX:+HeapDumpOnOutOfMemoryError -XX:HeapDumpPath=c:\Users\khoi van\AppData\Roaming\Code\User\workspaceStorage\8d4484f3ca12837ad4209da0b6ca0ea4\redhat.java -Daether.dependencyCollector.impl=bf c:\Users\khoi van\.vscode\extensions\redhat.java-1.44.0-win32-x64\server\plugins\org.eclipse.equinox.launcher_1.7.0.v20250519-0528.jar -configuration c:\Users\khoi van\AppData\Roaming\Code\User\globalStorage\redhat.java\1.44.0\config_win -data c:\Users\khoi van\AppData\Roaming\Code\User\workspaceStorage\8d4484f3ca12837ad4209da0b6ca0ea4\redhat.java\jdt_ws --pipe=\\.\pipe\lsp-c5e8333e51ac7e002bfbd17c35f9c897-sock

Host: 12th Gen Intel(R) Core(TM) i5-12450HX, 12 cores, 15G,  Windows 11 , 64 bit Build 26100 (10.0.26100.4768)
Time: Tue Sep  2 12:56:35 2025 SE Asia Standard Time elapsed time: 7.992421 seconds (0d 0h 0m 7s)

---------------  T H R E A D  ---------------

Current thread (0x0000022e992eb590):  VMThread "VM Thread"          [id=45936, stack(0x000000bbd5100000,0x000000bbd5200000) (1024K)]

Stack: [0x000000bbd5100000,0x000000bbd5200000]
Native frames: (J=compiled Java code, j=interpreted, Vv=VM code, C=native code)
V  [jvm.dll+0x6d2449]
V  [jvm.dll+0x8ae341]
V  [jvm.dll+0x8b08be]
V  [jvm.dll+0x8b0fa3]
V  [jvm.dll+0x280c96]
V  [jvm.dll+0x6cec15]
V  [jvm.dll+0x6c2c3a]
V  [jvm.dll+0x35867a]
V  [jvm.dll+0x360246]
V  [jvm.dll+0x3b1f9e]
V  [jvm.dll+0x3b2248]
V  [jvm.dll+0x32c8fc]
V  [jvm.dll+0x32c987]
V  [jvm.dll+0x3706fc]
V  [jvm.dll+0x36ef48]
V  [jvm.dll+0x32c0c1]
V  [jvm.dll+0x36e5ba]
V  [jvm.dll+0x8b6cbf]
V  [jvm.dll+0x8b8044]
V  [jvm.dll+0x8b8580]
V  [jvm.dll+0x8b8823]
V  [jvm.dll+0x857e6b]
V  [jvm.dll+0x6d0b0d]
C  [ucrtbase.dll+0x37b0]
C  [KERNEL32.DLL+0x2e8d7]
C  [ntdll.dll+0x3c34c]

VM_Operation (0x000000bbd5bfa130): G1CollectForAllocation, mode: safepoint, requested by thread 0x0000022ee028c360


---------------  P R O C E S S  ---------------

Threads class SMR info:
_java_thread_list=0x0000022ee4cc6480, length=66, elements={
0x0000022efe34ccc0, 0x0000022e9930b0b0, 0x0000022e9930db10, 0x0000022e9930ecb0,
0x0000022e9930f960, 0x0000022e993104e0, 0x0000022e993174f0, 0x0000022e99320110,
0x0000022e99320ba0, 0x0000022e99cb2750, 0x0000022e99f0ba40, 0x0000022edfb0c840,
0x0000022edf9cb620, 0x0000022edfa34330, 0x0000022edfa34990, 0x0000022edfe51d20,
0x0000022edfeb2480, 0x0000022ee02ad860, 0x0000022ee028a920, 0x0000022ee028b640,
0x0000022ee028c360, 0x0000022ee028bcd0, 0x0000022ee0193f60, 0x0000022ee18f8af0,
0x0000022ee028d080, 0x0000022ee0289c00, 0x0000022ee028afb0, 0x0000022ee028c9f0,
0x0000022ee294f430, 0x0000022ee294fac0, 0x0000022ee294e710, 0x0000022ee29507e0,
0x0000022ee294e080, 0x0000022ee294eda0, 0x0000022ee2951b90, 0x0000022ee2951500,
0x0000022ee29535d0, 0x0000022ee29528b0, 0x0000022ee2950e70, 0x0000022ee2950150,
0x0000022ee2952f40, 0x0000022ee29556a0, 0x0000022ee29542f0, 0x0000022ee2953c60,
0x0000022ee42e9220, 0x0000022ee42e6430, 0x0000022ee42e98b0, 0x0000022ee42e77e0,
0x0000022ee42e6ac0, 0x0000022ee42e8b90, 0x0000022ee42e8500, 0x0000022ee42e9f40,
0x0000022ee42ea5d0, 0x0000022ee42e7150, 0x0000022ee42eb980, 0x0000022ee42eac60,
0x0000022ee42eb2f0, 0x0000022ee42ec010, 0x0000022ee42ec6a0, 0x0000022ee4391450,
0x0000022ee4390dc0, 0x0000022ee4392170, 0x0000022ee438fa10, 0x0000022ee4391ae0,
0x0000022ee43900a0, 0x0000022ee4392800
}

Java Threads: ( => current thread )
  0x0000022efe34ccc0 JavaThread "main"                              [_thread_blocked, id=46680, stack(0x000000bbd4a00000,0x000000bbd4b00000) (1024K)]
  0x0000022e9930b0b0 JavaThread "Reference Handler"          daemon [_thread_blocked, id=45940, stack(0x000000bbd5200000,0x000000bbd5300000) (1024K)]
  0x0000022e9930db10 JavaThread "Finalizer"                  daemon [_thread_blocked, id=3876, stack(0x000000bbd5300000,0x000000bbd5400000) (1024K)]
  0x0000022e9930ecb0 JavaThread "Signal Dispatcher"          daemon [_thread_blocked, id=43364, stack(0x000000bbd5400000,0x000000bbd5500000) (1024K)]
  0x0000022e9930f960 JavaThread "Attach Listener"            daemon [_thread_blocked, id=45724, stack(0x000000bbd5500000,0x000000bbd5600000) (1024K)]
  0x0000022e993104e0 JavaThread "Service Thread"             daemon [_thread_blocked, id=3296, stack(0x000000bbd5600000,0x000000bbd5700000) (1024K)]
  0x0000022e993174f0 JavaThread "Monitor Deflation Thread"   daemon [_thread_blocked, id=46316, stack(0x000000bbd5700000,0x000000bbd5800000) (1024K)]
  0x0000022e99320110 JavaThread "C2 CompilerThread0"         daemon [_thread_blocked, id=36680, stack(0x000000bbd5800000,0x000000bbd5900000) (1024K)]
  0x0000022e99320ba0 JavaThread "C1 CompilerThread0"         daemon [_thread_blocked, id=40588, stack(0x000000bbd5900000,0x000000bbd5a00000) (1024K)]
  0x0000022e99cb2750 JavaThread "Common-Cleaner"             daemon [_thread_blocked, id=45532, stack(0x000000bbd5a00000,0x000000bbd5b00000) (1024K)]
  0x0000022e99f0ba40 JavaThread "Notification Thread"        daemon [_thread_blocked, id=46880, stack(0x000000bbd5c00000,0x000000bbd5d00000) (1024K)]
  0x0000022edfb0c840 JavaThread "Active Thread: Equinox Container: a916e30f-8b5b-48f5-93d7-d50eb5703ef7"        [_thread_blocked, id=45080, stack(0x000000bbd6300000,0x000000bbd6400000) (1024K)]
  0x0000022edf9cb620 JavaThread "Refresh Thread: Equinox Container: a916e30f-8b5b-48f5-93d7-d50eb5703ef7" daemon [_thread_blocked, id=45456, stack(0x000000bbd6600000,0x000000bbd6700000) (1024K)]
  0x0000022edfa34330 JavaThread "Framework Event Dispatcher: Equinox Container: a916e30f-8b5b-48f5-93d7-d50eb5703ef7" daemon [_thread_blocked, id=44728, stack(0x000000bbd6700000,0x000000bbd6800000) (1024K)]
  0x0000022edfa34990 JavaThread "Start Level: Equinox Container: a916e30f-8b5b-48f5-93d7-d50eb5703ef7" daemon [_thread_blocked, id=34200, stack(0x000000bbd6800000,0x000000bbd6900000) (1024K)]
  0x0000022edfe51d20 JavaThread "Bundle File Closer"         daemon [_thread_blocked, id=32172, stack(0x000000bbd6900000,0x000000bbd6a00000) (1024K)]
  0x0000022edfeb2480 JavaThread "SCR Component Actor"        daemon [_thread_blocked, id=38620, stack(0x000000bbd6a00000,0x000000bbd6b00000) (1024K)]
  0x0000022ee02ad860 JavaThread "SCR Component Registry"     daemon [_thread_blocked, id=45464, stack(0x000000bbd6b00000,0x000000bbd6c00000) (1024K)]
  0x0000022ee028a920 JavaThread "Worker-JM"                         [_thread_blocked, id=7528, stack(0x000000bbd6c00000,0x000000bbd6d00000) (1024K)]
  0x0000022ee028b640 JavaThread "JNA Cleaner"                daemon [_thread_blocked, id=46960, stack(0x000000bbd5d00000,0x000000bbd5e00000) (1024K)]
  0x0000022ee028c360 JavaThread "Worker-0: Building"                [_thread_blocked, id=47008, stack(0x000000bbd5b00000,0x000000bbd5c00000) (1024K)]
  0x0000022ee028bcd0 JavaThread "Worker-1"                          [_thread_blocked, id=47016, stack(0x000000bbd6d00000,0x000000bbd6e00000) (1024K)]
  0x0000022ee0193f60 JavaThread "C2 CompilerThread1"         daemon [_thread_blocked, id=47040, stack(0x000000bbd6e00000,0x000000bbd6f00000) (1024K)]
  0x0000022ee18f8af0 JavaThread "C2 CompilerThread2"         daemon [_thread_blocked, id=47076, stack(0x000000bbd7300000,0x000000bbd7400000) (1024K)]
  0x0000022ee028d080 JavaThread "Java indexing"              daemon [_thread_blocked, id=42924, stack(0x000000bbd7400000,0x000000bbd7500000) (1024K)]
  0x0000022ee0289c00 JavaThread "Worker-2: Java indexing... "        [_thread_blocked, id=46088, stack(0x000000bbd7700000,0x000000bbd7800000) (1024K)]
  0x0000022ee028afb0 JavaThread "Worker-3"                          [_thread_blocked, id=960, stack(0x000000bbd7800000,0x000000bbd7900000) (1024K)]
  0x0000022ee028c9f0 JavaThread "Thread-2"                   daemon [_thread_in_native, id=8440, stack(0x000000bbd7900000,0x000000bbd7a00000) (1024K)]
  0x0000022ee294f430 JavaThread "Thread-3"                   daemon [_thread_in_native, id=27060, stack(0x000000bbd7a00000,0x000000bbd7b00000) (1024K)]
  0x0000022ee294fac0 JavaThread "Thread-4"                   daemon [_thread_in_native, id=11276, stack(0x000000bbd7b00000,0x000000bbd7c00000) (1024K)]
  0x0000022ee294e710 JavaThread "Thread-5"                   daemon [_thread_in_native, id=45000, stack(0x000000bbd7c00000,0x000000bbd7d00000) (1024K)]
  0x0000022ee29507e0 JavaThread "Thread-6"                   daemon [_thread_in_native, id=32532, stack(0x000000bbd7d00000,0x000000bbd7e00000) (1024K)]
  0x0000022ee294e080 JavaThread "Thread-7"                   daemon [_thread_in_native, id=21600, stack(0x000000bbd7e00000,0x000000bbd7f00000) (1024K)]
  0x0000022ee294eda0 JavaThread "Thread-8"                   daemon [_thread_in_native, id=4528, stack(0x000000bbd7f00000,0x000000bbd8000000) (1024K)]
  0x0000022ee2951b90 JavaThread "Thread-9"                   daemon [_thread_in_native, id=18188, stack(0x000000bbd8000000,0x000000bbd8100000) (1024K)]
  0x0000022ee2951500 JavaThread "Thread-10"                  daemon [_thread_in_native, id=44292, stack(0x000000bbd8100000,0x000000bbd8200000) (1024K)]
  0x0000022ee29535d0 JavaThread "Thread-11"                  daemon [_thread_in_native, id=42160, stack(0x000000bbd8200000,0x000000bbd8300000) (1024K)]
  0x0000022ee29528b0 JavaThread "Thread-12"                  daemon [_thread_in_native, id=35484, stack(0x000000bbd8300000,0x000000bbd8400000) (1024K)]
  0x0000022ee2950e70 JavaThread "Thread-13"                  daemon [_thread_in_native, id=46156, stack(0x000000bbd8400000,0x000000bbd8500000) (1024K)]
  0x0000022ee2950150 JavaThread "Thread-14"                  daemon [_thread_in_native, id=46152, stack(0x000000bbd8500000,0x000000bbd8600000) (1024K)]
  0x0000022ee2952f40 JavaThread "pool-2-thread-1"                   [_thread_blocked, id=44632, stack(0x000000bbd8600000,0x000000bbd8700000) (1024K)]
  0x0000022ee29556a0 JavaThread "WorkspaceEventsHandler"            [_thread_blocked, id=33860, stack(0x000000bbd8700000,0x000000bbd8800000) (1024K)]
  0x0000022ee29542f0 JavaThread "pool-1-thread-1"                   [_thread_blocked, id=45208, stack(0x000000bbd8800000,0x000000bbd8900000) (1024K)]
  0x0000022ee2953c60 JavaThread "Worker-4"                          [_thread_blocked, id=45868, stack(0x000000bbd8900000,0x000000bbd8a00000) (1024K)]
  0x0000022ee42e9220 JavaThread "LocalFile Deleter"          daemon [_thread_blocked, id=8428, stack(0x000000bbd8a00000,0x000000bbd8b00000) (1024K)]
  0x0000022ee42e6430 JavaThread "LocalFile Deleter"          daemon [_thread_blocked, id=40400, stack(0x000000bbd8b00000,0x000000bbd8c00000) (1024K)]
  0x0000022ee42e98b0 JavaThread "LocalFile Deleter"          daemon [_thread_blocked, id=22524, stack(0x000000bbd8c00000,0x000000bbd8d00000) (1024K)]
  0x0000022ee42e77e0 JavaThread "LocalFile Deleter"          daemon [_thread_blocked, id=24540, stack(0x000000bbd8d00000,0x000000bbd8e00000) (1024K)]
  0x0000022ee42e6ac0 JavaThread "LocalFile Deleter"          daemon [_thread_blocked, id=12160, stack(0x000000bbd8e00000,0x000000bbd8f00000) (1024K)]
  0x0000022ee42e8b90 JavaThread "LocalFile Deleter"          daemon [_thread_blocked, id=9300, stack(0x000000bbd8f00000,0x000000bbd9000000) (1024K)]
  0x0000022ee42e8500 JavaThread "LocalFile Deleter"          daemon [_thread_blocked, id=40608, stack(0x000000bbd9000000,0x000000bbd9100000) (1024K)]
  0x0000022ee42e9f40 JavaThread "LocalFile Deleter"          daemon [_thread_blocked, id=26840, stack(0x000000bbd9100000,0x000000bbd9200000) (1024K)]
  0x0000022ee42ea5d0 JavaThread "LocalFile Deleter"          daemon [_thread_blocked, id=29048, stack(0x000000bbd9200000,0x000000bbd9300000) (1024K)]
  0x0000022ee42e7150 JavaThread "LocalFile Deleter"          daemon [_thread_blocked, id=45888, stack(0x000000bbd9300000,0x000000bbd9400000) (1024K)]
  0x0000022ee42eb980 JavaThread "LocalFile Deleter"          daemon [_thread_blocked, id=45808, stack(0x000000bbd9400000,0x000000bbd9500000) (1024K)]
  0x0000022ee42eac60 JavaThread "LocalFile Deleter"          daemon [_thread_blocked, id=30452, stack(0x000000bbd9500000,0x000000bbd9600000) (1024K)]
  0x0000022ee42eb2f0 JavaThread "Compiler Source File Reader" daemon [_thread_blocked, id=41372, stack(0x000000bbd9600000,0x000000bbd9700000) (1024K)]
  0x0000022ee42ec010 JavaThread "Compiler Source File Reader" daemon [_thread_blocked, id=14980, stack(0x000000bbd9700000,0x000000bbd9800000) (1024K)]
  0x0000022ee42ec6a0 JavaThread "Compiler Source File Reader" daemon [_thread_blocked, id=29808, stack(0x000000bbd9800000,0x000000bbd9900000) (1024K)]
  0x0000022ee4391450 JavaThread "Compiler Source File Reader" daemon [_thread_blocked, id=25048, stack(0x000000bbd9900000,0x000000bbd9a00000) (1024K)]
  0x0000022ee4390dc0 JavaThread "Compiler Source File Reader" daemon [_thread_blocked, id=24308, stack(0x000000bbd9a00000,0x000000bbd9b00000) (1024K)]
  0x0000022ee4392170 JavaThread "Compiler Source File Reader" daemon [_thread_blocked, id=30784, stack(0x000000bbd9b00000,0x000000bbd9c00000) (1024K)]
  0x0000022ee438fa10 JavaThread "Compiler Source File Reader" daemon [_thread_blocked, id=1364, stack(0x000000bbd9c00000,0x000000bbd9d00000) (1024K)]
  0x0000022ee4391ae0 JavaThread "Compiler Source File Reader" daemon [_thread_blocked, id=40140, stack(0x000000bbd9d00000,0x000000bbd9e00000) (1024K)]
  0x0000022ee43900a0 JavaThread "Compiler Source File Reader" daemon [_thread_blocked, id=46068, stack(0x000000bbd9e00000,0x000000bbd9f00000) (1024K)]
  0x0000022ee4392800 JavaThread "Compiler Source File Reader" daemon [_thread_blocked, id=45368, stack(0x000000bbd9f00000,0x000000bbda000000) (1024K)]
Total: 66

Other Threads:
=>0x0000022e992eb590 VMThread "VM Thread"                           [id=45936, stack(0x000000bbd5100000,0x000000bbd5200000) (1024K)]
  0x0000022e992ddae0 WatcherThread "VM Periodic Task Thread"        [id=46276, stack(0x000000bbd5000000,0x000000bbd5100000) (1024K)]
  0x0000022efe3c1c00 WorkerThread "GC Thread#0"                     [id=46684, stack(0x000000bbd4b00000,0x000000bbd4c00000) (1024K)]
  0x0000022edf993020 WorkerThread "GC Thread#1"                     [id=46336, stack(0x000000bbd5e00000,0x000000bbd5f00000) (1024K)]
  0x0000022edf9933c0 WorkerThread "GC Thread#2"                     [id=14372, stack(0x000000bbd5f00000,0x000000bbd6000000) (1024K)]
  0x0000022edf993760 WorkerThread "GC Thread#3"                     [id=45104, stack(0x000000bbd6000000,0x000000bbd6100000) (1024K)]
  0x0000022edf993b00 WorkerThread "GC Thread#4"                     [id=45100, stack(0x000000bbd6100000,0x000000bbd6200000) (1024K)]
  0x0000022edf41f320 WorkerThread "GC Thread#5"                     [id=45188, stack(0x000000bbd6200000,0x000000bbd6300000) (1024K)]
  0x0000022edf4771a0 WorkerThread "GC Thread#6"                     [id=45096, stack(0x000000bbd6400000,0x000000bbd6500000) (1024K)]
  0x0000022edf8d5050 WorkerThread "GC Thread#7"                     [id=41348, stack(0x000000bbd6500000,0x000000bbd6600000) (1024K)]
  0x0000022ee04b9af0 WorkerThread "GC Thread#8"                     [id=47044, stack(0x000000bbd6f00000,0x000000bbd7000000) (1024K)]
  0x0000022ee04b93b0 WorkerThread "GC Thread#9"                     [id=47048, stack(0x000000bbd7000000,0x000000bbd7100000) (1024K)]
  0x0000022efe3cce60 ConcurrentGCThread "G1 Main Marker"            [id=46676, stack(0x000000bbd4c00000,0x000000bbd4d00000) (1024K)]
  0x0000022efe3cfbe0 WorkerThread "G1 Conc#0"                       [id=46656, stack(0x000000bbd4d00000,0x000000bbd4e00000) (1024K)]
  0x0000022ee04ba230 WorkerThread "G1 Conc#1"                       [id=47052, stack(0x000000bbd7100000,0x000000bbd7200000) (1024K)]
  0x0000022ee04ba5d0 WorkerThread "G1 Conc#2"                       [id=47056, stack(0x000000bbd7200000,0x000000bbd7300000) (1024K)]
  0x0000022e99199010 ConcurrentGCThread "G1 Refine#0"               [id=44824, stack(0x000000bbd4e00000,0x000000bbd4f00000) (1024K)]
  0x0000022e99199f40 ConcurrentGCThread "G1 Service"                [id=32292, stack(0x000000bbd4f00000,0x000000bbd5000000) (1024K)]
Total: 18

Threads with active compile tasks:
C2 CompilerThread0  8014 7664   !   4       org.eclipse.jdt.internal.compiler.classfmt.ClassFileReader::<init> (1968 bytes)
C1 CompilerThread0  8014 7723 %     3       org.lombokweb.asm.ClassReader::readCode @ 2187 (5117 bytes)
C2 CompilerThread1  8014 7054       4       org.eclipse.jdt.internal.compiler.util.JrtFileSystem$2::visitFile (10 bytes)
C2 CompilerThread2  8014 7627       4       sun.nio.fs.WindowsPath::elementAsString (62 bytes)
Total: 4

VM state: at safepoint (normal execution)

VM Mutex/Monitor currently owned by a thread:  ([mutex/lock_event])
[0x00007ffd97095458] Threads_lock - owner thread: 0x0000022e992eb590
[0x00007ffd97095558] Heap_lock - owner thread: 0x0000022ee028c360

Heap address: 0x00000006c0000000, size: 5120 MB, Compressed Oops mode: Zero based, Oop shift amount: 3

CDS archive(s) mapped at: [0x0000022e9a000000-0x0000022e9aba0000-0x0000022e9aba0000), size 12189696, SharedBaseAddress: 0x0000022e9a000000, ArchiveRelocationMode: 1.
Compressed class space mapped at: 0x0000022e9b000000-0x0000022edb000000, reserved size: 1073741824
Narrow klass base: 0x0000022e9a000000, Narrow klass shift: 0, Narrow klass range: 0x100000000

GC Precious Log:
 CardTable entry size: 512
 Card Set container configuration: InlinePtr #cards 4 size 8 Array Of Cards #cards 32 size 80 Howl #buckets 8 coarsen threshold 7372 Howl Bitmap #cards 1024 size 144 coarsen threshold 921 Card regions per heap region 1 cards per card region 8192
 CPUs: 12 total, 12 available
 Memory: 16091M
 Large Page Support: Disabled
 NUMA Support: Disabled
 Compressed Oops: Enabled (Zero based)
 Heap Region Size: 4M
 Heap Min Capacity: 8M
 Heap Initial Capacity: 252M
 Heap Max Capacity: 5G
 Pre-touch: Disabled
 Parallel Workers: 10
 Concurrent Workers: 3
 Concurrent Refinement Workers: 10
 Periodic GC: Disabled

Heap:
 garbage-first heap   total 241664K, used 107660K [0x00000006c0000000, 0x0000000800000000)
  region size 4096K, 1 young (4096K), 1 survivors (4096K)
 Metaspace       used 51506K, committed 52736K, reserved 1114112K
  class space    used 5551K, committed 6080K, reserved 1048576K

Heap Regions: E=young(eden), S=young(survivor), O=old, HS=humongous(starts), HC=humongous(continues), CS=collection set, F=free, TAMS=top-at-mark-start, PB=parsable bottom
|   0|0x00000006c0000000, 0x00000006c02c7458, 0x00000006c0400000| 69%| O|  |TAMS 0x00000006c0000000| PB 0x00000006c0000000| Untracked 
|   1|0x00000006c0400000, 0x00000006c0800000, 0x00000006c0800000|100%| O|  |TAMS 0x00000006c0400000| PB 0x00000006c0400000| Untracked 
|   2|0x00000006c0800000, 0x00000006c0c00000, 0x00000006c0c00000|100%| O|  |TAMS 0x00000006c0800000| PB 0x00000006c0800000| Untracked 
|   3|0x00000006c0c00000, 0x00000006c1000000, 0x00000006c1000000|100%| O|  |TAMS 0x00000006c0c00000| PB 0x00000006c0c00000| Untracked 
|   4|0x00000006c1000000, 0x00000006c1400000, 0x00000006c1400000|100%| O|  |TAMS 0x00000006c1000000| PB 0x00000006c1000000| Untracked 
|   5|0x00000006c1400000, 0x00000006c1800000, 0x00000006c1800000|100%| O|  |TAMS 0x00000006c1400000| PB 0x00000006c1400000| Untracked 
|   6|0x00000006c1800000, 0x00000006c1c00000, 0x00000006c1c00000|100%| O|  |TAMS 0x00000006c1800000| PB 0x00000006c1800000| Untracked 
|   7|0x00000006c1c00000, 0x00000006c2000000, 0x00000006c2000000|100%| O|  |TAMS 0x00000006c1c00000| PB 0x00000006c1c00000| Untracked 
|   8|0x00000006c2000000, 0x00000006c2400000, 0x00000006c2400000|100%| O|  |TAMS 0x00000006c2000000| PB 0x00000006c2000000| Untracked 
|   9|0x00000006c2400000, 0x00000006c2800000, 0x00000006c2800000|100%| O|  |TAMS 0x00000006c2400000| PB 0x00000006c2400000| Untracked 
|  10|0x00000006c2800000, 0x00000006c2c00000, 0x00000006c2c00000|100%| O|  |TAMS 0x00000006c2800000| PB 0x00000006c2800000| Untracked 
|  11|0x00000006c2c00000, 0x00000006c3000000, 0x00000006c3000000|100%| O|  |TAMS 0x00000006c2c00000| PB 0x00000006c2c00000| Untracked 
|  12|0x00000006c3000000, 0x00000006c3400000, 0x00000006c3400000|100%| O|  |TAMS 0x00000006c3000000| PB 0x00000006c3000000| Untracked 
|  13|0x00000006c3400000, 0x00000006c3800000, 0x00000006c3800000|100%| O|  |TAMS 0x00000006c3400000| PB 0x00000006c3400000| Untracked 
|  14|0x00000006c3800000, 0x00000006c3c00000, 0x00000006c3c00000|100%| O|  |TAMS 0x00000006c3800000| PB 0x00000006c3800000| Untracked 
|  15|0x00000006c3c00000, 0x00000006c4000000, 0x00000006c4000000|100%| O|  |TAMS 0x00000006c3c00000| PB 0x00000006c3c00000| Untracked 
|  16|0x00000006c4000000, 0x00000006c4400000, 0x00000006c4400000|100%| O|  |TAMS 0x00000006c4000000| PB 0x00000006c4000000| Untracked 
|  17|0x00000006c4400000, 0x00000006c4800000, 0x00000006c4800000|100%| O|  |TAMS 0x00000006c4400000| PB 0x00000006c4400000| Untracked 
|  18|0x00000006c4800000, 0x00000006c4c00000, 0x00000006c4c00000|100%| O|  |TAMS 0x00000006c4800000| PB 0x00000006c4800000| Untracked 
|  19|0x00000006c4c00000, 0x00000006c5000000, 0x00000006c5000000|100%| O|  |TAMS 0x00000006c4c00000| PB 0x00000006c4c00000| Untracked 
|  20|0x00000006c5000000, 0x00000006c5400000, 0x00000006c5400000|100%| O|  |TAMS 0x00000006c5000000| PB 0x00000006c5000000| Untracked 
|  21|0x00000006c5400000, 0x00000006c5800000, 0x00000006c5800000|100%| O|  |TAMS 0x00000006c5400000| PB 0x00000006c5400000| Untracked 
|  22|0x00000006c5800000, 0x00000006c5c00000, 0x00000006c5c00000|100%| O|  |TAMS 0x00000006c5800000| PB 0x00000006c5800000| Untracked 
|  23|0x00000006c5c00000, 0x00000006c6000000, 0x00000006c6000000|100%| O|  |TAMS 0x00000006c5c00000| PB 0x00000006c5c00000| Untracked 
|  24|0x00000006c6000000, 0x00000006c6400000, 0x00000006c6400000|100%| O|  |TAMS 0x00000006c6000000| PB 0x00000006c6000000| Untracked 
|  25|0x00000006c6400000, 0x00000006c6400000, 0x00000006c6800000|  0%| F|  |TAMS 0x00000006c6400000| PB 0x00000006c6400000| Untracked 
|  26|0x00000006c6800000, 0x00000006c6800000, 0x00000006c6c00000|  0%| F|  |TAMS 0x00000006c6800000| PB 0x00000006c6800000| Untracked 
|  27|0x00000006c6c00000, 0x00000006c6c00000, 0x00000006c7000000|  0%| F|  |TAMS 0x00000006c6c00000| PB 0x00000006c6c00000| Untracked 
|  28|0x00000006c7000000, 0x00000006c7000000, 0x00000006c7400000|  0%| F|  |TAMS 0x00000006c7000000| PB 0x00000006c7000000| Untracked 
|  29|0x00000006c7400000, 0x00000006c7400000, 0x00000006c7800000|  0%| F|  |TAMS 0x00000006c7400000| PB 0x00000006c7400000| Untracked 
|  30|0x00000006c7800000, 0x00000006c7800000, 0x00000006c7c00000|  0%| F|  |TAMS 0x00000006c7800000| PB 0x00000006c7800000| Untracked 
|  31|0x00000006c7c00000, 0x00000006c7c00000, 0x00000006c8000000|  0%| F|  |TAMS 0x00000006c7c00000| PB 0x00000006c7c00000| Untracked 
|  32|0x00000006c8000000, 0x00000006c8000000, 0x00000006c8400000|  0%| F|  |TAMS 0x00000006c8000000| PB 0x00000006c8000000| Untracked 
|  33|0x00000006c8400000, 0x00000006c8400000, 0x00000006c8800000|  0%| F|  |TAMS 0x00000006c8400000| PB 0x00000006c8400000| Untracked 
|  34|0x00000006c8800000, 0x00000006c8800000, 0x00000006c8c00000|  0%| F|  |TAMS 0x00000006c8800000| PB 0x00000006c8800000| Untracked 
|  35|0x00000006c8c00000, 0x00000006c8c00000, 0x00000006c9000000|  0%| F|  |TAMS 0x00000006c8c00000| PB 0x00000006c8c00000| Untracked 
|  36|0x00000006c9000000, 0x00000006c9000000, 0x00000006c9400000|  0%| F|  |TAMS 0x00000006c9000000| PB 0x00000006c9000000| Untracked 
|  37|0x00000006c9400000, 0x00000006c9400000, 0x00000006c9800000|  0%| F|  |TAMS 0x00000006c9400000| PB 0x00000006c9400000| Untracked 
|  38|0x00000006c9800000, 0x00000006c9800000, 0x00000006c9c00000|  0%| F|  |TAMS 0x00000006c9800000| PB 0x00000006c9800000| Untracked 
|  39|0x00000006c9c00000, 0x00000006c9c00000, 0x00000006ca000000|  0%| F|  |TAMS 0x00000006c9c00000| PB 0x00000006c9c00000| Untracked 
|  40|0x00000006ca000000, 0x00000006ca000000, 0x00000006ca400000|  0%| F|  |TAMS 0x00000006ca000000| PB 0x00000006ca000000| Untracked 
|  41|0x00000006ca400000, 0x00000006ca400000, 0x00000006ca800000|  0%| F|  |TAMS 0x00000006ca400000| PB 0x00000006ca400000| Untracked 
|  42|0x00000006ca800000, 0x00000006ca800000, 0x00000006cac00000|  0%| F|  |TAMS 0x00000006ca800000| PB 0x00000006ca800000| Untracked 
|  43|0x00000006cac00000, 0x00000006cac00000, 0x00000006cb000000|  0%| F|  |TAMS 0x00000006cac00000| PB 0x00000006cac00000| Untracked 
|  44|0x00000006cb000000, 0x00000006cb000000, 0x00000006cb400000|  0%| F|  |TAMS 0x00000006cb000000| PB 0x00000006cb000000| Untracked 
|  45|0x00000006cb400000, 0x00000006cb400000, 0x00000006cb800000|  0%| F|  |TAMS 0x00000006cb400000| PB 0x00000006cb400000| Untracked 
|  46|0x00000006cb800000, 0x00000006cb800000, 0x00000006cbc00000|  0%| F|  |TAMS 0x00000006cb800000| PB 0x00000006cb800000| Untracked 
|  47|0x00000006cbc00000, 0x00000006cbc00000, 0x00000006cc000000|  0%| F|  |TAMS 0x00000006cbc00000| PB 0x00000006cbc00000| Untracked 
|  48|0x00000006cc000000, 0x00000006cc000000, 0x00000006cc400000|  0%| F|  |TAMS 0x00000006cc000000| PB 0x00000006cc000000| Untracked 
|  49|0x00000006cc400000, 0x00000006cc400000, 0x00000006cc800000|  0%| F|  |TAMS 0x00000006cc400000| PB 0x00000006cc400000| Untracked 
|  50|0x00000006cc800000, 0x00000006cc800000, 0x00000006ccc00000|  0%| F|  |TAMS 0x00000006cc800000| PB 0x00000006cc800000| Untracked 
|  51|0x00000006ccc00000, 0x00000006ccc00000, 0x00000006cd000000|  0%| F|  |TAMS 0x00000006ccc00000| PB 0x00000006ccc00000| Untracked 
|  52|0x00000006cd000000, 0x00000006cd000000, 0x00000006cd400000|  0%| F|  |TAMS 0x00000006cd000000| PB 0x00000006cd000000| Untracked 
|  53|0x00000006cd400000, 0x00000006cd400000, 0x00000006cd800000|  0%| F|  |TAMS 0x00000006cd400000| PB 0x00000006cd400000| Untracked 
|  54|0x00000006cd800000, 0x00000006cd800000, 0x00000006cdc00000|  0%| F|  |TAMS 0x00000006cd800000| PB 0x00000006cd800000| Untracked 
|  55|0x00000006cdc00000, 0x00000006cde5bef0, 0x00000006ce000000| 58%| S|CS|TAMS 0x00000006cdc00000| PB 0x00000006cdc00000| Complete 
|  56|0x00000006ce000000, 0x00000006ce000000, 0x00000006ce400000|  0%| F|  |TAMS 0x00000006ce000000| PB 0x00000006ce000000| Untracked 
|  62|0x00000006cf800000, 0x00000006cf800000, 0x00000006cfc00000|  0%| F|  |TAMS 0x00000006cf800000| PB 0x00000006cf800000| Untracked 
|1279|0x00000007ffc00000, 0x0000000800000000, 0x0000000800000000|100%| O|  |TAMS 0x00000007ffc00000| PB 0x00000007ffc00000| Untracked 

Card table byte_map: [0x0000022eff360000,0x0000022effd60000] _byte_map_base: 0x0000022efbd60000

Marking Bits: (CMBitMap*) 0x0000022efe3c2210
 Bits: [0x0000022e92130000, 0x0000022e97130000)

Polling page: 0x0000022efbef0000

Metaspace:

Usage:
  Non-class:     44.88 MB used.
      Class:      5.42 MB used.
       Both:     50.30 MB used.

Virtual space:
  Non-class space:       64.00 MB reserved,      45.56 MB ( 71%) committed,  1 nodes.
      Class space:        1.00 GB reserved,       5.94 MB ( <1%) committed,  1 nodes.
             Both:        1.06 GB reserved,      51.50 MB (  5%) committed. 

Chunk freelists:
   Non-Class:  2.39 MB
       Class:  10.05 MB
        Both:  12.44 MB

MaxMetaspaceSize: unlimited
CompressedClassSpaceSize: 1.00 GB
Initial GC threshold: 21.00 MB
Current GC threshold: 85.12 MB
CDS: on
 - commit_granule_bytes: 65536.
 - commit_granule_words: 8192.
 - virtual_space_node_default_size: 8388608.
 - enlarge_chunks_in_place: 1.
 - use_allocation_guard: 0.


Internal statistics:

num_allocs_failed_limit: 6.
num_arena_births: 888.
num_arena_deaths: 14.
num_vsnodes_births: 2.
num_vsnodes_deaths: 0.
num_space_committed: 824.
num_space_uncommitted: 0.
num_chunks_returned_to_freelist: 20.
num_chunks_taken_from_freelist: 3113.
num_chunk_merges: 10.
num_chunk_splits: 1986.
num_chunks_enlarged: 1235.
num_inconsistent_stats: 0.

CodeHeap 'non-profiled nmethods': size=120000Kb used=3993Kb max_used=4026Kb free=116006Kb
 bounds [0x0000022e8ac00000, 0x0000022e8b010000, 0x0000022e92130000]
CodeHeap 'profiled nmethods': size=120000Kb used=13196Kb max_used=14481Kb free=106803Kb
 bounds [0x0000022e83130000, 0x0000022e83f70000, 0x0000022e8a660000]
CodeHeap 'non-nmethods': size=5760Kb used=1667Kb max_used=1730Kb free=4092Kb
 bounds [0x0000022e8a660000, 0x0000022e8a8d0000, 0x0000022e8ac00000]
CodeCache: size=245760Kb, used=18856Kb, max_used=20237Kb, free=226901Kb
 total_blobs=7144, nmethods=6438, adapters=610, full_count=0
Compilation: enabled, stopped_count=0, restarted_count=0

Compilation events (20 events):
Event: 4.918 Thread 0x0000022e99320ba0 nmethod 7698 0x0000022e8320db90 code [0x0000022e8320dd40, 0x0000022e8320df20]
Event: 4.918 Thread 0x0000022e99320ba0 7709       2       org.lombokweb.asm.MethodVisitor::visitTypeInsn (17 bytes)
Event: 4.919 Thread 0x0000022e99320ba0 nmethod 7709 0x0000022e833bf410 code [0x0000022e833bf5c0, 0x0000022e833bf700]
Event: 4.919 Thread 0x0000022e99320ba0 7710       2       org.lombokweb.asm.ClassReader::readCode (5117 bytes)
Event: 4.919 Thread 0x0000022ee0193f60 nmethod 7671 0x0000022e8adada90 code [0x0000022e8adadc80, 0x0000022e8adae8e8]
Event: 4.920 Thread 0x0000022ee0193f60 7679       4       lombok.patcher.MethodTarget::typeMatches (14 bytes)
Event: 4.927 Thread 0x0000022e99320ba0 nmethod 7710 0x0000022e83f54790 code [0x0000022e83f55540, 0x0000022e83f5d300]
Event: 4.927 Thread 0x0000022e99320ba0 7711       2       lombok.patcher.PatchScript$MethodPatcher::visitMethod (158 bytes)
Event: 4.928 Thread 0x0000022e99320ba0 nmethod 7711 0x0000022e83d17590 code [0x0000022e83d17820, 0x0000022e83d17ec8]
Event: 4.928 Thread 0x0000022e99320ba0 7714       2       org.lombokweb.asm.ClassReader::readMethod (1070 bytes)
Event: 5.934 Thread 0x0000022ee0193f60 nmethod 7679 0x0000022e8af58310 code [0x0000022e8af584c0, 0x0000022e8af58c18]
Event: 5.934 Thread 0x0000022ee0193f60 7718       4       org.eclipse.core.runtime.Path::computeLength (100 bytes)
Event: 5.934 Thread 0x0000022ee18f8af0 nmethod 7672 0x0000022e8add1c90 code [0x0000022e8add1ee0, 0x0000022e8add3678]
Event: 5.935 Thread 0x0000022ee18f8af0 7627       4       sun.nio.fs.WindowsPath::elementAsString (62 bytes)
Event: 5.938 Thread 0x0000022e99320ba0 nmethod 7714 0x0000022e83d4dc90 code [0x0000022e83d4e240, 0x0000022e83d509b8]
Event: 5.938 Thread 0x0000022e99320ba0 7721       3       java.lang.String::split (242 bytes)
Event: 5.941 Thread 0x0000022e99320ba0 nmethod 7721 0x0000022e83d88510 code [0x0000022e83d88900, 0x0000022e83d8aeb0]
Event: 5.941 Thread 0x0000022e99320ba0 7723 %     3       org.lombokweb.asm.ClassReader::readCode @ 2187 (5117 bytes)
Event: 5.950 Thread 0x0000022ee0193f60 nmethod 7718 0x0000022e8af4b790 code [0x0000022e8af4b920, 0x0000022e8af4bc00]
Event: 5.950 Thread 0x0000022ee0193f60 7054       4       org.eclipse.jdt.internal.compiler.util.JrtFileSystem$2::visitFile (10 bytes)

GC Heap History (20 events):
Event: 4.350 GC heap after
{Heap after GC invocations=19 (full 0):
 garbage-first heap   total 147456K, used 51194K [0x00000006c0000000, 0x0000000800000000)
  region size 4096K, 1 young (4096K), 1 survivors (4096K)
 Metaspace       used 47978K, committed 49216K, reserved 1114112K
  class space    used 5180K, committed 5696K, reserved 1048576K
}
Event: 4.511 GC heap before
{Heap before GC invocations=20 (full 0):
 garbage-first heap   total 147456K, used 112634K [0x00000006c0000000, 0x0000000800000000)
  region size 4096K, 17 young (69632K), 1 survivors (4096K)
 Metaspace       used 48632K, committed 49792K, reserved 1114112K
  class space    used 5264K, committed 5760K, reserved 1048576K
}
Event: 4.516 GC heap after
{Heap after GC invocations=21 (full 0):
 garbage-first heap   total 147456K, used 63634K [0x00000006c0000000, 0x0000000800000000)
  region size 4096K, 3 young (12288K), 3 survivors (12288K)
 Metaspace       used 48632K, committed 49792K, reserved 1114112K
  class space    used 5264K, committed 5760K, reserved 1048576K
}
Event: 4.615 GC heap before
{Heap before GC invocations=21 (full 0):
 garbage-first heap   total 147456K, used 112786K [0x00000006c0000000, 0x0000000800000000)
  region size 4096K, 16 young (65536K), 3 survivors (12288K)
 Metaspace       used 49141K, committed 50368K, reserved 1114112K
  class space    used 5308K, committed 5824K, reserved 1048576K
}
Event: 4.620 GC heap after
{Heap after GC invocations=22 (full 0):
 garbage-first heap   total 147456K, used 73337K [0x00000006c0000000, 0x0000000800000000)
  region size 4096K, 2 young (8192K), 2 survivors (8192K)
 Metaspace       used 49141K, committed 50368K, reserved 1114112K
  class space    used 5308K, committed 5824K, reserved 1048576K
}
Event: 4.714 GC heap before
{Heap before GC invocations=22 (full 0):
 garbage-first heap   total 147456K, used 122489K [0x00000006c0000000, 0x0000000800000000)
  region size 4096K, 14 young (57344K), 2 survivors (8192K)
 Metaspace       used 50457K, committed 51648K, reserved 1114112K
  class space    used 5441K, committed 5952K, reserved 1048576K
}
Event: 4.718 GC heap after
{Heap after GC invocations=23 (full 0):
 garbage-first heap   total 147456K, used 83383K [0x00000006c0000000, 0x0000000800000000)
  region size 4096K, 2 young (8192K), 2 survivors (8192K)
 Metaspace       used 50457K, committed 51648K, reserved 1114112K
  class space    used 5441K, committed 5952K, reserved 1048576K
}
Event: 4.804 GC heap before
{Heap before GC invocations=23 (full 0):
 garbage-first heap   total 147456K, used 124343K [0x00000006c0000000, 0x0000000800000000)
  region size 4096K, 12 young (49152K), 2 survivors (8192K)
 Metaspace       used 50916K, committed 52160K, reserved 1114112K
  class space    used 5485K, committed 6016K, reserved 1048576K
}
Event: 4.808 GC heap after
{Heap after GC invocations=24 (full 0):
 garbage-first heap   total 147456K, used 92209K [0x00000006c0000000, 0x0000000800000000)
  region size 4096K, 2 young (8192K), 2 survivors (8192K)
 Metaspace       used 50916K, committed 52160K, reserved 1114112K
  class space    used 5485K, committed 6016K, reserved 1048576K
}
Event: 4.889 GC heap before
{Heap before GC invocations=25 (full 0):
 garbage-first heap   total 159744K, used 120881K [0x00000006c0000000, 0x0000000800000000)
  region size 4096K, 10 young (40960K), 2 survivors (8192K)
 Metaspace       used 51424K, committed 52672K, reserved 1114112K
  class space    used 5547K, committed 6080K, reserved 1048576K
}
Event: 4.892 GC heap after
{Heap after GC invocations=26 (full 0):
 garbage-first heap   total 159744K, used 100419K [0x00000006c0000000, 0x0000000800000000)
  region size 4096K, 2 young (8192K), 2 survivors (8192K)
 Metaspace       used 51424K, committed 52672K, reserved 1114112K
  class space    used 5547K, committed 6080K, reserved 1048576K
}
Event: 4.928 GC heap before
{Heap before GC invocations=26 (full 0):
 garbage-first heap   total 159744K, used 133187K [0x00000006c0000000, 0x0000000800000000)
  region size 4096K, 11 young (45056K), 2 survivors (8192K)
 Metaspace       used 51506K, committed 52736K, reserved 1114112K
  class space    used 5551K, committed 6080K, reserved 1048576K
}
Event: 5.932 GC heap after
{Heap after GC invocations=27 (full 0):
 garbage-first heap   total 237568K, used 105618K [0x00000006c0000000, 0x0000000800000000)
  region size 4096K, 2 young (8192K), 2 survivors (8192K)
 Metaspace       used 51506K, committed 52736K, reserved 1114112K
  class space    used 5551K, committed 6080K, reserved 1048576K
}
Event: 5.946 GC heap before
{Heap before GC invocations=27 (full 0):
 garbage-first heap   total 237568K, used 109714K [0x00000006c0000000, 0x0000000800000000)
  region size 4096K, 3 young (12288K), 2 survivors (8192K)
 Metaspace       used 51506K, committed 52736K, reserved 1114112K
  class space    used 5551K, committed 6080K, reserved 1048576K
}
Event: 5.949 GC heap after
{Heap after GC invocations=28 (full 0):
 garbage-first heap   total 237568K, used 106697K [0x00000006c0000000, 0x0000000800000000)
  region size 4096K, 1 young (4096K), 1 survivors (4096K)
 Metaspace       used 51506K, committed 52736K, reserved 1114112K
  class space    used 5551K, committed 6080K, reserved 1048576K
}
Event: 5.957 GC heap before
{Heap before GC invocations=28 (full 0):
 garbage-first heap   total 237568K, used 110793K [0x00000006c0000000, 0x0000000800000000)
  region size 4096K, 2 young (8192K), 1 survivors (4096K)
 Metaspace       used 51506K, committed 52736K, reserved 1114112K
  class space    used 5551K, committed 6080K, reserved 1048576K
}
Event: 5.959 GC heap after
{Heap after GC invocations=29 (full 0):
 garbage-first heap   total 237568K, used 106989K [0x00000006c0000000, 0x0000000800000000)
  region size 4096K, 1 young (4096K), 1 survivors (4096K)
 Metaspace       used 51506K, committed 52736K, reserved 1114112K
  class space    used 5551K, committed 6080K, reserved 1048576K
}
Event: 5.966 GC heap before
{Heap before GC invocations=29 (full 0):
 garbage-first heap   total 237568K, used 111085K [0x00000006c0000000, 0x0000000800000000)
  region size 4096K, 2 young (8192K), 1 survivors (4096K)
 Metaspace       used 51506K, committed 52736K, reserved 1114112K
  class space    used 5551K, committed 6080K, reserved 1048576K
}
Event: 5.968 GC heap after
{Heap after GC invocations=30 (full 0):
 garbage-first heap   total 237568K, used 107072K [0x00000006c0000000, 0x0000000800000000)
  region size 4096K, 1 young (4096K), 1 survivors (4096K)
 Metaspace       used 51506K, committed 52736K, reserved 1114112K
  class space    used 5551K, committed 6080K, reserved 1048576K
}
Event: 5.976 GC heap before
{Heap before GC invocations=30 (full 0):
 garbage-first heap   total 237568K, used 107072K [0x00000006c0000000, 0x0000000800000000)
  region size 4096K, 2 young (8192K), 1 survivors (4096K)
 Metaspace       used 51506K, committed 52736K, reserved 1114112K
  class space    used 5551K, committed 6080K, reserved 1048576K
}

Dll operation events (10 events):
Event: 0.010 Loaded shared library c:\Users\khoi van\.vscode\extensions\redhat.java-1.44.0-win32-x64\jre\21.0.8-win32-x86_64\bin\java.dll
Event: 0.058 Loaded shared library c:\Users\khoi van\.vscode\extensions\redhat.java-1.44.0-win32-x64\jre\21.0.8-win32-x86_64\bin\zip.dll
Event: 0.070 Loaded shared library C:\Users\khoi van\.vscode\extensions\redhat.java-1.44.0-win32-x64\jre\21.0.8-win32-x86_64\bin\instrument.dll
Event: 0.073 Loaded shared library C:\Users\khoi van\.vscode\extensions\redhat.java-1.44.0-win32-x64\jre\21.0.8-win32-x86_64\bin\net.dll
Event: 0.075 Loaded shared library C:\Users\khoi van\.vscode\extensions\redhat.java-1.44.0-win32-x64\jre\21.0.8-win32-x86_64\bin\nio.dll
Event: 0.076 Loaded shared library C:\Users\khoi van\.vscode\extensions\redhat.java-1.44.0-win32-x64\jre\21.0.8-win32-x86_64\bin\zip.dll
Event: 0.086 Loaded shared library C:\Users\khoi van\.vscode\extensions\redhat.java-1.44.0-win32-x64\jre\21.0.8-win32-x86_64\bin\jimage.dll
Event: 0.124 Loaded shared library c:\Users\khoi van\.vscode\extensions\redhat.java-1.44.0-win32-x64\jre\21.0.8-win32-x86_64\bin\verify.dll
Event: 0.821 Loaded shared library C:\Users\khoi van\AppData\Roaming\Code\User\globalStorage\redhat.java\1.44.0\config_win\org.eclipse.equinox.launcher\org.eclipse.equinox.launcher.win32.win32.x86_64_1.2.1400.v20250730-1736\eclipse_11913.dll
Event: 1.815 Loaded shared library C:\Users\khoi van\AppData\Local\Temp\jna--1410877574\jna11468295360602805646.dll

Deoptimization events (20 events):
Event: 4.916 Thread 0x0000022ee028c360 Uncommon trap: trap_request=0xffffffde fr.pc=0x0000022e8adee330 relative=0x0000000000003950
Event: 4.916 Thread 0x0000022ee028c360 Uncommon trap: reason=class_check action=maybe_recompile pc=0x0000022e8adee330 method=lombok.patcher.PatchScript$MethodPatcher.visitMethod(ILjava/lang/String;Ljava/lang/String;Ljava/lang/String;[Ljava/lang/String;)Lorg/lombokweb/asm/MethodVisitor; @ 101 c
Event: 4.916 Thread 0x0000022ee028c360 DEOPT PACKING pc=0x0000022e8adee330 sp=0x000000bbd5bfa0e0
Event: 4.916 Thread 0x0000022ee028c360 DEOPT UNPACKING pc=0x0000022e8a6b46a2 sp=0x000000bbd5bfa118 mode 2
Event: 4.917 Thread 0x0000022ee028d080 DEOPT PACKING pc=0x0000022e83647c57 sp=0x000000bbd74fe5c0
Event: 4.917 Thread 0x0000022ee028d080 DEOPT UNPACKING pc=0x0000022e8a6b4e42 sp=0x000000bbd74fda28 mode 0
Event: 4.917 Thread 0x0000022ee028d080 DEOPT PACKING pc=0x0000022e83577396 sp=0x000000bbd74fe530
Event: 4.917 Thread 0x0000022ee028d080 DEOPT UNPACKING pc=0x0000022e8a6b4e42 sp=0x000000bbd74fda08 mode 0
Event: 4.920 Thread 0x0000022ee028d080 DEOPT PACKING pc=0x0000022e83e69dbf sp=0x000000bbd74fe6e0
Event: 4.920 Thread 0x0000022ee028d080 DEOPT UNPACKING pc=0x0000022e8a6b4e42 sp=0x000000bbd74fdc58 mode 0
Event: 4.923 Thread 0x0000022ee028d080 DEOPT PACKING pc=0x0000022e83e69dbf sp=0x000000bbd74fe6e0
Event: 4.923 Thread 0x0000022ee028d080 DEOPT UNPACKING pc=0x0000022e8a6b4e42 sp=0x000000bbd74fdc58 mode 0
Event: 4.925 Thread 0x0000022ee028d080 DEOPT PACKING pc=0x0000022e83e69dbf sp=0x000000bbd74fe6e0
Event: 4.925 Thread 0x0000022ee028d080 DEOPT UNPACKING pc=0x0000022e8a6b4e42 sp=0x000000bbd74fdc58 mode 0
Event: 5.936 Thread 0x0000022ee028d080 DEOPT PACKING pc=0x0000022e83e69dbf sp=0x000000bbd74fe6e0
Event: 5.936 Thread 0x0000022ee028d080 DEOPT UNPACKING pc=0x0000022e8a6b4e42 sp=0x000000bbd74fdc58 mode 0
Event: 5.956 Thread 0x0000022ee028d080 DEOPT PACKING pc=0x0000022e83e69dbf sp=0x000000bbd74fe6e0
Event: 5.956 Thread 0x0000022ee028d080 DEOPT UNPACKING pc=0x0000022e8a6b4e42 sp=0x000000bbd74fdc58 mode 0
Event: 5.971 Thread 0x0000022ee028d080 DEOPT PACKING pc=0x0000022e83e69dbf sp=0x000000bbd74fe6e0
Event: 5.971 Thread 0x0000022ee028d080 DEOPT UNPACKING pc=0x0000022e8a6b4e42 sp=0x000000bbd74fdc58 mode 0

Classes loaded (20 events):
Event: 4.054 Loading class java/nio/file/FileTreeWalker$EventType
Event: 4.054 Loading class java/nio/file/FileTreeWalker$EventType done
Event: 4.054 Loading class java/nio/file/Files$3
Event: 4.054 Loading class java/nio/file/Files$3 done
Event: 4.054 Loading class java/nio/file/FileVisitResult
Event: 4.054 Loading class java/nio/file/FileVisitResult done
Event: 4.091 Loading class java/nio/channels/Channels$ReadableByteChannelImpl
Event: 4.091 Loading class java/nio/channels/Channels$ReadableByteChannelImpl done
Event: 4.091 Loading class java/nio/channels/NonWritableChannelException
Event: 4.092 Loading class java/nio/channels/NonWritableChannelException done
Event: 4.137 Loading class java/util/AbstractList$ListItr
Event: 4.137 Loading class java/util/AbstractList$ListItr done
Event: 4.325 Loading class java/util/WeakHashMap$KeyIterator
Event: 4.325 Loading class java/util/WeakHashMap$KeyIterator done
Event: 4.429 Loading class sun/nio/ch/WindowsAsynchronousFileChannelImpl$WriteTask
Event: 4.430 Loading class sun/nio/ch/WindowsAsynchronousFileChannelImpl$WriteTask done
Event: 4.435 Loading class jdk/internal/math/FormattedFPDecimal
Event: 4.435 Loading class jdk/internal/math/FormattedFPDecimal done
Event: 4.779 Loading class java/util/concurrent/ForkJoinTask$AdaptedCallable
Event: 4.779 Loading class java/util/concurrent/ForkJoinTask$AdaptedCallable done

Classes unloaded (7 events):
Event: 3.158 Thread 0x0000022e992eb590 Unloading class 0x0000022e9b1ab000 'java/lang/invoke/LambdaForm$MH+0x0000022e9b1ab000'
Event: 3.158 Thread 0x0000022e992eb590 Unloading class 0x0000022e9b1aac00 'java/lang/invoke/LambdaForm$MH+0x0000022e9b1aac00'
Event: 3.158 Thread 0x0000022e992eb590 Unloading class 0x0000022e9b1aa800 'java/lang/invoke/LambdaForm$MH+0x0000022e9b1aa800'
Event: 3.158 Thread 0x0000022e992eb590 Unloading class 0x0000022e9b1aa400 'java/lang/invoke/LambdaForm$MH+0x0000022e9b1aa400'
Event: 3.158 Thread 0x0000022e992eb590 Unloading class 0x0000022e9b1aa000 'java/lang/invoke/LambdaForm$BMH+0x0000022e9b1aa000'
Event: 3.158 Thread 0x0000022e992eb590 Unloading class 0x0000022e9b1a9c00 'java/lang/invoke/LambdaForm$DMH+0x0000022e9b1a9c00'
Event: 3.158 Thread 0x0000022e992eb590 Unloading class 0x0000022e9b1a8800 'java/lang/invoke/LambdaForm$DMH+0x0000022e9b1a8800'

Classes redefined (0 events):
No events

Internal exceptions (20 events):
Event: 4.456 Thread 0x0000022ee29542f0 Exception <a 'java/lang/IncompatibleClassChangeError'{0x00000006c6139838}: Found class java.lang.Object, but interface was expected> (0x00000006c6139838) 
thrown [s\src\hotspot\share\interpreter\linkResolver.cpp, line 840]
Event: 4.557 Thread 0x0000022ee028c360 Exception <a 'sun/nio/fs/WindowsException'{0x00000006c76b3f28}> (0x00000006c76b3f28) 
thrown [s\src\hotspot\share\prims\jni.cpp, line 520]
Event: 4.557 Thread 0x0000022ee028c360 Exception <a 'sun/nio/fs/WindowsException'{0x00000006c76b48f0}> (0x00000006c76b48f0) 
thrown [s\src\hotspot\share\prims\jni.cpp, line 520]
Event: 4.580 Thread 0x0000022ee028c360 Exception <a 'java/io/FileNotFoundException'{0x00000006c6416c40}> (0x00000006c6416c40) 
thrown [s\src\hotspot\share\prims\jni.cpp, line 520]
Event: 4.580 Thread 0x0000022ee028c360 Exception <a 'java/io/FileNotFoundException'{0x00000006c64bdac0}> (0x00000006c64bdac0) 
thrown [s\src\hotspot\share\prims\jni.cpp, line 520]
Event: 4.580 Thread 0x0000022ee028c360 Exception <a 'java/io/FileNotFoundException'{0x00000006c64bf268}> (0x00000006c64bf268) 
thrown [s\src\hotspot\share\prims\jni.cpp, line 520]
Event: 4.580 Thread 0x0000022ee028c360 Exception <a 'java/io/FileNotFoundException'{0x00000006c64c0540}> (0x00000006c64c0540) 
thrown [s\src\hotspot\share\prims\jni.cpp, line 520]
Event: 4.580 Thread 0x0000022ee028c360 Exception <a 'java/io/FileNotFoundException'{0x00000006c64c1570}> (0x00000006c64c1570) 
thrown [s\src\hotspot\share\prims\jni.cpp, line 520]
Event: 4.778 Thread 0x0000022ee028c360 Exception <a 'sun/nio/fs/WindowsException'{0x00000006c7326ae0}> (0x00000006c7326ae0) 
thrown [s\src\hotspot\share\prims\jni.cpp, line 520]
Event: 4.780 Thread 0x0000022ee42e9220 Exception <a 'sun/nio/fs/WindowsException'{0x00000006c6d839c8}> (0x00000006c6d839c8) 
thrown [s\src\hotspot\share\prims\jni.cpp, line 520]
Event: 4.781 Thread 0x0000022ee42e6430 Exception <a 'sun/nio/fs/WindowsException'{0x00000006c6e59ee8}> (0x00000006c6e59ee8) 
thrown [s\src\hotspot\share\prims\jni.cpp, line 520]
Event: 4.782 Thread 0x0000022ee42e98b0 Exception <a 'sun/nio/fs/WindowsException'{0x00000006c6e7c4c8}> (0x00000006c6e7c4c8) 
thrown [s\src\hotspot\share\prims\jni.cpp, line 520]
Event: 4.783 Thread 0x0000022ee42e8500 Exception <a 'sun/nio/fs/WindowsException'{0x00000006c6f05548}> (0x00000006c6f05548) 
thrown [s\src\hotspot\share\prims\jni.cpp, line 520]
Event: 4.785 Thread 0x0000022ee028c360 Exception <a 'sun/nio/fs/WindowsException'{0x00000006c6cc9168}> (0x00000006c6cc9168) 
thrown [s\src\hotspot\share\prims\jni.cpp, line 520]
Event: 4.787 Thread 0x0000022ee028c360 Exception <a 'sun/nio/fs/WindowsException'{0x00000006c698bb00}> (0x00000006c698bb00) 
thrown [s\src\hotspot\share\prims\jni.cpp, line 520]
Event: 4.792 Thread 0x0000022ee028c360 Exception <a 'sun/nio/fs/WindowsException'{0x00000006c6b48ac8}> (0x00000006c6b48ac8) 
thrown [s\src\hotspot\share\prims\jni.cpp, line 520]
Event: 4.796 Thread 0x0000022ee028c360 Exception <a 'sun/nio/fs/WindowsException'{0x00000006c6414898}> (0x00000006c6414898) 
thrown [s\src\hotspot\share\prims\jni.cpp, line 520]
Event: 4.800 Thread 0x0000022ee028c360 Exception <a 'sun/nio/fs/WindowsException'{0x00000006c6593688}> (0x00000006c6593688) 
thrown [s\src\hotspot\share\prims\jni.cpp, line 520]
Event: 4.803 Thread 0x0000022ee028c360 Exception <a 'sun/nio/fs/WindowsException'{0x00000006c67c5678}> (0x00000006c67c5678) 
thrown [s\src\hotspot\share\prims\jni.cpp, line 520]
Event: 4.811 Thread 0x0000022ee028c360 Exception <a 'sun/nio/fs/WindowsException'{0x00000006cf8ba0e8}> (0x00000006cf8ba0e8) 
thrown [s\src\hotspot\share\prims\jni.cpp, line 520]

ZGC Phase Switch (0 events):
No events

VM Operations (20 events):
Event: 4.752 Executing VM operation: HandshakeAllThreads (Deoptimize) done
Event: 4.772 Executing VM operation: HandshakeAllThreads (Deoptimize)
Event: 4.772 Executing VM operation: HandshakeAllThreads (Deoptimize) done
Event: 4.804 Executing VM operation: G1CollectForAllocation (G1 Evacuation Pause)
Event: 4.808 Executing VM operation: G1CollectForAllocation (G1 Evacuation Pause) done
Event: 4.836 Executing VM operation: G1PauseRemark
Event: 4.838 Executing VM operation: G1PauseRemark done
Event: 4.851 Executing VM operation: G1PauseCleanup
Event: 4.851 Executing VM operation: G1PauseCleanup done
Event: 4.889 Executing VM operation: G1CollectForAllocation (G1 Evacuation Pause)
Event: 4.892 Executing VM operation: G1CollectForAllocation (G1 Evacuation Pause) done
Event: 4.928 Executing VM operation: G1CollectForAllocation (G1 Evacuation Pause)
Event: 5.932 Executing VM operation: G1CollectForAllocation (G1 Evacuation Pause) done
Event: 5.946 Executing VM operation: G1CollectForAllocation (G1 Evacuation Pause)
Event: 5.949 Executing VM operation: G1CollectForAllocation (G1 Evacuation Pause) done
Event: 5.957 Executing VM operation: G1CollectForAllocation (G1 Evacuation Pause)
Event: 5.959 Executing VM operation: G1CollectForAllocation (G1 Evacuation Pause) done
Event: 5.965 Executing VM operation: G1CollectForAllocation (G1 Evacuation Pause)
Event: 5.968 Executing VM operation: G1CollectForAllocation (G1 Evacuation Pause) done
Event: 5.975 Executing VM operation: G1CollectForAllocation (G1 Evacuation Pause)

Memory protections (0 events):
No events

Nmethod flushes (20 events):
Event: 4.838 Thread 0x0000022e992eb590 flushing  nmethod 0x0000022e83a04c10
Event: 4.838 Thread 0x0000022e992eb590 flushing  nmethod 0x0000022e83bd6910
Event: 4.838 Thread 0x0000022e992eb590 flushing  nmethod 0x0000022e83d25d10
Event: 4.838 Thread 0x0000022e992eb590 flushing  nmethod 0x0000022e83d26490
Event: 4.838 Thread 0x0000022e992eb590 flushing  nmethod 0x0000022e83d27e10
Event: 4.838 Thread 0x0000022e992eb590 flushing  nmethod 0x0000022e83d28310
Event: 4.838 Thread 0x0000022e992eb590 flushing  nmethod 0x0000022e83d28b10
Event: 4.838 Thread 0x0000022e992eb590 flushing  nmethod 0x0000022e83d2b110
Event: 4.838 Thread 0x0000022e992eb590 flushing  nmethod 0x0000022e83d2ce10
Event: 4.838 Thread 0x0000022e992eb590 flushing  nmethod 0x0000022e83d2ee90
Event: 4.838 Thread 0x0000022e992eb590 flushing  nmethod 0x0000022e83d30d10
Event: 4.838 Thread 0x0000022e992eb590 flushing  nmethod 0x0000022e83d8d390
Event: 4.838 Thread 0x0000022e992eb590 flushing  nmethod 0x0000022e83d8d890
Event: 4.838 Thread 0x0000022e992eb590 flushing  nmethod 0x0000022e83d8de90
Event: 4.838 Thread 0x0000022e992eb590 flushing  nmethod 0x0000022e83d8eb90
Event: 4.838 Thread 0x0000022e992eb590 flushing  nmethod 0x0000022e83d8f090
Event: 4.838 Thread 0x0000022e992eb590 flushing  nmethod 0x0000022e83d91710
Event: 4.838 Thread 0x0000022e992eb590 flushing  nmethod 0x0000022e83d92c90
Event: 4.838 Thread 0x0000022e992eb590 flushing  nmethod 0x0000022e83d93d10
Event: 4.838 Thread 0x0000022e992eb590 flushing  nmethod 0x0000022e83d97190

Events (20 events):
Event: 4.781 Thread 0x0000022ee42e9220 Thread added: 0x0000022ee42e98b0
Event: 4.782 Thread 0x0000022ee42e98b0 Thread added: 0x0000022ee42e77e0
Event: 4.782 Thread 0x0000022ee42e6430 Thread added: 0x0000022ee42e6ac0
Event: 4.782 Thread 0x0000022ee42e77e0 Thread added: 0x0000022ee42e8b90
Event: 4.782 Thread 0x0000022ee42e6ac0 Thread added: 0x0000022ee42e8500
Event: 4.782 Thread 0x0000022ee42e8b90 Thread added: 0x0000022ee42e9f40
Event: 4.782 Thread 0x0000022ee42e8500 Thread added: 0x0000022ee42ea5d0
Event: 4.782 Thread 0x0000022ee42e98b0 Thread added: 0x0000022ee42e7150
Event: 4.783 Thread 0x0000022ee42e98b0 Thread added: 0x0000022ee42eb980
Event: 4.783 Thread 0x0000022ee42e77e0 Thread added: 0x0000022ee42eac60
Event: 4.828 Thread 0x0000022ee028c360 Thread added: 0x0000022ee42eb2f0
Event: 4.828 Thread 0x0000022ee028c360 Thread added: 0x0000022ee42ec010
Event: 4.828 Thread 0x0000022ee028c360 Thread added: 0x0000022ee42ec6a0
Event: 4.828 Thread 0x0000022ee028c360 Thread added: 0x0000022ee4391450
Event: 4.828 Thread 0x0000022ee028c360 Thread added: 0x0000022ee4390dc0
Event: 4.828 Thread 0x0000022ee028c360 Thread added: 0x0000022ee4392170
Event: 4.828 Thread 0x0000022ee028c360 Thread added: 0x0000022ee438fa10
Event: 4.828 Thread 0x0000022ee028c360 Thread added: 0x0000022ee4391ae0
Event: 4.828 Thread 0x0000022ee028c360 Thread added: 0x0000022ee43900a0
Event: 4.829 Thread 0x0000022ee42ec6a0 Thread added: 0x0000022ee4392800


Dynamic libraries:
0x00007ff763710000 - 0x00007ff76371e000 	c:\Users\khoi van\.vscode\extensions\redhat.java-1.44.0-win32-x64\jre\21.0.8-win32-x86_64\bin\java.exe
0x00007ffdf5760000 - 0x00007ffdf59c7000 	C:\Windows\SYSTEM32\ntdll.dll
0x00007ffdf3690000 - 0x00007ffdf3759000 	C:\Windows\System32\KERNEL32.DLL
0x00007ffdf2fa0000 - 0x00007ffdf3390000 	C:\Windows\System32\KERNELBASE.dll
0x00007ffdec8f0000 - 0x00007ffdec98e000 	C:\Windows\SYSTEM32\apphelp.dll
0x00007ffdf2890000 - 0x00007ffdf29db000 	C:\Windows\System32\ucrtbase.dll
0x00007ffdecf70000 - 0x00007ffdecf8e000 	c:\Users\khoi van\.vscode\extensions\redhat.java-1.44.0-win32-x64\jre\21.0.8-win32-x86_64\bin\VCRUNTIME140.dll
0x00007ffdec7e0000 - 0x00007ffdec7f8000 	c:\Users\khoi van\.vscode\extensions\redhat.java-1.44.0-win32-x64\jre\21.0.8-win32-x86_64\bin\jli.dll
0x00007ffdf54e0000 - 0x00007ffdf56a5000 	C:\Windows\System32\USER32.dll
0x00007ffdf2a80000 - 0x00007ffdf2aa7000 	C:\Windows\System32\win32u.dll
0x00007ffdd7560000 - 0x00007ffdd77fa000 	C:\Windows\WinSxS\amd64_microsoft.windows.common-controls_6595b64144ccf1df_6.0.26100.4768_none_3e0c112ce331287c\COMCTL32.dll
0x00007ffdf3880000 - 0x00007ffdf3929000 	C:\Windows\System32\msvcrt.dll
0x00007ffdf3850000 - 0x00007ffdf387b000 	C:\Windows\System32\GDI32.dll
0x00007ffdf2b60000 - 0x00007ffdf2c98000 	C:\Windows\System32\gdi32full.dll
0x00007ffdf2ab0000 - 0x00007ffdf2b53000 	C:\Windows\System32\msvcp_win.dll
0x00007ffdf4b60000 - 0x00007ffdf4b8f000 	C:\Windows\System32\IMM32.DLL
0x00007ffded1e0000 - 0x00007ffded1ec000 	c:\Users\khoi van\.vscode\extensions\redhat.java-1.44.0-win32-x64\jre\21.0.8-win32-x86_64\bin\vcruntime140_1.dll
0x00007ffdba370000 - 0x00007ffdba3fd000 	c:\Users\khoi van\.vscode\extensions\redhat.java-1.44.0-win32-x64\jre\21.0.8-win32-x86_64\bin\msvcp140.dll
0x00007ffd963e0000 - 0x00007ffd97177000 	c:\Users\khoi van\.vscode\extensions\redhat.java-1.44.0-win32-x64\jre\21.0.8-win32-x86_64\bin\server\jvm.dll
0x00007ffdf3aa0000 - 0x00007ffdf3b54000 	C:\Windows\System32\ADVAPI32.dll
0x00007ffdf3b60000 - 0x00007ffdf3c06000 	C:\Windows\System32\sechost.dll
0x00007ffdf4d90000 - 0x00007ffdf4ea8000 	C:\Windows\System32\RPCRT4.dll
0x00007ffdf3c10000 - 0x00007ffdf3c84000 	C:\Windows\System32\WS2_32.dll
0x00007ffde52b0000 - 0x00007ffde52e5000 	C:\Windows\SYSTEM32\WINMM.dll
0x00007ffded110000 - 0x00007ffded11b000 	C:\Windows\SYSTEM32\VERSION.dll
0x00007ffdf1490000 - 0x00007ffdf14ee000 	C:\Windows\SYSTEM32\POWRPROF.dll
0x00007ffdf1470000 - 0x00007ffdf1484000 	C:\Windows\SYSTEM32\UMPDC.dll
0x00007ffdf1730000 - 0x00007ffdf174b000 	C:\Windows\SYSTEM32\kernel.appcore.dll
0x00007ffded1c0000 - 0x00007ffded1ca000 	c:\Users\khoi van\.vscode\extensions\redhat.java-1.44.0-win32-x64\jre\21.0.8-win32-x86_64\bin\jimage.dll
0x00007ffdf01b0000 - 0x00007ffdf03f1000 	C:\Windows\SYSTEM32\DBGHELP.DLL
0x00007ffdf43f0000 - 0x00007ffdf4775000 	C:\Windows\System32\combase.dll
0x00007ffdf4780000 - 0x00007ffdf4860000 	C:\Windows\System32\OLEAUT32.dll
0x00007ffdd4a60000 - 0x00007ffdd4aa3000 	C:\Windows\SYSTEM32\dbgcore.DLL
0x00007ffdf29e0000 - 0x00007ffdf2a79000 	C:\Windows\System32\bcryptPrimitives.dll
0x00007ffdec890000 - 0x00007ffdec89f000 	c:\Users\khoi van\.vscode\extensions\redhat.java-1.44.0-win32-x64\jre\21.0.8-win32-x86_64\bin\instrument.dll
0x00007ffde6900000 - 0x00007ffde691f000 	c:\Users\khoi van\.vscode\extensions\redhat.java-1.44.0-win32-x64\jre\21.0.8-win32-x86_64\bin\java.dll
0x00007ffdf3c90000 - 0x00007ffdf43dd000 	C:\Windows\System32\SHELL32.dll
0x00007ffdf2e20000 - 0x00007ffdf2f93000 	C:\Windows\System32\wintypes.dll
0x00007ffdf04d0000 - 0x00007ffdf0d30000 	C:\Windows\SYSTEM32\windows.storage.dll
0x00007ffdf4a50000 - 0x00007ffdf4b45000 	C:\Windows\System32\SHCORE.dll
0x00007ffdf5340000 - 0x00007ffdf53aa000 	C:\Windows\System32\shlwapi.dll
0x00007ffdf27b0000 - 0x00007ffdf27d9000 	C:\Windows\SYSTEM32\profapi.dll
0x00007ffded0b0000 - 0x00007ffded0c8000 	c:\Users\khoi van\.vscode\extensions\redhat.java-1.44.0-win32-x64\jre\21.0.8-win32-x86_64\bin\zip.dll
0x00007ffde9530000 - 0x00007ffde9540000 	C:\Users\khoi van\.vscode\extensions\redhat.java-1.44.0-win32-x64\jre\21.0.8-win32-x86_64\bin\net.dll
0x00007ffde80f0000 - 0x00007ffde820e000 	C:\Windows\SYSTEM32\WINHTTP.dll
0x00007ffdf1cc0000 - 0x00007ffdf1d2b000 	C:\Windows\system32\mswsock.dll
0x00007ffde7340000 - 0x00007ffde7356000 	C:\Users\khoi van\.vscode\extensions\redhat.java-1.44.0-win32-x64\jre\21.0.8-win32-x86_64\bin\nio.dll
0x00007ffde9210000 - 0x00007ffde9220000 	c:\Users\khoi van\.vscode\extensions\redhat.java-1.44.0-win32-x64\jre\21.0.8-win32-x86_64\bin\verify.dll
0x00007ffde6640000 - 0x00007ffde6685000 	C:\Users\khoi van\AppData\Roaming\Code\User\globalStorage\redhat.java\1.44.0\config_win\org.eclipse.equinox.launcher\org.eclipse.equinox.launcher.win32.win32.x86_64_1.2.1400.v20250730-1736\eclipse_11913.dll
0x00007ffdf4870000 - 0x00007ffdf4a10000 	C:\Windows\System32\ole32.dll
0x00007ffdf1f90000 - 0x00007ffdf1fab000 	C:\Windows\SYSTEM32\CRYPTSP.dll
0x00007ffdf1690000 - 0x00007ffdf16cb000 	C:\Windows\system32\rsaenh.dll
0x00007ffdf1d60000 - 0x00007ffdf1d8b000 	C:\Windows\SYSTEM32\USERENV.dll
0x00007ffdf2780000 - 0x00007ffdf27a6000 	C:\Windows\SYSTEM32\bcrypt.dll
0x00007ffdf1f80000 - 0x00007ffdf1f8c000 	C:\Windows\SYSTEM32\CRYPTBASE.dll
0x00007ffdf1100000 - 0x00007ffdf1133000 	C:\Windows\SYSTEM32\IPHLPAPI.DLL
0x00007ffdf3840000 - 0x00007ffdf384a000 	C:\Windows\System32\NSI.dll
0x00007ffdb9070000 - 0x00007ffdb90b9000 	C:\Users\khoi van\AppData\Local\Temp\jna--1410877574\jna11468295360602805646.dll
0x00007ffdf56b0000 - 0x00007ffdf56b8000 	C:\Windows\System32\PSAPI.DLL
0x00007ffde89b0000 - 0x00007ffde89cf000 	C:\Windows\SYSTEM32\dhcpcsvc6.DLL
0x00007ffde7b70000 - 0x00007ffde7b95000 	C:\Windows\SYSTEM32\dhcpcsvc.DLL

JVMTI agents:
c:\Users\khoi van\.vscode\extensions\redhat.java-1.44.0-win32-x64\lombok\lombok-1.18.39-4050.jar path:c:\Users\khoi van\.vscode\extensions\redhat.java-1.44.0-win32-x64\jre\21.0.8-win32-x86_64\bin\instrument.dll, loaded, initialized, instrumentlib options:none

dbghelp: loaded successfully - version: 4.0.5 - missing functions: none
symbol engine: initialized successfully - sym options: 0x614 - pdb path: .;c:\Users\khoi van\.vscode\extensions\redhat.java-1.44.0-win32-x64\jre\21.0.8-win32-x86_64\bin;C:\Windows\SYSTEM32;C:\Windows\WinSxS\amd64_microsoft.windows.common-controls_6595b64144ccf1df_6.0.26100.4768_none_3e0c112ce331287c;c:\Users\khoi van\.vscode\extensions\redhat.java-1.44.0-win32-x64\jre\21.0.8-win32-x86_64\bin\server;C:\Users\khoi van\AppData\Roaming\Code\User\globalStorage\redhat.java\1.44.0\config_win\org.eclipse.equinox.launcher\org.eclipse.equinox.launcher.win32.win32.x86_64_1.2.1400.v20250730-1736;C:\Users\khoi van\AppData\Local\Temp\jna--1410877574

VM Arguments:
jvm_args: --add-modules=ALL-SYSTEM --add-opens=java.base/java.util=ALL-UNNAMED --add-opens=java.base/java.lang=ALL-UNNAMED --add-opens=java.base/sun.nio.fs=ALL-UNNAMED -Declipse.application=org.eclipse.jdt.ls.core.id1 -Dosgi.bundles.defaultStartLevel=4 -Declipse.product=org.eclipse.jdt.ls.core.product -Djava.import.generatesMetadataFilesAtProjectRoot=false -DDetectVMInstallationsJob.disabled=true -Dfile.encoding=utf8 -Xlog:disable -Xmx5G -javaagent:c:\Users\khoi van\.vscode\extensions\redhat.java-1.44.0-win32-x64\lombok\lombok-1.18.39-4050.jar -XX:+HeapDumpOnOutOfMemoryError -XX:HeapDumpPath=c:\Users\khoi van\AppData\Roaming\Code\User\workspaceStorage\8d4484f3ca12837ad4209da0b6ca0ea4\redhat.java -Daether.dependencyCollector.impl=bf 
java_command: c:\Users\khoi van\.vscode\extensions\redhat.java-1.44.0-win32-x64\server\plugins\org.eclipse.equinox.launcher_1.7.0.v20250519-0528.jar -configuration c:\Users\khoi van\AppData\Roaming\Code\User\globalStorage\redhat.java\1.44.0\config_win -data c:\Users\khoi van\AppData\Roaming\Code\User\workspaceStorage\8d4484f3ca12837ad4209da0b6ca0ea4\redhat.java\jdt_ws --pipe=\\.\pipe\lsp-c5e8333e51ac7e002bfbd17c35f9c897-sock
java_class_path (initial): c:\Users\khoi van\.vscode\extensions\redhat.java-1.44.0-win32-x64\server\plugins\org.eclipse.equinox.launcher_1.7.0.v20250519-0528.jar
Launcher Type: SUN_STANDARD

[Global flags]
     intx CICompilerCount                          = 4                                         {product} {ergonomic}
     uint ConcGCThreads                            = 3                                         {product} {ergonomic}
     uint G1ConcRefinementThreads                  = 10                                        {product} {ergonomic}
   size_t G1HeapRegionSize                         = 4194304                                   {product} {ergonomic}
    uintx GCDrainStackTargetSize                   = 64                                        {product} {ergonomic}
     bool HeapDumpOnOutOfMemoryError               = true                                   {manageable} {command line}
    ccstr HeapDumpPath                             = c:\Users\khoi van\AppData\Roaming\Code\User\workspaceStorage\8d4484f3ca12837ad4209da0b6ca0ea4\redhat.java         {manageable} {command line}
   size_t InitialHeapSize                          = 264241152                                 {product} {ergonomic}
   size_t MarkStackSize                            = 4194304                                   {product} {ergonomic}
   size_t MaxHeapSize                              = 5368709120                                {product} {command line}
   size_t MaxNewSize                               = 3221225472                                {product} {ergonomic}
   size_t MinHeapDeltaBytes                        = 4194304                                   {product} {ergonomic}
   size_t MinHeapSize                              = 8388608                                   {product} {ergonomic}
    uintx NonNMethodCodeHeapSize                   = 5839372                                {pd product} {ergonomic}
    uintx NonProfiledCodeHeapSize                  = 122909434                              {pd product} {ergonomic}
    uintx ProfiledCodeHeapSize                     = 122909434                              {pd product} {ergonomic}
    uintx ReservedCodeCacheSize                    = 251658240                              {pd product} {ergonomic}
     bool SegmentedCodeCache                       = true                                      {product} {ergonomic}
   size_t SoftMaxHeapSize                          = 5368709120                             {manageable} {ergonomic}
     bool UseCompressedOops                        = true                           {product lp64_product} {ergonomic}
     bool UseG1GC                                  = true                                      {product} {ergonomic}
     bool UseLargePagesIndividualAllocation        = false                                  {pd product} {ergonomic}

Logging:
Log output configuration:
 #0: stdout all=off uptime,level,tags foldmultilines=false
 #1: stderr all=off uptime,level,tags foldmultilines=false

Environment Variables:
JAVA_HOME=C:\Program Files\Eclipse Adoptium\jdk-17.0.15.6-hotspot\
PATH=C:\Program Files\Eclipse Adoptium\jdk-17.0.15.6-hotspot\bin;C:\Windows\system32;C:\Windows;C:\Windows\System32\Wbem;C:\Windows\System32\WindowsPowerShell\v1.0\;C:\Windows\System32\OpenSSH\;C:\Program Files (x86)\NVIDIA Corporation\PhysX\Common;C:\Program Files\NVIDIA Corporation\NVIDIA NvDLISR;C:\Program Files\Git\cmd;C:\Program Files\TortoiseGit\bin;C:\Users\khoi van\AppData\Local\Programs\Python\Python313\Scripts\;C:\Users\khoi van\AppData\Local\Programs\Python\Python313\;C:\Users\khoi van\AppData\Local\Programs\Python\Launcher\;C:\Users\khoi van\AppData\Local\Microsoft\WindowsApps;C:\Users\khoi van\AppData\Local\Programs\Microsoft VS Code\bin;C:\MinGW\bin;C:\Users\khoi van\AppData\Local\Programs\cursor\resources\app\bin
USERNAME=khoi van
OS=Windows_NT
PROCESSOR_IDENTIFIER=Intel64 Family 6 Model 151 Stepping 2, GenuineIntel
TMP=C:\Users\KHOIVA~1\AppData\Local\Temp
TEMP=C:\Users\KHOIVA~1\AppData\Local\Temp




Periodic native trim disabled

---------------  S Y S T E M  ---------------

OS:
 Windows 11 , 64 bit Build 26100 (10.0.26100.4768)
OS uptime: 8 days 23:07 hours

CPU: total 12 (initial active 12) (6 cores per cpu, 2 threads per core) family 6 model 151 stepping 2 microcode 0x36, cx8, cmov, fxsr, ht, mmx, 3dnowpref, sse, sse2, sse3, ssse3, sse4.1, sse4.2, popcnt, lzcnt, tsc, tscinvbit, avx, avx2, aes, erms, clmul, bmi1, bmi2, adx, sha, fma, vzeroupper, clflush, clflushopt, clwb, serialize, rdtscp, rdpid, fsrm, f16c, pku, cet_ibt, cet_ss
Processor Information for processor 0
  Max Mhz: 2400, Current Mhz: 2400, Mhz Limit: 2400
Processor Information for processor 1
  Max Mhz: 2400, Current Mhz: 2400, Mhz Limit: 2400
Processor Information for processor 2
  Max Mhz: 2400, Current Mhz: 2400, Mhz Limit: 2400
Processor Information for processor 3
  Max Mhz: 2400, Current Mhz: 2400, Mhz Limit: 2400
Processor Information for processor 4
  Max Mhz: 2400, Current Mhz: 2400, Mhz Limit: 2400
Processor Information for processor 5
  Max Mhz: 2400, Current Mhz: 2400, Mhz Limit: 2400
Processor Information for processor 6
  Max Mhz: 2400, Current Mhz: 2400, Mhz Limit: 2400
Processor Information for processor 7
  Max Mhz: 2400, Current Mhz: 2400, Mhz Limit: 2400
Processor Information for processor 8
  Max Mhz: 2400, Current Mhz: 1466, Mhz Limit: 2400
Processor Information for processor 9
  Max Mhz: 2400, Current Mhz: 1466, Mhz Limit: 2400
Processor Information for processor 10
  Max Mhz: 2400, Current Mhz: 1466, Mhz Limit: 2400
Processor Information for processor 11
  Max Mhz: 2400, Current Mhz: 1466, Mhz Limit: 2400

Memory: 4k page, system-wide physical 16091M (1762M free)
TotalPageFile size 55095M (AvailPageFile size 18M)
current process WorkingSet (physical memory assigned to process): 369M, peak: 385M
current process commit charge ("private bytes"): 457M, peak: 479M

vm_info: OpenJDK 64-Bit Server VM (21.0.8+9-LTS) for windows-amd64 JRE (21.0.8+9-LTS), built on 2025-07-15T00:00:00Z by "admin" with MS VC++ 17.7 (VS2022)

END.
