#
# There is insufficient memory for the Java Runtime Environment to continue.
# Native memory allocation (malloc) failed to allocate 1124176 bytes. Error detail: Chunk::new
# Possible reasons:
#   The system is out of physical RAM or swap space
#   This process is running with CompressedOops enabled, and the Java Heap may be blocking the growth of the native heap
# Possible solutions:
#   Reduce memory load on the system
#   Increase physical memory or swap space
#   Check if swap backing store is full
#   Decrease Java heap size (-Xmx/-Xms)
#   Decrease number of Java threads
#   Decrease Java thread stack sizes (-Xss)
#   Set larger code cache with -XX:ReservedCodeCacheSize=
#   JVM is running with Zero Based Compressed Oops mode in which the Java heap is
#     placed in the first 32GB address space. The Java Heap base address is the
#     maximum limit for the native heap growth. Please use -XX:HeapBaseMinAddress
#     to set the Java Heap base and to place the Java Heap above 32GB virtual address.
# This output file may be truncated or incomplete.
#
#  Out of Memory Error (arena.cpp:168), pid=45224, tid=34804
#
# JRE version: OpenJDK Runtime Environment Temurin-21.0.8+9 (21.0.8+9) (build 21.0.8+9-LTS)
# Java VM: OpenJDK 64-Bit Server VM Temurin-21.0.8+9 (21.0.8+9-LTS, mixed mode, sharing, tiered, compressed oops, compressed class ptrs, g1 gc, windows-amd64)
# No core dump will be written. Minidumps are not enabled by default on client versions of Windows
#

---------------  S U M M A R Y ------------

Command Line: --add-modules=ALL-SYSTEM --add-opens=java.base/java.util=ALL-UNNAMED --add-opens=java.base/java.lang=ALL-UNNAMED --add-opens=java.base/sun.nio.fs=ALL-UNNAMED -Declipse.application=org.eclipse.jdt.ls.core.id1 -Dosgi.bundles.defaultStartLevel=4 -Declipse.product=org.eclipse.jdt.ls.core.product -Djava.import.generatesMetadataFilesAtProjectRoot=false -DDetectVMInstallationsJob.disabled=true -Dfile.encoding=utf8 -Xlog:disable -Xmx6G -javaagent:c:\Users\khoi van\.vscode\extensions\redhat.java-1.44.0-win32-x64\lombok\lombok-1.18.39-4050.jar -XX:+HeapDumpOnOutOfMemoryError -XX:HeapDumpPath=c:\Users\khoi van\AppData\Roaming\Code\User\workspaceStorage\8d4484f3ca12837ad4209da0b6ca0ea4\redhat.java -Daether.dependencyCollector.impl=bf c:\Users\khoi van\.vscode\extensions\redhat.java-1.44.0-win32-x64\server\plugins\org.eclipse.equinox.launcher_1.7.0.v20250519-0528.jar -configuration c:\Users\khoi van\AppData\Roaming\Code\User\globalStorage\redhat.java\1.44.0\config_win -data c:\Users\khoi van\AppData\Roaming\Code\User\workspaceStorage\8d4484f3ca12837ad4209da0b6ca0ea4\redhat.java\jdt_ws --pipe=\\.\pipe\lsp-fa9dc4c484fe6400a6a3b3604cfd9992-sock

Host: 12th Gen Intel(R) Core(TM) i5-12450HX, 12 cores, 15G,  Windows 11 , 64 bit Build 26100 (10.0.26100.4768)
Time: Tue Sep  2 12:57:40 2025 SE Asia Standard Time elapsed time: 4.285467 seconds (0d 0h 0m 4s)

---------------  T H R E A D  ---------------

Current thread (0x000002a9a0dc9d20):  JavaThread "C2 CompilerThread0" daemon [_thread_in_native, id=34804, stack(0x000000d9f4300000,0x000000d9f4400000) (1024K)]


Current CompileTask:
C2:4285 3326       4       java.lang.invoke.MethodType::makeImpl (109 bytes)

Stack: [0x000000d9f4300000,0x000000d9f4400000]
Native frames: (J=compiled Java code, j=interpreted, Vv=VM code, C=native code)
V  [jvm.dll+0x6d2449]
V  [jvm.dll+0x8ae341]
V  [jvm.dll+0x8b08be]
V  [jvm.dll+0x8b0fa3]
V  [jvm.dll+0x280c96]
V  [jvm.dll+0xc581d]
V  [jvm.dll+0xc5d53]
V  [jvm.dll+0x2f539d]
V  [jvm.dll+0x5fa00a]
V  [jvm.dll+0x252092]
V  [jvm.dll+0x25244f]
V  [jvm.dll+0x24ad14]
V  [jvm.dll+0x2483a4]
V  [jvm.dll+0x1c89ee]
V  [jvm.dll+0x257d4d]
V  [jvm.dll+0x2562ea]
V  [jvm.dll+0x3f2d16]
V  [jvm.dll+0x857e6b]
V  [jvm.dll+0x6d0b0d]
C  [ucrtbase.dll+0x37b0]
C  [KERNEL32.DLL+0x2e8d7]
C  [ntdll.dll+0x3c34c]


---------------  P R O C E S S  ---------------

Threads class SMR info:
_java_thread_list=0x000002a9e7e5a100, length=22, elements={
0x000002a9826330a0, 0x000002a9a0dab8d0, 0x000002a9a0dae330, 0x000002a9a0db1730,
0x000002a9a0db2180, 0x000002a9a0dbad10, 0x000002a9a0dbf6e0, 0x000002a9a0dc9d20,
0x000002a9a0dcdcb0, 0x000002a9a0dbcf80, 0x000002a9a0dbe9c0, 0x000002a9a0dbdca0,
0x000002a9a0dbf050, 0x000002a9a0dbfd70, 0x000002a9a0dbc8f0, 0x000002a9a0dbd610,
0x000002a9a0dbe330, 0x000002a9e7c4b400, 0x000002a9e7c4a6e0, 0x000002a9e7c4ce40,
0x000002a9e7c4d4d0, 0x000002a9e7c4ad70
}

Java Threads: ( => current thread )
  0x000002a9826330a0 JavaThread "main"                              [_thread_blocked, id=46244, stack(0x000000d9f3500000,0x000000d9f3600000) (1024K)]
  0x000002a9a0dab8d0 JavaThread "Reference Handler"          daemon [_thread_blocked, id=21980, stack(0x000000d9f3d00000,0x000000d9f3e00000) (1024K)]
  0x000002a9a0dae330 JavaThread "Finalizer"                  daemon [_thread_blocked, id=46824, stack(0x000000d9f3e00000,0x000000d9f3f00000) (1024K)]
  0x000002a9a0db1730 JavaThread "Signal Dispatcher"          daemon [_thread_blocked, id=46664, stack(0x000000d9f3f00000,0x000000d9f4000000) (1024K)]
  0x000002a9a0db2180 JavaThread "Attach Listener"            daemon [_thread_blocked, id=46304, stack(0x000000d9f4000000,0x000000d9f4100000) (1024K)]
  0x000002a9a0dbad10 JavaThread "Service Thread"             daemon [_thread_blocked, id=46504, stack(0x000000d9f4100000,0x000000d9f4200000) (1024K)]
  0x000002a9a0dbf6e0 JavaThread "Monitor Deflation Thread"   daemon [_thread_blocked, id=45544, stack(0x000000d9f4200000,0x000000d9f4300000) (1024K)]
=>0x000002a9a0dc9d20 JavaThread "C2 CompilerThread0"         daemon [_thread_in_native, id=34804, stack(0x000000d9f4300000,0x000000d9f4400000) (1024K)]
  0x000002a9a0dcdcb0 JavaThread "C1 CompilerThread0"         daemon [_thread_blocked, id=45824, stack(0x000000d9f4400000,0x000000d9f4500000) (1024K)]
  0x000002a9a0dbcf80 JavaThread "Common-Cleaner"             daemon [_thread_blocked, id=16480, stack(0x000000d9f4500000,0x000000d9f4600000) (1024K)]
  0x000002a9a0dbe9c0 JavaThread "Notification Thread"        daemon [_thread_blocked, id=34580, stack(0x000000d9f4700000,0x000000d9f4800000) (1024K)]
  0x000002a9a0dbdca0 JavaThread "Active Thread: Equinox Container: 58fd01f3-8159-442b-b9a5-15f9409ecab8"        [_thread_blocked, id=46696, stack(0x000000d9f4f00000,0x000000d9f5000000) (1024K)]
  0x000002a9a0dbf050 JavaThread "Refresh Thread: Equinox Container: 58fd01f3-8159-442b-b9a5-15f9409ecab8" daemon [_thread_blocked, id=45548, stack(0x000000d9f5100000,0x000000d9f5200000) (1024K)]
  0x000002a9a0dbfd70 JavaThread "Framework Event Dispatcher: Equinox Container: 58fd01f3-8159-442b-b9a5-15f9409ecab8" daemon [_thread_blocked, id=46132, stack(0x000000d9f5200000,0x000000d9f5300000) (1024K)]
  0x000002a9a0dbc8f0 JavaThread "Start Level: Equinox Container: 58fd01f3-8159-442b-b9a5-15f9409ecab8" daemon [_thread_in_native, id=23080, stack(0x000000d9f5300000,0x000000d9f5400000) (1024K)]
  0x000002a9a0dbd610 JavaThread "Bundle File Closer"         daemon [_thread_blocked, id=38268, stack(0x000000d9f5400000,0x000000d9f5500000) (1024K)]
  0x000002a9a0dbe330 JavaThread "SCR Component Actor"        daemon [_thread_blocked, id=29416, stack(0x000000d9f5500000,0x000000d9f5600000) (1024K)]
  0x000002a9e7c4b400 JavaThread "SCR Component Registry"     daemon [_thread_blocked, id=13932, stack(0x000000d9f5600000,0x000000d9f5700000) (1024K)]
  0x000002a9e7c4a6e0 JavaThread "Worker-JM"                         [_thread_blocked, id=42160, stack(0x000000d9f5700000,0x000000d9f5800000) (1024K)]
  0x000002a9e7c4ce40 JavaThread "JNA Cleaner"                daemon [_thread_blocked, id=36008, stack(0x000000d9f5800000,0x000000d9f5900000) (1024K)]
  0x000002a9e7c4d4d0 JavaThread "Worker-0: Checking project encoding"        [_thread_blocked, id=46848, stack(0x000000d9f5900000,0x000000d9f5a00000) (1024K)]
  0x000002a9e7c4ad70 JavaThread "Worker-1"                          [_thread_blocked, id=30428, stack(0x000000d9f5a00000,0x000000d9f5b00000) (1024K)]
Total: 22

Other Threads:
  0x000002a9a0d8f1a0 VMThread "VM Thread"                           [id=46284, stack(0x000000d9f3c00000,0x000000d9f3d00000) (1024K)]
  0x000002a9a0d81110 WatcherThread "VM Periodic Task Thread"        [id=18048, stack(0x000000d9f3b00000,0x000000d9f3c00000) (1024K)]
  0x000002a984af8870 WorkerThread "GC Thread#0"                     [id=46672, stack(0x000000d9f3600000,0x000000d9f3700000) (1024K)]
  0x000002a9e78346c0 WorkerThread "GC Thread#1"                     [id=29048, stack(0x000000d9f4900000,0x000000d9f4a00000) (1024K)]
  0x000002a9e74ec0c0 WorkerThread "GC Thread#2"                     [id=45776, stack(0x000000d9f4a00000,0x000000d9f4b00000) (1024K)]
  0x000002a9e74ec460 WorkerThread "GC Thread#3"                     [id=45716, stack(0x000000d9f4b00000,0x000000d9f4c00000) (1024K)]
  0x000002a9e74ec800 WorkerThread "GC Thread#4"                     [id=40588, stack(0x000000d9f4c00000,0x000000d9f4d00000) (1024K)]
  0x000002a9e74ecba0 WorkerThread "GC Thread#5"                     [id=46972, stack(0x000000d9f4d00000,0x000000d9f4e00000) (1024K)]
  0x000002a9e757f440 WorkerThread "GC Thread#6"                     [id=30452, stack(0x000000d9f4e00000,0x000000d9f4f00000) (1024K)]
  0x000002a9e7641660 WorkerThread "GC Thread#7"                     [id=13064, stack(0x000000d9f5000000,0x000000d9f5100000) (1024K)]
  0x000002a984b05760 ConcurrentGCThread "G1 Main Marker"            [id=46668, stack(0x000000d9f3700000,0x000000d9f3800000) (1024K)]
  0x000002a984b07790 WorkerThread "G1 Conc#0"                       [id=46320, stack(0x000000d9f3800000,0x000000d9f3900000) (1024K)]
  0x000002a9a0c48e70 ConcurrentGCThread "G1 Refine#0"               [id=18096, stack(0x000000d9f3900000,0x000000d9f3a00000) (1024K)]
  0x000002a9a0c4a7a0 ConcurrentGCThread "G1 Service"                [id=45900, stack(0x000000d9f3a00000,0x000000d9f3b00000) (1024K)]
Total: 14

Threads with active compile tasks:
C2 CompilerThread0  4299 3326       4       java.lang.invoke.MethodType::makeImpl (109 bytes)
Total: 1

VM state: not at safepoint (normal execution)

VM Mutex/Monitor currently owned by a thread: None

Heap address: 0x0000000680000000, size: 6144 MB, Compressed Oops mode: Zero based, Oop shift amount: 3

CDS archive(s) mapped at: [0x000002a9a2000000-0x000002a9a2ba0000-0x000002a9a2ba0000), size 12189696, SharedBaseAddress: 0x000002a9a2000000, ArchiveRelocationMode: 1.
Compressed class space mapped at: 0x000002a9a3000000-0x000002a9e3000000, reserved size: 1073741824
Narrow klass base: 0x000002a9a2000000, Narrow klass shift: 0, Narrow klass range: 0x100000000

GC Precious Log:
 CardTable entry size: 512
 Card Set container configuration: InlinePtr #cards 4 size 8 Array Of Cards #cards 32 size 80 Howl #buckets 8 coarsen threshold 7372 Howl Bitmap #cards 1024 size 144 coarsen threshold 921 Card regions per heap region 1 cards per card region 8192
 CPUs: 12 total, 12 available
 Memory: 16091M
 Large Page Support: Disabled
 NUMA Support: Disabled
 Compressed Oops: Enabled (Zero based)
 Heap Region Size: 4M
 Heap Min Capacity: 8M
 Heap Initial Capacity: 252M
 Heap Max Capacity: 6G
 Pre-touch: Disabled
 Parallel Workers: 10
 Concurrent Workers: 3
 Concurrent Refinement Workers: 10
 Periodic GC: Disabled

Heap:
 garbage-first heap   total 258048K, used 100330K [0x0000000680000000, 0x0000000800000000)
  region size 4096K, 25 young (102400K), 1 survivors (4096K)
 Metaspace       used 17774K, committed 18432K, reserved 1114112K
  class space    used 1849K, committed 2112K, reserved 1048576K

Heap Regions: E=young(eden), S=young(survivor), O=old, HS=humongous(starts), HC=humongous(continues), CS=collection set, F=free, TAMS=top-at-mark-start, PB=parsable bottom
|   0|0x0000000680000000, 0x00000006802c2300, 0x0000000680400000| 68%| O|  |TAMS 0x0000000680000000| PB 0x0000000680000000| Untracked 
|   1|0x0000000680400000, 0x0000000680400000, 0x0000000680800000|  0%| F|  |TAMS 0x0000000680400000| PB 0x0000000680400000| Untracked 
|   2|0x0000000680800000, 0x0000000680800000, 0x0000000680c00000|  0%| F|  |TAMS 0x0000000680800000| PB 0x0000000680800000| Untracked 
|   3|0x0000000680c00000, 0x0000000680c00000, 0x0000000681000000|  0%| F|  |TAMS 0x0000000680c00000| PB 0x0000000680c00000| Untracked 
|   4|0x0000000681000000, 0x0000000681000000, 0x0000000681400000|  0%| F|  |TAMS 0x0000000681000000| PB 0x0000000681000000| Untracked 
|   5|0x0000000681400000, 0x0000000681400000, 0x0000000681800000|  0%| F|  |TAMS 0x0000000681400000| PB 0x0000000681400000| Untracked 
|   6|0x0000000681800000, 0x0000000681800000, 0x0000000681c00000|  0%| F|  |TAMS 0x0000000681800000| PB 0x0000000681800000| Untracked 
|   7|0x0000000681c00000, 0x0000000681c00000, 0x0000000682000000|  0%| F|  |TAMS 0x0000000681c00000| PB 0x0000000681c00000| Untracked 
|   8|0x0000000682000000, 0x0000000682000000, 0x0000000682400000|  0%| F|  |TAMS 0x0000000682000000| PB 0x0000000682000000| Untracked 
|   9|0x0000000682400000, 0x0000000682400000, 0x0000000682800000|  0%| F|  |TAMS 0x0000000682400000| PB 0x0000000682400000| Untracked 
|  10|0x0000000682800000, 0x0000000682800000, 0x0000000682c00000|  0%| F|  |TAMS 0x0000000682800000| PB 0x0000000682800000| Untracked 
|  11|0x0000000682c00000, 0x0000000682c00000, 0x0000000683000000|  0%| F|  |TAMS 0x0000000682c00000| PB 0x0000000682c00000| Untracked 
|  12|0x0000000683000000, 0x0000000683000000, 0x0000000683400000|  0%| F|  |TAMS 0x0000000683000000| PB 0x0000000683000000| Untracked 
|  13|0x0000000683400000, 0x0000000683400000, 0x0000000683800000|  0%| F|  |TAMS 0x0000000683400000| PB 0x0000000683400000| Untracked 
|  14|0x0000000683800000, 0x0000000683800000, 0x0000000683c00000|  0%| F|  |TAMS 0x0000000683800000| PB 0x0000000683800000| Untracked 
|  15|0x0000000683c00000, 0x0000000683c00000, 0x0000000684000000|  0%| F|  |TAMS 0x0000000683c00000| PB 0x0000000683c00000| Untracked 
|  16|0x0000000684000000, 0x0000000684000000, 0x0000000684400000|  0%| F|  |TAMS 0x0000000684000000| PB 0x0000000684000000| Untracked 
|  17|0x0000000684400000, 0x0000000684400000, 0x0000000684800000|  0%| F|  |TAMS 0x0000000684400000| PB 0x0000000684400000| Untracked 
|  18|0x0000000684800000, 0x0000000684800000, 0x0000000684c00000|  0%| F|  |TAMS 0x0000000684800000| PB 0x0000000684800000| Untracked 
|  19|0x0000000684c00000, 0x0000000684c00000, 0x0000000685000000|  0%| F|  |TAMS 0x0000000684c00000| PB 0x0000000684c00000| Untracked 
|  20|0x0000000685000000, 0x0000000685000000, 0x0000000685400000|  0%| F|  |TAMS 0x0000000685000000| PB 0x0000000685000000| Untracked 
|  21|0x0000000685400000, 0x0000000685400000, 0x0000000685800000|  0%| F|  |TAMS 0x0000000685400000| PB 0x0000000685400000| Untracked 
|  22|0x0000000685800000, 0x0000000685800000, 0x0000000685c00000|  0%| F|  |TAMS 0x0000000685800000| PB 0x0000000685800000| Untracked 
|  23|0x0000000685c00000, 0x0000000685c00000, 0x0000000686000000|  0%| F|  |TAMS 0x0000000685c00000| PB 0x0000000685c00000| Untracked 
|  24|0x0000000686000000, 0x0000000686000000, 0x0000000686400000|  0%| F|  |TAMS 0x0000000686000000| PB 0x0000000686000000| Untracked 
|  25|0x0000000686400000, 0x0000000686400000, 0x0000000686800000|  0%| F|  |TAMS 0x0000000686400000| PB 0x0000000686400000| Untracked 
|  26|0x0000000686800000, 0x0000000686800000, 0x0000000686c00000|  0%| F|  |TAMS 0x0000000686800000| PB 0x0000000686800000| Untracked 
|  27|0x0000000686c00000, 0x0000000686c00000, 0x0000000687000000|  0%| F|  |TAMS 0x0000000686c00000| PB 0x0000000686c00000| Untracked 
|  28|0x0000000687000000, 0x0000000687000000, 0x0000000687400000|  0%| F|  |TAMS 0x0000000687000000| PB 0x0000000687000000| Untracked 
|  29|0x0000000687400000, 0x0000000687400000, 0x0000000687800000|  0%| F|  |TAMS 0x0000000687400000| PB 0x0000000687400000| Untracked 
|  30|0x0000000687800000, 0x0000000687800000, 0x0000000687c00000|  0%| F|  |TAMS 0x0000000687800000| PB 0x0000000687800000| Untracked 
|  31|0x0000000687c00000, 0x0000000687c00000, 0x0000000688000000|  0%| F|  |TAMS 0x0000000687c00000| PB 0x0000000687c00000| Untracked 
|  32|0x0000000688000000, 0x0000000688000000, 0x0000000688400000|  0%| F|  |TAMS 0x0000000688000000| PB 0x0000000688000000| Untracked 
|  33|0x0000000688400000, 0x0000000688400000, 0x0000000688800000|  0%| F|  |TAMS 0x0000000688400000| PB 0x0000000688400000| Untracked 
|  34|0x0000000688800000, 0x0000000688800000, 0x0000000688c00000|  0%| F|  |TAMS 0x0000000688800000| PB 0x0000000688800000| Untracked 
|  35|0x0000000688c00000, 0x0000000688c00000, 0x0000000689000000|  0%| F|  |TAMS 0x0000000688c00000| PB 0x0000000688c00000| Untracked 
|  36|0x0000000689000000, 0x0000000689000000, 0x0000000689400000|  0%| F|  |TAMS 0x0000000689000000| PB 0x0000000689000000| Untracked 
|  37|0x0000000689400000, 0x0000000689400000, 0x0000000689800000|  0%| F|  |TAMS 0x0000000689400000| PB 0x0000000689400000| Untracked 
|  38|0x0000000689800000, 0x0000000689c00000, 0x0000000689c00000|100%| E|  |TAMS 0x0000000689800000| PB 0x0000000689800000| Complete 
|  39|0x0000000689c00000, 0x000000068a000000, 0x000000068a000000|100%| E|CS|TAMS 0x0000000689c00000| PB 0x0000000689c00000| Complete 
|  40|0x000000068a000000, 0x000000068a400000, 0x000000068a400000|100%| E|CS|TAMS 0x000000068a000000| PB 0x000000068a000000| Complete 
|  41|0x000000068a400000, 0x000000068a800000, 0x000000068a800000|100%| E|CS|TAMS 0x000000068a400000| PB 0x000000068a400000| Complete 
|  42|0x000000068a800000, 0x000000068ac00000, 0x000000068ac00000|100%| E|CS|TAMS 0x000000068a800000| PB 0x000000068a800000| Complete 
|  43|0x000000068ac00000, 0x000000068b000000, 0x000000068b000000|100%| E|CS|TAMS 0x000000068ac00000| PB 0x000000068ac00000| Complete 
|  44|0x000000068b000000, 0x000000068b400000, 0x000000068b400000|100%| E|CS|TAMS 0x000000068b000000| PB 0x000000068b000000| Complete 
|  45|0x000000068b400000, 0x000000068b800000, 0x000000068b800000|100%| E|CS|TAMS 0x000000068b400000| PB 0x000000068b400000| Complete 
|  46|0x000000068b800000, 0x000000068bc00000, 0x000000068bc00000|100%| E|CS|TAMS 0x000000068b800000| PB 0x000000068b800000| Complete 
|  47|0x000000068bc00000, 0x000000068c000000, 0x000000068c000000|100%| E|CS|TAMS 0x000000068bc00000| PB 0x000000068bc00000| Complete 
|  48|0x000000068c000000, 0x000000068c400000, 0x000000068c400000|100%| E|CS|TAMS 0x000000068c000000| PB 0x000000068c000000| Complete 
|  49|0x000000068c400000, 0x000000068c800000, 0x000000068c800000|100%| E|CS|TAMS 0x000000068c400000| PB 0x000000068c400000| Complete 
|  50|0x000000068c800000, 0x000000068cc00000, 0x000000068cc00000|100%| E|CS|TAMS 0x000000068c800000| PB 0x000000068c800000| Complete 
|  51|0x000000068cc00000, 0x000000068d000000, 0x000000068d000000|100%| E|CS|TAMS 0x000000068cc00000| PB 0x000000068cc00000| Complete 
|  52|0x000000068d000000, 0x000000068d400000, 0x000000068d400000|100%| E|CS|TAMS 0x000000068d000000| PB 0x000000068d000000| Complete 
|  53|0x000000068d400000, 0x000000068d800000, 0x000000068d800000|100%| E|CS|TAMS 0x000000068d400000| PB 0x000000068d400000| Complete 
|  54|0x000000068d800000, 0x000000068db388f8, 0x000000068dc00000| 80%| S|CS|TAMS 0x000000068d800000| PB 0x000000068d800000| Complete 
|  55|0x000000068dc00000, 0x000000068e000000, 0x000000068e000000|100%| E|CS|TAMS 0x000000068dc00000| PB 0x000000068dc00000| Complete 
|  56|0x000000068e000000, 0x000000068e400000, 0x000000068e400000|100%| E|CS|TAMS 0x000000068e000000| PB 0x000000068e000000| Complete 
|  57|0x000000068e400000, 0x000000068e800000, 0x000000068e800000|100%| E|CS|TAMS 0x000000068e400000| PB 0x000000068e400000| Complete 
|  58|0x000000068e800000, 0x000000068ec00000, 0x000000068ec00000|100%| E|CS|TAMS 0x000000068e800000| PB 0x000000068e800000| Complete 
|  59|0x000000068ec00000, 0x000000068f000000, 0x000000068f000000|100%| E|CS|TAMS 0x000000068ec00000| PB 0x000000068ec00000| Complete 
|  60|0x000000068f000000, 0x000000068f400000, 0x000000068f400000|100%| E|CS|TAMS 0x000000068f000000| PB 0x000000068f000000| Complete 
|  61|0x000000068f400000, 0x000000068f800000, 0x000000068f800000|100%| E|CS|TAMS 0x000000068f400000| PB 0x000000068f400000| Complete 
|  62|0x000000068f800000, 0x000000068fc00000, 0x000000068fc00000|100%| E|CS|TAMS 0x000000068f800000| PB 0x000000068f800000| Complete 

Card table byte_map: [0x000002a997da0000,0x000002a9989a0000] _byte_map_base: 0x000002a9949a0000

Marking Bits: (CMBitMap*) 0x000002a984af8e80
 Bits: [0x000002a9989a0000, 0x000002a99e9a0000)

Polling page: 0x000002a982a40000

Metaspace:

Usage:
  Non-class:     15.56 MB used.
      Class:      1.81 MB used.
       Both:     17.37 MB used.

Virtual space:
  Non-class space:       64.00 MB reserved,      15.94 MB ( 25%) committed,  1 nodes.
      Class space:        1.00 GB reserved,       2.06 MB ( <1%) committed,  1 nodes.
             Both:        1.06 GB reserved,      18.00 MB (  2%) committed. 

Chunk freelists:
   Non-Class:  64.00 KB
       Class:  13.89 MB
        Both:  13.96 MB

MaxMetaspaceSize: unlimited
CompressedClassSpaceSize: 1.00 GB
Initial GC threshold: 21.00 MB
Current GC threshold: 21.00 MB
CDS: on
 - commit_granule_bytes: 65536.
 - commit_granule_words: 8192.
 - virtual_space_node_default_size: 8388608.
 - enlarge_chunks_in_place: 1.
 - use_allocation_guard: 0.


Internal statistics:

num_allocs_failed_limit: 0.
num_arena_births: 532.
num_arena_deaths: 0.
num_vsnodes_births: 2.
num_vsnodes_deaths: 0.
num_space_committed: 288.
num_space_uncommitted: 0.
num_chunks_returned_to_freelist: 0.
num_chunks_taken_from_freelist: 1164.
num_chunk_merges: 0.
num_chunk_splits: 745.
num_chunks_enlarged: 500.
num_inconsistent_stats: 0.

CodeHeap 'non-profiled nmethods': size=120000Kb used=1582Kb max_used=1582Kb free=118417Kb
 bounds [0x000002a98f720000, 0x000002a98f990000, 0x000002a996c50000]
CodeHeap 'profiled nmethods': size=120000Kb used=7008Kb max_used=7008Kb free=112991Kb
 bounds [0x000002a987c50000, 0x000002a988330000, 0x000002a98f180000]
CodeHeap 'non-nmethods': size=5760Kb used=1474Kb max_used=1487Kb free=4285Kb
 bounds [0x000002a98f180000, 0x000002a98f3f0000, 0x000002a98f720000]
CodeCache: size=245760Kb, used=10064Kb, max_used=10077Kb, free=235693Kb
 total_blobs=3964, nmethods=3411, adapters=457, full_count=0
Compilation: enabled, stopped_count=0, restarted_count=0

Compilation events (20 events):
Event: 3.253 Thread 0x000002a9a0dcdcb0 3397       3       java.lang.invoke.LambdaFormBuffer::insertName (106 bytes)
Event: 3.253 Thread 0x000002a9a0dcdcb0 nmethod 3397 0x000002a988324290 code [0x000002a988324460, 0x000002a988324688]
Event: 3.255 Thread 0x000002a9a0dcdcb0 3400       3       jdk.internal.org.objectweb.asm.ClassWriter::visitField (53 bytes)
Event: 3.255 Thread 0x000002a9a0dcdcb0 nmethod 3400 0x000002a988324790 code [0x000002a988324960, 0x000002a988324cd8]
Event: 3.255 Thread 0x000002a9a0dcdcb0 3401       3       jdk.internal.org.objectweb.asm.FieldWriter::<init> (69 bytes)
Event: 3.255 Thread 0x000002a9a0dcdcb0 nmethod 3401 0x000002a988324e10 code [0x000002a988325000, 0x000002a9883253c0]
Event: 3.255 Thread 0x000002a9a0dcdcb0 3402       3       jdk.internal.org.objectweb.asm.FieldVisitor::<init> (7 bytes)
Event: 3.255 Thread 0x000002a9a0dcdcb0 nmethod 3402 0x000002a988325590 code [0x000002a988325740, 0x000002a988325888]
Event: 3.255 Thread 0x000002a9a0dcdcb0 3403       3       jdk.internal.org.objectweb.asm.FieldVisitor::<init> (78 bytes)
Event: 3.256 Thread 0x000002a9a1880780 3405       4       java.lang.invoke.MethodTypeForm::canonicalize (74 bytes)
Event: 3.256 Thread 0x000002a9a0dcdcb0 nmethod 3403 0x000002a988325910 code [0x000002a988325b40, 0x000002a9883262e0]
Event: 3.256 Thread 0x000002a9a1880780 nmethod 3405 0x000002a98f8ab710 code [0x000002a98f8ab8a0, 0x000002a98f8ab978]
Event: 3.256 Thread 0x000002a9a0dcdcb0 3409       3       java.util.concurrent.locks.ReentrantLock$NonfairSync::initialTryLock (58 bytes)
Event: 3.257 Thread 0x000002a9a0dcdcb0 nmethod 3409 0x000002a988326590 code [0x000002a988326780, 0x000002a988326b70]
Event: 3.262 Thread 0x000002a9a0dcdcb0 3410       3       org.objectweb.asm.ClassReader::readUnsignedShort (26 bytes)
Event: 3.262 Thread 0x000002a9a0dcdcb0 nmethod 3410 0x000002a988326c90 code [0x000002a988326e40, 0x000002a988326fb8]
Event: 3.419 Thread 0x000002a9a0dcdcb0 3411       3       java.util.concurrent.Semaphore$NonfairSync::tryAcquireShared (6 bytes)
Event: 3.419 Thread 0x000002a9a0dcdcb0 nmethod 3411 0x000002a988327090 code [0x000002a988327240, 0x000002a988327378]
Event: 3.419 Thread 0x000002a9a0dcdcb0 3412       3       java.util.concurrent.Semaphore$Sync::nonfairTryAcquireShared (27 bytes)
Event: 3.419 Thread 0x000002a9a0dcdcb0 nmethod 3412 0x000002a988327410 code [0x000002a9883275c0, 0x000002a988327810]

GC Heap History (4 events):
Event: 0.715 GC heap before
{Heap before GC invocations=0 (full 0):
 garbage-first heap   total 258048K, used 20480K [0x0000000680000000, 0x0000000800000000)
  region size 4096K, 5 young (20480K), 0 survivors (0K)
 Metaspace       used 3718K, committed 3968K, reserved 1114112K
  class space    used 407K, committed 512K, reserved 1048576K
}
Event: 0.717 GC heap after
{Heap after GC invocations=1 (full 0):
 garbage-first heap   total 258048K, used 2986K [0x0000000680000000, 0x0000000800000000)
  region size 4096K, 1 young (4096K), 1 survivors (4096K)
 Metaspace       used 3718K, committed 3968K, reserved 1114112K
  class space    used 407K, committed 512K, reserved 1048576K
}
Event: 1.336 GC heap before
{Heap before GC invocations=1 (full 0):
 garbage-first heap   total 258048K, used 31658K [0x0000000680000000, 0x0000000800000000)
  region size 4096K, 8 young (32768K), 1 survivors (4096K)
 Metaspace       used 7953K, committed 8192K, reserved 1114112K
  class space    used 824K, committed 960K, reserved 1048576K
}
Event: 1.340 GC heap after
{Heap after GC invocations=2 (full 0):
 garbage-first heap   total 258048K, used 6122K [0x0000000680000000, 0x0000000800000000)
  region size 4096K, 1 young (4096K), 1 survivors (4096K)
 Metaspace       used 7953K, committed 8192K, reserved 1114112K
  class space    used 824K, committed 960K, reserved 1048576K
}

Dll operation events (10 events):
Event: 0.015 Loaded shared library c:\Users\khoi van\.vscode\extensions\redhat.java-1.44.0-win32-x64\jre\21.0.8-win32-x86_64\bin\java.dll
Event: 0.074 Loaded shared library c:\Users\khoi van\.vscode\extensions\redhat.java-1.44.0-win32-x64\jre\21.0.8-win32-x86_64\bin\zip.dll
Event: 0.093 Loaded shared library C:\Users\khoi van\.vscode\extensions\redhat.java-1.44.0-win32-x64\jre\21.0.8-win32-x86_64\bin\instrument.dll
Event: 0.097 Loaded shared library C:\Users\khoi van\.vscode\extensions\redhat.java-1.44.0-win32-x64\jre\21.0.8-win32-x86_64\bin\net.dll
Event: 0.099 Loaded shared library C:\Users\khoi van\.vscode\extensions\redhat.java-1.44.0-win32-x64\jre\21.0.8-win32-x86_64\bin\nio.dll
Event: 0.101 Loaded shared library C:\Users\khoi van\.vscode\extensions\redhat.java-1.44.0-win32-x64\jre\21.0.8-win32-x86_64\bin\zip.dll
Event: 0.122 Loaded shared library C:\Users\khoi van\.vscode\extensions\redhat.java-1.44.0-win32-x64\jre\21.0.8-win32-x86_64\bin\jimage.dll
Event: 0.195 Loaded shared library c:\Users\khoi van\.vscode\extensions\redhat.java-1.44.0-win32-x64\jre\21.0.8-win32-x86_64\bin\verify.dll
Event: 1.459 Loaded shared library C:\Users\khoi van\AppData\Roaming\Code\User\globalStorage\redhat.java\1.44.0\config_win\org.eclipse.equinox.launcher\org.eclipse.equinox.launcher.win32.win32.x86_64_1.2.1400.v20250730-1736\eclipse_11913.dll
Event: 3.115 Loaded shared library C:\Users\khoi van\AppData\Local\Temp\jna--1410877574\jna6467370009874731788.dll

Deoptimization events (20 events):
Event: 2.898 Thread 0x000002a9a0dbc8f0 Uncommon trap: trap_request=0xffffff45 fr.pc=0x000002a98f7cd1d4 relative=0x00000000000000b4
Event: 2.898 Thread 0x000002a9a0dbc8f0 Uncommon trap: reason=unstable_if action=reinterpret pc=0x000002a98f7cd1d4 method=org.eclipse.osgi.container.ModuleRevisionBuilder.unmodifiableMap(Ljava/util/Map;)Ljava/util/Map; @ 27 c2
Event: 2.898 Thread 0x000002a9a0dbc8f0 DEOPT PACKING pc=0x000002a98f7cd1d4 sp=0x000000d9f53f9ad0
Event: 2.898 Thread 0x000002a9a0dbc8f0 DEOPT UNPACKING pc=0x000002a98f1d46a2 sp=0x000000d9f53f9a50 mode 2
Event: 2.948 Thread 0x000002a9a0dbc8f0 Uncommon trap: trap_request=0xffffff45 fr.pc=0x000002a98f8967ac relative=0x000000000000016c
Event: 2.948 Thread 0x000002a9a0dbc8f0 Uncommon trap: reason=unstable_if action=reinterpret pc=0x000002a98f8967ac method=java.io.DataInputStream.readFully([BII)V @ 37 c2
Event: 2.948 Thread 0x000002a9a0dbc8f0 DEOPT PACKING pc=0x000002a98f8967ac sp=0x000000d9f53f9750
Event: 2.948 Thread 0x000002a9a0dbc8f0 DEOPT UNPACKING pc=0x000002a98f1d46a2 sp=0x000000d9f53f96e0 mode 2
Event: 3.010 Thread 0x000002a9a0dbc8f0 Uncommon trap: trap_request=0xffffff45 fr.pc=0x000002a98f75ac30 relative=0x0000000000000770
Event: 3.010 Thread 0x000002a9a0dbc8f0 Uncommon trap: reason=unstable_if action=reinterpret pc=0x000002a98f75ac30 method=java.lang.String.replace(Ljava/lang/CharSequence;Ljava/lang/CharSequence;)Ljava/lang/String; @ 42 c2
Event: 3.010 Thread 0x000002a9a0dbc8f0 DEOPT PACKING pc=0x000002a98f75ac30 sp=0x000000d9f53f7850
Event: 3.010 Thread 0x000002a9a0dbc8f0 DEOPT UNPACKING pc=0x000002a98f1d46a2 sp=0x000000d9f53f77d0 mode 2
Event: 3.198 Thread 0x000002a9a0dbc8f0 Uncommon trap: trap_request=0xffffff45 fr.pc=0x000002a98f88df70 relative=0x00000000000000d0
Event: 3.198 Thread 0x000002a9a0dbc8f0 Uncommon trap: reason=unstable_if action=reinterpret pc=0x000002a98f88df70 method=java.lang.ref.SoftReference.get()Ljava/lang/Object; @ 6 c2
Event: 3.198 Thread 0x000002a9a0dbc8f0 DEOPT PACKING pc=0x000002a98f88df70 sp=0x000000d9f53f99b0
Event: 3.198 Thread 0x000002a9a0dbc8f0 DEOPT UNPACKING pc=0x000002a98f1d46a2 sp=0x000000d9f53f9968 mode 2
Event: 3.222 Thread 0x000002a9e7c4d4d0 Uncommon trap: trap_request=0xffffff45 fr.pc=0x000002a98f8198ac relative=0x000000000000018c
Event: 3.222 Thread 0x000002a9e7c4d4d0 Uncommon trap: reason=unstable_if action=reinterpret pc=0x000002a98f8198ac method=java.util.concurrent.locks.ReentrantLock$NonfairSync.initialTryLock()Z @ 25 c2
Event: 3.222 Thread 0x000002a9e7c4d4d0 DEOPT PACKING pc=0x000002a98f8198ac sp=0x000000d9f59fdc00
Event: 3.222 Thread 0x000002a9e7c4d4d0 DEOPT UNPACKING pc=0x000002a98f1d46a2 sp=0x000000d9f59fdba0 mode 2

Classes loaded (20 events):
Event: 3.149 Loading class java/lang/reflect/UndeclaredThrowableException
Event: 3.149 Loading class java/lang/reflect/UndeclaredThrowableException done
Event: 3.150 Loading class java/lang/Class$AnnotationData
Event: 3.150 Loading class java/lang/Class$AnnotationData done
Event: 3.152 Loading class jdk/internal/reflect/MethodHandleIntegerFieldAccessorImpl
Event: 3.152 Loading class jdk/internal/reflect/MethodHandleIntegerFieldAccessorImpl done
Event: 3.161 Loading class java/io/PrintWriter
Event: 3.161 Loading class java/io/PrintWriter done
Event: 3.168 Loading class jdk/internal/reflect/MethodHandleShortFieldAccessorImpl
Event: 3.168 Loading class jdk/internal/reflect/MethodHandleShortFieldAccessorImpl done
Event: 3.169 Loading class java/lang/Short$ShortCache
Event: 3.169 Loading class java/lang/Short$ShortCache done
Event: 3.191 Loading class java/util/function/LongUnaryOperator
Event: 3.191 Loading class java/util/function/LongUnaryOperator done
Event: 3.192 Loading class java/lang/ThreadDeath
Event: 3.192 Loading class java/lang/ThreadDeath done
Event: 3.203 Loading class java/util/stream/SortedOps$SizedRefSortingSink
Event: 3.203 Loading class java/util/stream/SortedOps$SizedRefSortingSink done
Event: 3.237 Loading class java/util/concurrent/atomic/Striped64$1
Event: 3.237 Loading class java/util/concurrent/atomic/Striped64$1 done

Classes unloaded (0 events):
No events

Classes redefined (0 events):
No events

Internal exceptions (20 events):
Event: 2.940 Thread 0x000002a9a0dbc8f0 Exception <a 'java/lang/NoSuchMethodError'{0x000000068ab4be78}: 'java.lang.Object java.lang.invoke.DirectMethodHandle$Holder.newInvokeSpecial(java.lang.Object, java.lang.Object, java.lang.Object, java.lang.Object, java.lang.Object)'> (0x000000068ab4be78) 
thrown [s\src\hotspot\share\interpreter\linkResolver.cpp, line 773]
Event: 2.972 Thread 0x000002a9a0dbc8f0 Exception <a 'java/lang/NoSuchMethodError'{0x000000068a502620}: 'java.lang.Object java.lang.invoke.DirectMethodHandle$Holder.invokeStaticInit(java.lang.Object, int)'> (0x000000068a502620) 
thrown [s\src\hotspot\share\interpreter\linkResolver.cpp, line 773]
Event: 3.018 Thread 0x000002a9a0dbc8f0 Exception <a 'java/lang/NoSuchMethodError'{0x000000068a7694a8}: 'java.lang.Object java.lang.invoke.DirectMethodHandle$Holder.invokeStaticInit(java.lang.Object, int, int, int, int)'> (0x000000068a7694a8) 
thrown [s\src\hotspot\share\interpreter\linkResolver.cpp, line 773]
Event: 3.069 Thread 0x000002a9a0dbc8f0 Exception <a 'java/lang/NoSuchMethodError'{0x000000068a0cacb8}: 'java.lang.Object java.lang.invoke.DirectMethodHandle$Holder.invokeStaticInit(java.lang.Object, java.lang.Object, int, int, int, int)'> (0x000000068a0cacb8) 
thrown [s\src\hotspot\share\interpreter\linkResolver.cpp, line 773]
Event: 3.152 Thread 0x000002a9a0dbc8f0 Exception <a 'java/lang/NoSuchMethodError'{0x000000068a1e0880}: 'void java.lang.invoke.DirectMethodHandle$Holder.invokeSpecial(java.lang.Object, java.lang.Object, java.lang.Object, int)'> (0x000000068a1e0880) 
thrown [s\src\hotspot\share\interpreter\linkResolver.cpp, line 773]
Event: 3.153 Thread 0x000002a9a0dbc8f0 Exception <a 'java/lang/NoSuchMethodError'{0x000000068a1e4210}: 'void java.lang.invoke.DelegatingMethodHandle$Holder.reinvoke_L(java.lang.Object, java.lang.Object, int)'> (0x000000068a1e4210) 
thrown [s\src\hotspot\share\interpreter\linkResolver.cpp, line 773]
Event: 3.153 Thread 0x000002a9a0dbc8f0 Exception <a 'java/lang/NoSuchMethodError'{0x000000068a1eaef8}: 'int java.lang.invoke.Invokers$Holder.invokeExact_MT(java.lang.Object, java.lang.Object, java.lang.Object)'> (0x000000068a1eaef8) 
thrown [s\src\hotspot\share\interpreter\linkResolver.cpp, line 773]
Event: 3.170 Thread 0x000002a9a0dbc8f0 Exception <a 'java/lang/NoSuchMethodError'{0x000000068a3a61d8}: 'void java.lang.invoke.Invokers$Holder.invokeExact_MT(java.lang.Object, java.lang.Object, int, java.lang.Object)'> (0x000000068a3a61d8) 
thrown [s\src\hotspot\share\interpreter\linkResolver.cpp, line 773]
Event: 3.190 Thread 0x000002a9a0dbc8f0 Exception <a 'java/lang/NoSuchMethodError'{0x0000000689d3bd48}: 'java.lang.Object java.lang.invoke.DirectMethodHandle$Holder.invokeSpecial(java.lang.Object, java.lang.Object, java.lang.Object, long, java.lang.Object)'> (0x0000000689d3bd48) 
thrown [s\src\hotspot\share\interpreter\linkResolver.cpp, line 773]
Event: 3.190 Thread 0x000002a9a0dbc8f0 Exception <a 'java/lang/NoSuchMethodError'{0x0000000689d43818}: 'java.lang.Object java.lang.invoke.DirectMethodHandle$Holder.newInvokeSpecial(java.lang.Object, java.lang.Object, java.lang.Object, long)'> (0x0000000689d43818) 
thrown [s\src\hotspot\share\interpreter\linkResolver.cpp, line 773]
Event: 3.191 Thread 0x000002a9a0dbc8f0 Exception <a 'java/lang/NoSuchMethodError'{0x0000000689d47b48}: 'java.lang.Object java.lang.invoke.DirectMethodHandle$Holder.invokeSpecial(java.lang.Object, java.lang.Object, java.lang.Object, java.lang.Object, long)'> (0x0000000689d47b48) 
thrown [s\src\hotspot\share\interpreter\linkResolver.cpp, line 773]
Event: 3.191 Thread 0x000002a9a0dbc8f0 Exception <a 'java/lang/NoSuchMethodError'{0x0000000689d4b768}: 'java.lang.Object java.lang.invoke.Invokers$Holder.linkToTargetMethod(java.lang.Object, java.lang.Object, long, java.lang.Object)'> (0x0000000689d4b768) 
thrown [s\src\hotspot\share\interpreter\linkResolver.cpp, line 773]
Event: 3.200 Thread 0x000002a9a0dbc8f0 Exception <a 'java/lang/NoSuchMethodError'{0x0000000689dac800}: 'int java.lang.invoke.DirectMethodHandle$Holder.invokeStaticInit(java.lang.Object, java.lang.Object, java.lang.Object)'> (0x0000000689dac800) 
thrown [s\src\hotspot\share\interpreter\linkResolver.cpp, line 773]
Event: 3.215 Thread 0x000002a9a0dbc8f0 Exception <a 'java/lang/IncompatibleClassChangeError'{0x0000000689efe738}: Found class java.lang.Object, but interface was expected> (0x0000000689efe738) 
thrown [s\src\hotspot\share\interpreter\linkResolver.cpp, line 840]
Event: 3.217 Thread 0x000002a9a0dbc8f0 Exception <a 'java/lang/NoSuchMethodError'{0x0000000689f0dc28}: 'java.lang.Object java.lang.invoke.DirectMethodHandle$Holder.invokeSpecial(java.lang.Object, java.lang.Object, java.lang.Object, int, java.lang.Object, java.lang.Object)'> (0x0000000689f0dc28) 
thrown [s\src\hotspot\share\interpreter\linkResolver.cpp, line 773]
Event: 3.218 Thread 0x000002a9a0dbc8f0 Exception <a 'java/lang/NoSuchMethodError'{0x0000000689f15580}: 'java.lang.Object java.lang.invoke.DirectMethodHandle$Holder.newInvokeSpecial(java.lang.Object, java.lang.Object, java.lang.Object, int, java.lang.Object)'> (0x0000000689f15580) 
thrown [s\src\hotspot\share\interpreter\linkResolver.cpp, line 773]
Event: 3.219 Thread 0x000002a9a0dbc8f0 Exception <a 'java/lang/NoSuchMethodError'{0x0000000689f19540}: 'java.lang.Object java.lang.invoke.DirectMethodHandle$Holder.invokeSpecial(java.lang.Object, java.lang.Object, java.lang.Object, java.lang.Object, int, java.lang.Object)'> (0x0000000689f19540) 
thrown [s\src\hotspot\share\interpreter\linkResolver.cpp, line 773]
Event: 3.219 Thread 0x000002a9a0dbc8f0 Exception <a 'java/lang/NoSuchMethodError'{0x0000000689f1d080}: 'java.lang.Object java.lang.invoke.Invokers$Holder.linkToTargetMethod(java.lang.Object, java.lang.Object, int, java.lang.Object, java.lang.Object)'> (0x0000000689f1d080) 
thrown [s\src\hotspot\share\interpreter\linkResolver.cpp, line 773]
Event: 3.220 Thread 0x000002a9e7c4d4d0 Exception <a 'java/lang/NoSuchMethodError'{0x0000000689df3858}: 'java.lang.Object java.lang.invoke.DirectMethodHandle$Holder.invokeSpecial(java.lang.Object, java.lang.Object, int, java.lang.Object, java.lang.Object)'> (0x0000000689df3858) 
thrown [s\src\hotspot\share\interpreter\linkResolver.cpp, line 773]
Event: 3.240 Thread 0x000002a9a0dbc8f0 Exception <a 'java/lang/NoSuchMethodError'{0x00000006898b5940}: 'void java.lang.invoke.DirectMethodHandle$Holder.invokeSpecial(java.lang.Object, java.lang.Object, java.lang.Object, java.lang.Object, java.lang.Object)'> (0x00000006898b5940) 
thrown [s\src\hotspot\share\interpreter\linkResolver.cpp, line 773]

ZGC Phase Switch (0 events):
No events

VM Operations (20 events):
Event: 1.635 Executing VM operation: HandshakeAllThreads (Deoptimize) done
Event: 1.641 Executing VM operation: HandshakeAllThreads (Deoptimize)
Event: 1.641 Executing VM operation: HandshakeAllThreads (Deoptimize) done
Event: 2.194 Executing VM operation: ICBufferFull
Event: 2.194 Executing VM operation: ICBufferFull done
Event: 2.246 Executing VM operation: HandshakeAllThreads (Deoptimize)
Event: 2.247 Executing VM operation: HandshakeAllThreads (Deoptimize) done
Event: 2.553 Executing VM operation: ICBufferFull
Event: 2.553 Executing VM operation: ICBufferFull done
Event: 2.899 Executing VM operation: HandshakeAllThreads (Deoptimize)
Event: 2.899 Executing VM operation: HandshakeAllThreads (Deoptimize) done
Event: 2.981 Executing VM operation: HandshakeAllThreads (Deoptimize)
Event: 2.981 Executing VM operation: HandshakeAllThreads (Deoptimize) done
Event: 3.030 Executing VM operation: HandshakeAllThreads (Deoptimize)
Event: 3.031 Executing VM operation: HandshakeAllThreads (Deoptimize) done
Event: 3.060 Executing VM operation: HandshakeAllThreads (Deoptimize)
Event: 3.060 Executing VM operation: HandshakeAllThreads (Deoptimize) done
Event: 3.131 Executing VM operation: HandshakeAllThreads (Deoptimize)
Event: 3.131 Executing VM operation: HandshakeAllThreads (Deoptimize) done
Event: 4.144 Executing VM operation: Cleanup

Memory protections (0 events):
No events

Nmethod flushes (0 events):
No events

Events (20 events):
Event: 0.042 Thread 0x000002a9826330a0 Thread added: 0x000002a9a0dbad10
Event: 0.042 Thread 0x000002a9826330a0 Thread added: 0x000002a9a0dbf6e0
Event: 0.043 Thread 0x000002a9826330a0 Thread added: 0x000002a9a0dc9d20
Event: 0.043 Thread 0x000002a9826330a0 Thread added: 0x000002a9a0dcdcb0
Event: 0.064 Thread 0x000002a9826330a0 Thread added: 0x000002a9a0dbcf80
Event: 0.082 Thread 0x000002a9a0dcdcb0 Thread added: 0x000002a9a1880780
Event: 0.333 Thread 0x000002a9826330a0 Thread added: 0x000002a9a0dbe9c0
Event: 0.422 Thread 0x000002a9a0dcdcb0 Thread added: 0x000002a9e7080980
Event: 1.196 Thread 0x000002a9826330a0 Thread added: 0x000002a9a0dbdca0
Event: 1.448 Thread 0x000002a9826330a0 Thread added: 0x000002a9a0dbf050
Event: 1.495 Thread 0x000002a9a0dbf050 Thread added: 0x000002a9a0dbfd70
Event: 1.498 Thread 0x000002a9826330a0 Thread added: 0x000002a9a0dbc8f0
Event: 1.924 Thread 0x000002a9a0dbc8f0 Thread added: 0x000002a9a0dbd610
Event: 2.174 Thread 0x000002a9a0dbc8f0 Thread added: 0x000002a9a0dbe330
Event: 2.238 Thread 0x000002a9a0dbc8f0 Thread added: 0x000002a9e7c4b400
Event: 2.647 Thread 0x000002a9a0dbc8f0 Thread added: 0x000002a9e7c4a6e0
Event: 3.159 Thread 0x000002a9a0dbc8f0 Thread added: 0x000002a9e7c4ce40
Event: 3.194 Thread 0x000002a9a0dbc8f0 Thread added: 0x000002a9e7c4d4d0
Event: 3.222 Thread 0x000002a9a0dbc8f0 Thread added: 0x000002a9e7c4ad70
Event: 3.233 Thread 0x000002a9e7080980 Thread exited: 0x000002a9e7080980


Dynamic libraries:
0x00007ff763710000 - 0x00007ff76371e000 	c:\Users\khoi van\.vscode\extensions\redhat.java-1.44.0-win32-x64\jre\21.0.8-win32-x86_64\bin\java.exe
0x00007ffdf5760000 - 0x00007ffdf59c7000 	C:\Windows\SYSTEM32\ntdll.dll
0x00007ffdf3690000 - 0x00007ffdf3759000 	C:\Windows\System32\KERNEL32.DLL
0x00007ffdf2fa0000 - 0x00007ffdf3390000 	C:\Windows\System32\KERNELBASE.dll
0x00007ffdec8f0000 - 0x00007ffdec98e000 	C:\Windows\SYSTEM32\apphelp.dll
0x00007ffdf2890000 - 0x00007ffdf29db000 	C:\Windows\System32\ucrtbase.dll
0x00007ffdec7e0000 - 0x00007ffdec7f8000 	c:\Users\khoi van\.vscode\extensions\redhat.java-1.44.0-win32-x64\jre\21.0.8-win32-x86_64\bin\jli.dll
0x00007ffdf54e0000 - 0x00007ffdf56a5000 	C:\Windows\System32\USER32.dll
0x00007ffdf2a80000 - 0x00007ffdf2aa7000 	C:\Windows\System32\win32u.dll
0x00007ffdf3850000 - 0x00007ffdf387b000 	C:\Windows\System32\GDI32.dll
0x00007ffdf2b60000 - 0x00007ffdf2c98000 	C:\Windows\System32\gdi32full.dll
0x00007ffdf2ab0000 - 0x00007ffdf2b53000 	C:\Windows\System32\msvcp_win.dll
0x00007ffdecf70000 - 0x00007ffdecf8e000 	c:\Users\khoi van\.vscode\extensions\redhat.java-1.44.0-win32-x64\jre\21.0.8-win32-x86_64\bin\VCRUNTIME140.dll
0x00007ffdd7560000 - 0x00007ffdd77fa000 	C:\Windows\WinSxS\amd64_microsoft.windows.common-controls_6595b64144ccf1df_6.0.26100.4768_none_3e0c112ce331287c\COMCTL32.dll
0x00007ffdf3880000 - 0x00007ffdf3929000 	C:\Windows\System32\msvcrt.dll
0x00007ffdf4b60000 - 0x00007ffdf4b8f000 	C:\Windows\System32\IMM32.DLL
0x00007ffded1e0000 - 0x00007ffded1ec000 	c:\Users\khoi van\.vscode\extensions\redhat.java-1.44.0-win32-x64\jre\21.0.8-win32-x86_64\bin\vcruntime140_1.dll
0x00007ffdba370000 - 0x00007ffdba3fd000 	c:\Users\khoi van\.vscode\extensions\redhat.java-1.44.0-win32-x64\jre\21.0.8-win32-x86_64\bin\msvcp140.dll
0x00007ffd963e0000 - 0x00007ffd97177000 	c:\Users\khoi van\.vscode\extensions\redhat.java-1.44.0-win32-x64\jre\21.0.8-win32-x86_64\bin\server\jvm.dll
0x00007ffdf3aa0000 - 0x00007ffdf3b54000 	C:\Windows\System32\ADVAPI32.dll
0x00007ffdf3b60000 - 0x00007ffdf3c06000 	C:\Windows\System32\sechost.dll
0x00007ffdf4d90000 - 0x00007ffdf4ea8000 	C:\Windows\System32\RPCRT4.dll
0x00007ffdf3c10000 - 0x00007ffdf3c84000 	C:\Windows\System32\WS2_32.dll
0x00007ffdf1490000 - 0x00007ffdf14ee000 	C:\Windows\SYSTEM32\POWRPROF.dll
0x00007ffde52b0000 - 0x00007ffde52e5000 	C:\Windows\SYSTEM32\WINMM.dll
0x00007ffded110000 - 0x00007ffded11b000 	C:\Windows\SYSTEM32\VERSION.dll
0x00007ffdf1470000 - 0x00007ffdf1484000 	C:\Windows\SYSTEM32\UMPDC.dll
0x00007ffdf1730000 - 0x00007ffdf174b000 	C:\Windows\SYSTEM32\kernel.appcore.dll
0x00007ffded1c0000 - 0x00007ffded1ca000 	c:\Users\khoi van\.vscode\extensions\redhat.java-1.44.0-win32-x64\jre\21.0.8-win32-x86_64\bin\jimage.dll
0x00007ffdf01b0000 - 0x00007ffdf03f1000 	C:\Windows\SYSTEM32\DBGHELP.DLL
0x00007ffdf43f0000 - 0x00007ffdf4775000 	C:\Windows\System32\combase.dll
0x00007ffdf4780000 - 0x00007ffdf4860000 	C:\Windows\System32\OLEAUT32.dll
0x00007ffdd4a60000 - 0x00007ffdd4aa3000 	C:\Windows\SYSTEM32\dbgcore.DLL
0x00007ffdf29e0000 - 0x00007ffdf2a79000 	C:\Windows\System32\bcryptPrimitives.dll
0x00007ffdec890000 - 0x00007ffdec89f000 	c:\Users\khoi van\.vscode\extensions\redhat.java-1.44.0-win32-x64\jre\21.0.8-win32-x86_64\bin\instrument.dll
0x00007ffde6900000 - 0x00007ffde691f000 	c:\Users\khoi van\.vscode\extensions\redhat.java-1.44.0-win32-x64\jre\21.0.8-win32-x86_64\bin\java.dll
0x00007ffdf3c90000 - 0x00007ffdf43dd000 	C:\Windows\System32\SHELL32.dll
0x00007ffdf2e20000 - 0x00007ffdf2f93000 	C:\Windows\System32\wintypes.dll
0x00007ffdf04d0000 - 0x00007ffdf0d30000 	C:\Windows\SYSTEM32\windows.storage.dll
0x00007ffdf4a50000 - 0x00007ffdf4b45000 	C:\Windows\System32\SHCORE.dll
0x00007ffdf5340000 - 0x00007ffdf53aa000 	C:\Windows\System32\shlwapi.dll
0x00007ffdf27b0000 - 0x00007ffdf27d9000 	C:\Windows\SYSTEM32\profapi.dll
0x00007ffded0b0000 - 0x00007ffded0c8000 	c:\Users\khoi van\.vscode\extensions\redhat.java-1.44.0-win32-x64\jre\21.0.8-win32-x86_64\bin\zip.dll
0x00007ffde9530000 - 0x00007ffde9540000 	C:\Users\khoi van\.vscode\extensions\redhat.java-1.44.0-win32-x64\jre\21.0.8-win32-x86_64\bin\net.dll
0x00007ffde80f0000 - 0x00007ffde820e000 	C:\Windows\SYSTEM32\WINHTTP.dll
0x00007ffdf1cc0000 - 0x00007ffdf1d2b000 	C:\Windows\system32\mswsock.dll
0x00007ffde7340000 - 0x00007ffde7356000 	C:\Users\khoi van\.vscode\extensions\redhat.java-1.44.0-win32-x64\jre\21.0.8-win32-x86_64\bin\nio.dll
0x00007ffde9210000 - 0x00007ffde9220000 	c:\Users\khoi van\.vscode\extensions\redhat.java-1.44.0-win32-x64\jre\21.0.8-win32-x86_64\bin\verify.dll
0x00007ffde6640000 - 0x00007ffde6685000 	C:\Users\khoi van\AppData\Roaming\Code\User\globalStorage\redhat.java\1.44.0\config_win\org.eclipse.equinox.launcher\org.eclipse.equinox.launcher.win32.win32.x86_64_1.2.1400.v20250730-1736\eclipse_11913.dll
0x00007ffdf4870000 - 0x00007ffdf4a10000 	C:\Windows\System32\ole32.dll
0x00007ffdf1f90000 - 0x00007ffdf1fab000 	C:\Windows\SYSTEM32\CRYPTSP.dll
0x00007ffdf1690000 - 0x00007ffdf16cb000 	C:\Windows\system32\rsaenh.dll
0x00007ffdf1d60000 - 0x00007ffdf1d8b000 	C:\Windows\SYSTEM32\USERENV.dll
0x00007ffdf2780000 - 0x00007ffdf27a6000 	C:\Windows\SYSTEM32\bcrypt.dll
0x00007ffdf1f80000 - 0x00007ffdf1f8c000 	C:\Windows\SYSTEM32\CRYPTBASE.dll
0x00007ffdf1100000 - 0x00007ffdf1133000 	C:\Windows\SYSTEM32\IPHLPAPI.DLL
0x00007ffdf3840000 - 0x00007ffdf384a000 	C:\Windows\System32\NSI.dll
0x00007ffdb9070000 - 0x00007ffdb90b9000 	C:\Users\khoi van\AppData\Local\Temp\jna--1410877574\jna6467370009874731788.dll
0x00007ffdf56b0000 - 0x00007ffdf56b8000 	C:\Windows\System32\PSAPI.DLL

JVMTI agents:
c:\Users\khoi van\.vscode\extensions\redhat.java-1.44.0-win32-x64\lombok\lombok-1.18.39-4050.jar path:c:\Users\khoi van\.vscode\extensions\redhat.java-1.44.0-win32-x64\jre\21.0.8-win32-x86_64\bin\instrument.dll, loaded, initialized, instrumentlib options:none

dbghelp: loaded successfully - version: 4.0.5 - missing functions: none
symbol engine: initialized successfully - sym options: 0x614 - pdb path: .;c:\Users\khoi van\.vscode\extensions\redhat.java-1.44.0-win32-x64\jre\21.0.8-win32-x86_64\bin;C:\Windows\SYSTEM32;C:\Windows\WinSxS\amd64_microsoft.windows.common-controls_6595b64144ccf1df_6.0.26100.4768_none_3e0c112ce331287c;c:\Users\khoi van\.vscode\extensions\redhat.java-1.44.0-win32-x64\jre\21.0.8-win32-x86_64\bin\server;C:\Users\khoi van\AppData\Roaming\Code\User\globalStorage\redhat.java\1.44.0\config_win\org.eclipse.equinox.launcher\org.eclipse.equinox.launcher.win32.win32.x86_64_1.2.1400.v20250730-1736;C:\Users\khoi van\AppData\Local\Temp\jna--1410877574

VM Arguments:
jvm_args: --add-modules=ALL-SYSTEM --add-opens=java.base/java.util=ALL-UNNAMED --add-opens=java.base/java.lang=ALL-UNNAMED --add-opens=java.base/sun.nio.fs=ALL-UNNAMED -Declipse.application=org.eclipse.jdt.ls.core.id1 -Dosgi.bundles.defaultStartLevel=4 -Declipse.product=org.eclipse.jdt.ls.core.product -Djava.import.generatesMetadataFilesAtProjectRoot=false -DDetectVMInstallationsJob.disabled=true -Dfile.encoding=utf8 -Xlog:disable -Xmx6G -javaagent:c:\Users\khoi van\.vscode\extensions\redhat.java-1.44.0-win32-x64\lombok\lombok-1.18.39-4050.jar -XX:+HeapDumpOnOutOfMemoryError -XX:HeapDumpPath=c:\Users\khoi van\AppData\Roaming\Code\User\workspaceStorage\8d4484f3ca12837ad4209da0b6ca0ea4\redhat.java -Daether.dependencyCollector.impl=bf 
java_command: c:\Users\khoi van\.vscode\extensions\redhat.java-1.44.0-win32-x64\server\plugins\org.eclipse.equinox.launcher_1.7.0.v20250519-0528.jar -configuration c:\Users\khoi van\AppData\Roaming\Code\User\globalStorage\redhat.java\1.44.0\config_win -data c:\Users\khoi van\AppData\Roaming\Code\User\workspaceStorage\8d4484f3ca12837ad4209da0b6ca0ea4\redhat.java\jdt_ws --pipe=\\.\pipe\lsp-fa9dc4c484fe6400a6a3b3604cfd9992-sock
java_class_path (initial): c:\Users\khoi van\.vscode\extensions\redhat.java-1.44.0-win32-x64\server\plugins\org.eclipse.equinox.launcher_1.7.0.v20250519-0528.jar
Launcher Type: SUN_STANDARD

[Global flags]
     intx CICompilerCount                          = 4                                         {product} {ergonomic}
     uint ConcGCThreads                            = 3                                         {product} {ergonomic}
     uint G1ConcRefinementThreads                  = 10                                        {product} {ergonomic}
   size_t G1HeapRegionSize                         = 4194304                                   {product} {ergonomic}
    uintx GCDrainStackTargetSize                   = 64                                        {product} {ergonomic}
     bool HeapDumpOnOutOfMemoryError               = true                                   {manageable} {command line}
    ccstr HeapDumpPath                             = c:\Users\khoi van\AppData\Roaming\Code\User\workspaceStorage\8d4484f3ca12837ad4209da0b6ca0ea4\redhat.java         {manageable} {command line}
   size_t InitialHeapSize                          = 264241152                                 {product} {ergonomic}
   size_t MarkStackSize                            = 4194304                                   {product} {ergonomic}
   size_t MaxHeapSize                              = 6442450944                                {product} {command line}
   size_t MaxNewSize                               = 3862953984                                {product} {ergonomic}
   size_t MinHeapDeltaBytes                        = 4194304                                   {product} {ergonomic}
   size_t MinHeapSize                              = 8388608                                   {product} {ergonomic}
    uintx NonNMethodCodeHeapSize                   = 5839372                                {pd product} {ergonomic}
    uintx NonProfiledCodeHeapSize                  = 122909434                              {pd product} {ergonomic}
    uintx ProfiledCodeHeapSize                     = 122909434                              {pd product} {ergonomic}
    uintx ReservedCodeCacheSize                    = 251658240                              {pd product} {ergonomic}
     bool SegmentedCodeCache                       = true                                      {product} {ergonomic}
   size_t SoftMaxHeapSize                          = 6442450944                             {manageable} {ergonomic}
     bool UseCompressedOops                        = true                           {product lp64_product} {ergonomic}
     bool UseG1GC                                  = true                                      {product} {ergonomic}
     bool UseLargePagesIndividualAllocation        = false                                  {pd product} {ergonomic}

Logging:
Log output configuration:
 #0: stdout all=off uptime,level,tags foldmultilines=false
 #1: stderr all=off uptime,level,tags foldmultilines=false

Environment Variables:
JAVA_HOME=C:\Program Files\Eclipse Adoptium\jdk-17.0.15.6-hotspot\
PATH=C:\Program Files\Eclipse Adoptium\jdk-17.0.15.6-hotspot\bin;C:\Windows\system32;C:\Windows;C:\Windows\System32\Wbem;C:\Windows\System32\WindowsPowerShell\v1.0\;C:\Windows\System32\OpenSSH\;C:\Program Files (x86)\NVIDIA Corporation\PhysX\Common;C:\Program Files\NVIDIA Corporation\NVIDIA NvDLISR;C:\Program Files\Git\cmd;C:\Program Files\TortoiseGit\bin;C:\Users\khoi van\AppData\Local\Programs\Python\Python313\Scripts\;C:\Users\khoi van\AppData\Local\Programs\Python\Python313\;C:\Users\khoi van\AppData\Local\Programs\Python\Launcher\;C:\Users\khoi van\AppData\Local\Microsoft\WindowsApps;C:\Users\khoi van\AppData\Local\Programs\Microsoft VS Code\bin;C:\MinGW\bin;C:\Users\khoi van\AppData\Local\Programs\cursor\resources\app\bin
USERNAME=khoi van
OS=Windows_NT
PROCESSOR_IDENTIFIER=Intel64 Family 6 Model 151 Stepping 2, GenuineIntel
TMP=C:\Users\KHOIVA~1\AppData\Local\Temp
TEMP=C:\Users\KHOIVA~1\AppData\Local\Temp




Periodic native trim disabled

---------------  S Y S T E M  ---------------

OS:
 Windows 11 , 64 bit Build 26100 (10.0.26100.4768)
OS uptime: 8 days 23:08 hours

CPU: total 12 (initial active 12) (6 cores per cpu, 2 threads per core) family 6 model 151 stepping 2 microcode 0x36, cx8, cmov, fxsr, ht, mmx, 3dnowpref, sse, sse2, sse3, ssse3, sse4.1, sse4.2, popcnt, lzcnt, tsc, tscinvbit, avx, avx2, aes, erms, clmul, bmi1, bmi2, adx, sha, fma, vzeroupper, clflush, clflushopt, clwb, serialize, rdtscp, rdpid, fsrm, f16c, pku, cet_ibt, cet_ss
Processor Information for processor 0
  Max Mhz: 2400, Current Mhz: 2400, Mhz Limit: 2400
Processor Information for processor 1
  Max Mhz: 2400, Current Mhz: 2400, Mhz Limit: 2400
Processor Information for processor 2
  Max Mhz: 2400, Current Mhz: 2400, Mhz Limit: 2400
Processor Information for processor 3
  Max Mhz: 2400, Current Mhz: 2400, Mhz Limit: 2400
Processor Information for processor 4
  Max Mhz: 2400, Current Mhz: 2400, Mhz Limit: 2400
Processor Information for processor 5
  Max Mhz: 2400, Current Mhz: 2400, Mhz Limit: 2400
Processor Information for processor 6
  Max Mhz: 2400, Current Mhz: 2400, Mhz Limit: 2400
Processor Information for processor 7
  Max Mhz: 2400, Current Mhz: 2400, Mhz Limit: 2400
Processor Information for processor 8
  Max Mhz: 2400, Current Mhz: 1466, Mhz Limit: 2400
Processor Information for processor 9
  Max Mhz: 2400, Current Mhz: 1466, Mhz Limit: 2400
Processor Information for processor 10
  Max Mhz: 2400, Current Mhz: 1466, Mhz Limit: 2400
Processor Information for processor 11
  Max Mhz: 2400, Current Mhz: 1466, Mhz Limit: 2400

Memory: 4k page, system-wide physical 16091M (1348M free)
TotalPageFile size 55095M (AvailPageFile size 36M)
current process WorkingSet (physical memory assigned to process): 192M, peak: 192M
current process commit charge ("private bytes"): 385M, peak: 386M

vm_info: OpenJDK 64-Bit Server VM (21.0.8+9-LTS) for windows-amd64 JRE (21.0.8+9-LTS), built on 2025-07-15T00:00:00Z by "admin" with MS VC++ 17.7 (VS2022)

END.
